---------------------------------------------------------------
[ 2020-09-11T02:12:12+08:00 ] 101.133.167.231 GET tlhb.wxjoi.com/
[运行时间：0.296313s] [吞吐率：3.37req/s] [内存消耗：3,278.29kb] [文件加载：125]
[ info ] [ BEHAVIOR ] Run Closure @app_init [ RunTime:0.000019s ]
[ info ] [ CACHE ] INIT File
[ info ] [ BEHAVIOR ] Run \addons\epay\Epay @app_init [ RunTime:0.009643s ]
[ info ] [ BEHAVIOR ] Run Closure @app_init [ RunTime:0.009658s ]
[ info ] [ LANG ] /www/wwwroot/tlhb.wxjoi.com/thinkphp/lang/zh-cn.php
[ info ] [ ROUTE ] array (
  'type' => 'module',
  'module' => 
  array (
    0 => '',
    1 => NULL,
    2 => NULL,
  ),
)
[ info ] [ HEADER ] array (
  'accept-language' => 'zh-CN,zh;q=0.8',
  'connection' => 'keep-alive',
  'accept' => 'text/html,application/xhtml+xml,application/xml;q=0.9,image/webp,image/apng,*/*;q=0.8',
  'accept-encoding' => 'gzip, deflate',
  'user-agent' => 'Mozilla/5.0 (Windows NT 10.0; Win64; x64) AppleWebKit/537.36 (KHTML, like Gecko) Chrome/59.0.3071.115 Safari/537.36',
  'host' => 'tlhb.wxjoi.com',
)
[ info ] [ PARAM ] array (
)
[ info ] [ LANG ] /www/wwwroot/tlhb.wxjoi.com/public/../application/index/lang/zh-cn.php
[ info ] [ BEHAVIOR ] Run app\common\behavior\Common @module_init [ RunTime:0.006082s ]
[ info ] [ SESSION ] INIT array (
  'id' => '',
  'var_session_id' => '',
  'prefix' => 'think',
  'type' => '',
  'auto_start' => true,
)
[ info ] [ RUN ] app\index\controller\Index->index[ /www/wwwroot/tlhb.wxjoi.com/application/index/controller/Index.php ]
[ info ] [ DB ] INIT mysql
[ info ] [ VIEW ] /www/wwwroot/tlhb.wxjoi.com/public/../application/index/view/index/index.html [ array (
  0 => 'toppro',
  1 => 'pro',
) ]
[ info ] [ LOG ] INIT File
[ sql ] [ DB ] CONNECT:[ UseTime:0.021261s ] mysql:host=127.0.0.1;dbname=tlhb;charset=utf8
[ sql ] [ SQL ] SHOW COLUMNS FROM `zc_pro` [ RunTime:0.000962s ]
[ sql ] [ SQL ] SELECT * FROM `zc_pro` WHERE  `status` = '1'  AND `topstatus` = '0' ORDER BY `createtime` ASC [ RunTime:0.000384s ]
[ sql ] [ SQL ] SELECT * FROM `zc_pro` WHERE  `id` = 4 LIMIT 1 [ RunTime:0.000291s ]
[ sql ] [ SQL ] SHOW COLUMNS FROM `zc_pro_order` [ RunTime:0.000523s ]
[ sql ] [ SQL ] SELECT * FROM `zc_pro_order` WHERE  `proid` = 4  AND `price` = 50  AND `order_status` > '0' [ RunTime:0.000234s ]
[ sql ] [ SQL ] SELECT * FROM `zc_pro` WHERE  `id` = 3 LIMIT 1 [ RunTime:0.000242s ]
[ sql ] [ SQL ] SELECT * FROM `zc_pro_order` WHERE  `proid` = 3  AND `price` = 50  AND `order_status` > '0' [ RunTime:0.000220s ]
[ sql ] [ SQL ] SELECT * FROM `zc_pro` WHERE  `status` = '1'  AND `topstatus` = '1' LIMIT 1 [ RunTime:0.000284s ]
[ sql ] [ SQL ] SELECT * FROM `zc_pro` WHERE  `id` = 5 LIMIT 1 [ RunTime:0.000240s ]
[ sql ] [ SQL ] SELECT * FROM `zc_pro_order` WHERE  `proid` = 5  AND `price` = 50  AND `order_status` > '0' [ RunTime:0.000196s ]
---------------------------------------------------------------
[ 2020-09-11T02:12:12+08:00 ] 101.133.167.231 GET tlhb.wxjoi.com/explicit_not_exist_path
[运行时间：0.053849s] [吞吐率：18.57req/s] [内存消耗：2,147.15kb] [文件加载：113]
[ info ] [ BEHAVIOR ] Run Closure @app_init [ RunTime:0.000015s ]
[ info ] [ CACHE ] INIT File
[ info ] [ BEHAVIOR ] Run \addons\epay\Epay @app_init [ RunTime:0.001852s ]
[ info ] [ BEHAVIOR ] Run Closure @app_init [ RunTime:0.001865s ]
[ info ] [ LANG ] /www/wwwroot/tlhb.wxjoi.com/thinkphp/lang/zh-cn.php
[ info ] [ ROUTE ] array (
  'type' => 'module',
  'module' => 
  array (
    0 => 'explicit_not_exist_path',
    1 => NULL,
    2 => NULL,
  ),
)
[ info ] [ HEADER ] array (
  'cookie' => 'PHPSESSID=m3sop5pt6sitphm9ieucc2lhn2',
  'accept-language' => 'zh-CN,zh;q=0.8',
  'connection' => 'keep-alive',
  'accept' => 'text/html,application/xhtml+xml,application/xml;q=0.9,image/webp,image/apng,*/*;q=0.8',
  'accept-encoding' => 'gzip, deflate',
  'user-agent' => 'Mozilla/5.0 (Windows NT 10.0; Win64; x64) AppleWebKit/537.36 (KHTML, like Gecko) Chrome/59.0.3071.115 Safari/537.36',
  'host' => 'tlhb.wxjoi.com',
)
[ info ] [ PARAM ] array (
)
[ info ] [ LOG ] INIT File
---------------------------------------------------------------
[ 2020-09-11T02:12:13+08:00 ] 101.133.167.231 GET tlhb.wxjoi.com/index.html
[运行时间：0.035097s] [吞吐率：28.49req/s] [内存消耗：3,280.91kb] [文件加载：125]
[ info ] [ BEHAVIOR ] Run Closure @app_init [ RunTime:0.000018s ]
[ info ] [ CACHE ] INIT File
[ info ] [ BEHAVIOR ] Run \addons\epay\Epay @app_init [ RunTime:0.001900s ]
[ info ] [ BEHAVIOR ] Run Closure @app_init [ RunTime:0.001913s ]
[ info ] [ LANG ] /www/wwwroot/tlhb.wxjoi.com/thinkphp/lang/zh-cn.php
[ info ] [ ROUTE ] array (
  'type' => 'module',
  'module' => 
  array (
    0 => 'index',
    1 => NULL,
    2 => NULL,
  ),
)
[ info ] [ HEADER ] array (
  'cookie' => 'PHPSESSID=m3sop5pt6sitphm9ieucc2lhn2',
  'accept-language' => 'zh-CN,zh;q=0.8',
  'connection' => 'keep-alive',
  'accept' => 'text/html,application/xhtml+xml,application/xml;q=0.9,image/webp,image/apng,*/*;q=0.8',
  'accept-encoding' => 'gzip, deflate',
  'user-agent' => 'Mozilla/5.0 (Windows NT 10.0; Win64; x64) AppleWebKit/537.36 (KHTML, like Gecko) Chrome/59.0.3071.115 Safari/537.36',
  'host' => 'tlhb.wxjoi.com',
)
[ info ] [ PARAM ] array (
)
[ info ] [ LANG ] /www/wwwroot/tlhb.wxjoi.com/public/../application/index/lang/zh-cn.php
[ info ] [ BEHAVIOR ] Run app\common\behavior\Common @module_init [ RunTime:0.001192s ]
[ info ] [ SESSION ] INIT array (
  'id' => '',
  'var_session_id' => '',
  'prefix' => 'think',
  'type' => '',
  'auto_start' => true,
)
[ info ] [ RUN ] app\index\controller\Index->index[ /www/wwwroot/tlhb.wxjoi.com/application/index/controller/Index.php ]
[ info ] [ DB ] INIT mysql
[ info ] [ VIEW ] /www/wwwroot/tlhb.wxjoi.com/public/../application/index/view/index/index.html [ array (
  0 => 'toppro',
  1 => 'pro',
) ]
[ info ] [ LOG ] INIT File
[ sql ] [ DB ] CONNECT:[ UseTime:0.000354s ] mysql:host=127.0.0.1;dbname=tlhb;charset=utf8
[ sql ] [ SQL ] SHOW COLUMNS FROM `zc_pro` [ RunTime:0.000914s ]
[ sql ] [ SQL ] SELECT * FROM `zc_pro` WHERE  `status` = '1'  AND `topstatus` = '0' ORDER BY `createtime` ASC [ RunTime:0.000353s ]
[ sql ] [ SQL ] SELECT * FROM `zc_pro` WHERE  `id` = 4 LIMIT 1 [ RunTime:0.000234s ]
[ sql ] [ SQL ] SHOW COLUMNS FROM `zc_pro_order` [ RunTime:0.000550s ]
[ sql ] [ SQL ] SELECT * FROM `zc_pro_order` WHERE  `proid` = 4  AND `price` = 50  AND `order_status` > '0' [ RunTime:0.000202s ]
[ sql ] [ SQL ] SELECT * FROM `zc_pro` WHERE  `id` = 3 LIMIT 1 [ RunTime:0.000232s ]
[ sql ] [ SQL ] SELECT * FROM `zc_pro_order` WHERE  `proid` = 3  AND `price` = 50  AND `order_status` > '0' [ RunTime:0.000196s ]
[ sql ] [ SQL ] SELECT * FROM `zc_pro` WHERE  `status` = '1'  AND `topstatus` = '1' LIMIT 1 [ RunTime:0.000223s ]
[ sql ] [ SQL ] SELECT * FROM `zc_pro` WHERE  `id` = 5 LIMIT 1 [ RunTime:0.000234s ]
[ sql ] [ SQL ] SELECT * FROM `zc_pro_order` WHERE  `proid` = 5  AND `price` = 50  AND `order_status` > '0' [ RunTime:0.000192s ]
---------------------------------------------------------------
[ 2020-09-11T02:12:13+08:00 ] 101.133.167.231 GET tlhb.wxjoi.com/index.php
[运行时间：0.035263s] [吞吐率：28.36req/s] [内存消耗：3,278.32kb] [文件加载：125]
[ info ] [ BEHAVIOR ] Run Closure @app_init [ RunTime:0.000026s ]
[ info ] [ CACHE ] INIT File
[ info ] [ BEHAVIOR ] Run \addons\epay\Epay @app_init [ RunTime:0.001900s ]
[ info ] [ BEHAVIOR ] Run Closure @app_init [ RunTime:0.001913s ]
[ info ] [ LANG ] /www/wwwroot/tlhb.wxjoi.com/thinkphp/lang/zh-cn.php
[ info ] [ ROUTE ] array (
  'type' => 'module',
  'module' => 
  array (
    0 => '',
    1 => NULL,
    2 => NULL,
  ),
)
[ info ] [ HEADER ] array (
  'cookie' => 'PHPSESSID=m3sop5pt6sitphm9ieucc2lhn2',
  'accept-language' => 'zh-CN,zh;q=0.8',
  'connection' => 'keep-alive',
  'accept' => 'text/html,application/xhtml+xml,application/xml;q=0.9,image/webp,image/apng,*/*;q=0.8',
  'accept-encoding' => 'gzip, deflate',
  'user-agent' => 'Mozilla/5.0 (Windows NT 10.0; Win64; x64) AppleWebKit/537.36 (KHTML, like Gecko) Chrome/59.0.3071.115 Safari/537.36',
  'host' => 'tlhb.wxjoi.com',
)
[ info ] [ PARAM ] array (
)
[ info ] [ LANG ] /www/wwwroot/tlhb.wxjoi.com/public/../application/index/lang/zh-cn.php
[ info ] [ BEHAVIOR ] Run app\common\behavior\Common @module_init [ RunTime:0.001192s ]
[ info ] [ SESSION ] INIT array (
  'id' => '',
  'var_session_id' => '',
  'prefix' => 'think',
  'type' => '',
  'auto_start' => true,
)
[ info ] [ RUN ] app\index\controller\Index->index[ /www/wwwroot/tlhb.wxjoi.com/application/index/controller/Index.php ]
[ info ] [ DB ] INIT mysql
[ info ] [ VIEW ] /www/wwwroot/tlhb.wxjoi.com/public/../application/index/view/index/index.html [ array (
  0 => 'toppro',
  1 => 'pro',
) ]
[ info ] [ LOG ] INIT File
[ sql ] [ DB ] CONNECT:[ UseTime:0.000278s ] mysql:host=127.0.0.1;dbname=tlhb;charset=utf8
[ sql ] [ SQL ] SHOW COLUMNS FROM `zc_pro` [ RunTime:0.000866s ]
[ sql ] [ SQL ] SELECT * FROM `zc_pro` WHERE  `status` = '1'  AND `topstatus` = '0' ORDER BY `createtime` ASC [ RunTime:0.000328s ]
[ sql ] [ SQL ] SELECT * FROM `zc_pro` WHERE  `id` = 4 LIMIT 1 [ RunTime:0.000247s ]
[ sql ] [ SQL ] SHOW COLUMNS FROM `zc_pro_order` [ RunTime:0.000506s ]
[ sql ] [ SQL ] SELECT * FROM `zc_pro_order` WHERE  `proid` = 4  AND `price` = 50  AND `order_status` > '0' [ RunTime:0.000200s ]
[ sql ] [ SQL ] SELECT * FROM `zc_pro` WHERE  `id` = 3 LIMIT 1 [ RunTime:0.000227s ]
[ sql ] [ SQL ] SELECT * FROM `zc_pro_order` WHERE  `proid` = 3  AND `price` = 50  AND `order_status` > '0' [ RunTime:0.000188s ]
[ sql ] [ SQL ] SELECT * FROM `zc_pro` WHERE  `status` = '1'  AND `topstatus` = '1' LIMIT 1 [ RunTime:0.000229s ]
[ sql ] [ SQL ] SELECT * FROM `zc_pro` WHERE  `id` = 5 LIMIT 1 [ RunTime:0.000225s ]
[ sql ] [ SQL ] SELECT * FROM `zc_pro_order` WHERE  `proid` = 5  AND `price` = 50  AND `order_status` > '0' [ RunTime:0.000184s ]
---------------------------------------------------------------
[ 2020-09-11T02:12:13+08:00 ] 101.133.167.231 GET tlhb.wxjoi.com/index.jsp
[运行时间：0.020664s] [吞吐率：48.39req/s] [内存消耗：2,147.09kb] [文件加载：113]
[ info ] [ BEHAVIOR ] Run Closure @app_init [ RunTime:0.000015s ]
[ info ] [ CACHE ] INIT File
[ info ] [ BEHAVIOR ] Run \addons\epay\Epay @app_init [ RunTime:0.001862s ]
[ info ] [ BEHAVIOR ] Run Closure @app_init [ RunTime:0.001874s ]
[ info ] [ LANG ] /www/wwwroot/tlhb.wxjoi.com/thinkphp/lang/zh-cn.php
[ info ] [ ROUTE ] array (
  'type' => 'module',
  'module' => 
  array (
    0 => 'index.jsp',
    1 => NULL,
    2 => NULL,
  ),
)
[ info ] [ HEADER ] array (
  'cookie' => 'PHPSESSID=m3sop5pt6sitphm9ieucc2lhn2',
  'accept-language' => 'zh-CN,zh;q=0.8',
  'connection' => 'keep-alive',
  'accept' => 'text/html,application/xhtml+xml,application/xml;q=0.9,image/webp,image/apng,*/*;q=0.8',
  'accept-encoding' => 'gzip, deflate',
  'user-agent' => 'Mozilla/5.0 (Windows NT 10.0; Win64; x64) AppleWebKit/537.36 (KHTML, like Gecko) Chrome/59.0.3071.115 Safari/537.36',
  'host' => 'tlhb.wxjoi.com',
)
[ info ] [ PARAM ] array (
)
[ info ] [ LOG ] INIT File
---------------------------------------------------------------
[ 2020-09-11T02:12:13+08:00 ] 101.133.167.231 GET tlhb.wxjoi.com/admin/
[运行时间：0.041438s] [吞吐率：24.13req/s] [内存消耗：2,772.05kb] [文件加载：127]
[ info ] [ BEHAVIOR ] Run Closure @app_init [ RunTime:0.000016s ]
[ info ] [ CACHE ] INIT File
[ info ] [ BEHAVIOR ] Run \addons\epay\Epay @app_init [ RunTime:0.001942s ]
[ info ] [ BEHAVIOR ] Run Closure @app_init [ RunTime:0.001955s ]
[ info ] [ LANG ] /www/wwwroot/tlhb.wxjoi.com/thinkphp/lang/zh-cn.php
[ info ] [ ROUTE ] array (
  'type' => 'module',
  'module' => 
  array (
    0 => 'admin',
    1 => NULL,
    2 => NULL,
  ),
)
[ info ] [ HEADER ] array (
  'cookie' => 'PHPSESSID=m3sop5pt6sitphm9ieucc2lhn2',
  'accept-language' => 'zh-CN,zh;q=0.8',
  'connection' => 'keep-alive',
  'accept' => 'text/html,application/xhtml+xml,application/xml;q=0.9,image/webp,image/apng,*/*;q=0.8',
  'accept-encoding' => 'gzip, deflate',
  'user-agent' => 'Mozilla/5.0 (Windows NT 10.0; Win64; x64) AppleWebKit/537.36 (KHTML, like Gecko) Chrome/59.0.3071.115 Safari/537.36',
  'host' => 'tlhb.wxjoi.com',
)
[ info ] [ PARAM ] array (
)
[ info ] [ LANG ] /www/wwwroot/tlhb.wxjoi.com/public/../application/admin/lang/zh-cn.php
[ info ] [ BEHAVIOR ] Run app\common\behavior\Common @module_init [ RunTime:0.001274s ]
[ info ] [ SESSION ] INIT array (
  'id' => '',
  'var_session_id' => '',
  'prefix' => 'think',
  'type' => '',
  'auto_start' => true,
)
[ info ] [ VIEW ] /www/wwwroot/tlhb.wxjoi.com/public/../application/common/view/tpl/dispatch_jump.tpl [ array (
  0 => 'code',
  1 => 'msg',
  2 => 'data',
  3 => 'url',
  4 => 'wait',
) ]
[ info ] [ BEHAVIOR ] Run app\admin\behavior\AdminLog @app_end [ RunTime:0.001411s ]
[ info ] [ LOG ] INIT File
---------------------------------------------------------------
[ 2020-09-11T02:12:14+08:00 ] 101.133.167.231 GET tlhb.wxjoi.com/favicon.ico
[运行时间：0.021247s] [吞吐率：47.07req/s] [内存消耗：2,147.09kb] [文件加载：113]
[ info ] [ BEHAVIOR ] Run Closure @app_init [ RunTime:0.000018s ]
[ info ] [ CACHE ] INIT File
[ info ] [ BEHAVIOR ] Run \addons\epay\Epay @app_init [ RunTime:0.001989s ]
[ info ] [ BEHAVIOR ] Run Closure @app_init [ RunTime:0.002002s ]
[ info ] [ LANG ] /www/wwwroot/tlhb.wxjoi.com/thinkphp/lang/zh-cn.php
[ info ] [ ROUTE ] array (
  'type' => 'module',
  'module' => 
  array (
    0 => 'favicon.ico',
    1 => NULL,
    2 => NULL,
  ),
)
[ info ] [ HEADER ] array (
  'cookie' => 'PHPSESSID=m3sop5pt6sitphm9ieucc2lhn2',
  'accept-language' => 'zh-CN,zh;q=0.8',
  'connection' => 'keep-alive',
  'accept' => 'text/html,application/xhtml+xml,application/xml;q=0.9,image/webp,image/apng,*/*;q=0.8',
  'accept-encoding' => 'gzip, deflate',
  'user-agent' => 'Mozilla/5.0 (Windows NT 10.0; Win64; x64) AppleWebKit/537.36 (KHTML, like Gecko) Chrome/59.0.3071.115 Safari/537.36',
  'host' => 'tlhb.wxjoi.com',
)
[ info ] [ PARAM ] array (
)
[ info ] [ LOG ] INIT File
---------------------------------------------------------------
[ 2020-09-11T02:12:14+08:00 ] 101.133.167.231 GET tlhb.wxjoi.com/wp-login.php
[运行时间：0.021179s] [吞吐率：47.22req/s] [内存消耗：2,147.09kb] [文件加载：113]
[ info ] [ BEHAVIOR ] Run Closure @app_init [ RunTime:0.000015s ]
[ info ] [ CACHE ] INIT File
[ info ] [ BEHAVIOR ] Run \addons\epay\Epay @app_init [ RunTime:0.001935s ]
[ info ] [ BEHAVIOR ] Run Closure @app_init [ RunTime:0.001948s ]
[ info ] [ LANG ] /www/wwwroot/tlhb.wxjoi.com/thinkphp/lang/zh-cn.php
[ info ] [ ROUTE ] array (
  'type' => 'module',
  'module' => 
  array (
    0 => 'wp-login.php',
    1 => NULL,
    2 => NULL,
  ),
)
[ info ] [ HEADER ] array (
  'cookie' => 'PHPSESSID=m3sop5pt6sitphm9ieucc2lhn2',
  'accept-language' => 'zh-CN,zh;q=0.8',
  'connection' => 'keep-alive',
  'accept' => 'text/html,application/xhtml+xml,application/xml;q=0.9,image/webp,image/apng,*/*;q=0.8',
  'accept-encoding' => 'gzip, deflate',
  'user-agent' => 'Mozilla/5.0 (Windows NT 10.0; Win64; x64) AppleWebKit/537.36 (KHTML, like Gecko) Chrome/59.0.3071.115 Safari/537.36',
  'host' => 'tlhb.wxjoi.com',
)
[ info ] [ PARAM ] array (
)
[ info ] [ LOG ] INIT File
---------------------------------------------------------------
[ 2020-09-11T02:12:14+08:00 ] 101.133.167.231 GET tlhb.wxjoi.com/readme.html
[运行时间：0.020473s] [吞吐率：48.84req/s] [内存消耗：2,147.13kb] [文件加载：113]
[ info ] [ BEHAVIOR ] Run Closure @app_init [ RunTime:0.000014s ]
[ info ] [ CACHE ] INIT File
[ info ] [ BEHAVIOR ] Run \addons\epay\Epay @app_init [ RunTime:0.001838s ]
[ info ] [ BEHAVIOR ] Run Closure @app_init [ RunTime:0.001851s ]
[ info ] [ LANG ] /www/wwwroot/tlhb.wxjoi.com/thinkphp/lang/zh-cn.php
[ info ] [ ROUTE ] array (
  'type' => 'module',
  'module' => 
  array (
    0 => 'readme',
    1 => NULL,
    2 => NULL,
  ),
)
[ info ] [ HEADER ] array (
  'cookie' => 'PHPSESSID=m3sop5pt6sitphm9ieucc2lhn2',
  'accept-language' => 'zh-CN,zh;q=0.8',
  'connection' => 'keep-alive',
  'accept' => 'text/html,application/xhtml+xml,application/xml;q=0.9,image/webp,image/apng,*/*;q=0.8',
  'accept-encoding' => 'gzip, deflate',
  'user-agent' => 'Mozilla/5.0 (Windows NT 10.0; Win64; x64) AppleWebKit/537.36 (KHTML, like Gecko) Chrome/59.0.3071.115 Safari/537.36',
  'host' => 'tlhb.wxjoi.com',
)
[ info ] [ PARAM ] array (
)
[ info ] [ LOG ] INIT File
---------------------------------------------------------------
[ 2020-09-11T02:12:14+08:00 ] 101.133.167.231 GET tlhb.wxjoi.com/license.txt
[运行时间：0.020476s] [吞吐率：48.84req/s] [内存消耗：2,147.09kb] [文件加载：113]
[ info ] [ BEHAVIOR ] Run Closure @app_init [ RunTime:0.000014s ]
[ info ] [ CACHE ] INIT File
[ info ] [ BEHAVIOR ] Run \addons\epay\Epay @app_init [ RunTime:0.001820s ]
[ info ] [ BEHAVIOR ] Run Closure @app_init [ RunTime:0.001832s ]
[ info ] [ LANG ] /www/wwwroot/tlhb.wxjoi.com/thinkphp/lang/zh-cn.php
[ info ] [ ROUTE ] array (
  'type' => 'module',
  'module' => 
  array (
    0 => 'license.txt',
    1 => NULL,
    2 => NULL,
  ),
)
[ info ] [ HEADER ] array (
  'cookie' => 'PHPSESSID=m3sop5pt6sitphm9ieucc2lhn2',
  'accept-language' => 'zh-CN,zh;q=0.8',
  'connection' => 'keep-alive',
  'accept' => 'text/html,application/xhtml+xml,application/xml;q=0.9,image/webp,image/apng,*/*;q=0.8',
  'accept-encoding' => 'gzip, deflate',
  'user-agent' => 'Mozilla/5.0 (Windows NT 10.0; Win64; x64) AppleWebKit/537.36 (KHTML, like Gecko) Chrome/59.0.3071.115 Safari/537.36',
  'host' => 'tlhb.wxjoi.com',
)
[ info ] [ PARAM ] array (
)
[ info ] [ LOG ] INIT File
---------------------------------------------------------------
[ 2020-09-11T02:12:14+08:00 ] 101.133.167.231 GET tlhb.wxjoi.com/wp-includes/js/wplink.js
[运行时间：0.021185s] [吞吐率：47.20req/s] [内存消耗：2,147.23kb] [文件加载：113]
[ info ] [ BEHAVIOR ] Run Closure @app_init [ RunTime:0.000015s ]
[ info ] [ CACHE ] INIT File
[ info ] [ BEHAVIOR ] Run \addons\epay\Epay @app_init [ RunTime:0.001892s ]
[ info ] [ BEHAVIOR ] Run Closure @app_init [ RunTime:0.001905s ]
[ info ] [ LANG ] /www/wwwroot/tlhb.wxjoi.com/thinkphp/lang/zh-cn.php
[ info ] [ ROUTE ] array (
  'type' => 'module',
  'module' => 
  array (
    0 => 'wp-includes',
    1 => 'js',
    2 => 'wplink.js',
  ),
)
[ info ] [ HEADER ] array (
  'cookie' => 'PHPSESSID=m3sop5pt6sitphm9ieucc2lhn2',
  'accept-language' => 'zh-CN,zh;q=0.8',
  'connection' => 'keep-alive',
  'accept' => 'text/html,application/xhtml+xml,application/xml;q=0.9,image/webp,image/apng,*/*;q=0.8',
  'accept-encoding' => 'gzip, deflate',
  'user-agent' => 'Mozilla/5.0 (Windows NT 10.0; Win64; x64) AppleWebKit/537.36 (KHTML, like Gecko) Chrome/59.0.3071.115 Safari/537.36',
  'host' => 'tlhb.wxjoi.com',
)
[ info ] [ PARAM ] array (
)
[ info ] [ LOG ] INIT File
---------------------------------------------------------------
[ 2020-09-11T02:12:14+08:00 ] 101.133.167.231 GET tlhb.wxjoi.com/wp-admin/js/customize-controls.js
[运行时间：0.020662s] [吞吐率：48.40req/s] [内存消耗：2,147.27kb] [文件加载：113]
[ info ] [ BEHAVIOR ] Run Closure @app_init [ RunTime:0.000014s ]
[ info ] [ CACHE ] INIT File
[ info ] [ BEHAVIOR ] Run \addons\epay\Epay @app_init [ RunTime:0.001844s ]
[ info ] [ BEHAVIOR ] Run Closure @app_init [ RunTime:0.001856s ]
[ info ] [ LANG ] /www/wwwroot/tlhb.wxjoi.com/thinkphp/lang/zh-cn.php
[ info ] [ ROUTE ] array (
  'type' => 'module',
  'module' => 
  array (
    0 => 'wp-admin',
    1 => 'js',
    2 => 'customize-controls.js',
  ),
)
[ info ] [ HEADER ] array (
  'cookie' => 'PHPSESSID=m3sop5pt6sitphm9ieucc2lhn2',
  'accept-language' => 'zh-CN,zh;q=0.8',
  'connection' => 'keep-alive',
  'accept' => 'text/html,application/xhtml+xml,application/xml;q=0.9,image/webp,image/apng,*/*;q=0.8',
  'accept-encoding' => 'gzip, deflate',
  'user-agent' => 'Mozilla/5.0 (Windows NT 10.0; Win64; x64) AppleWebKit/537.36 (KHTML, like Gecko) Chrome/59.0.3071.115 Safari/537.36',
  'host' => 'tlhb.wxjoi.com',
)
[ info ] [ PARAM ] array (
)
[ info ] [ LOG ] INIT File
---------------------------------------------------------------
[ 2020-09-11T02:12:14+08:00 ] 101.133.167.231 GET tlhb.wxjoi.com/wp-admin/js/nav-menu.js
[运行时间：0.022184s] [吞吐率：45.08req/s] [内存消耗：2,147.23kb] [文件加载：113]
[ info ] [ BEHAVIOR ] Run Closure @app_init [ RunTime:0.000015s ]
[ info ] [ CACHE ] INIT File
[ info ] [ BEHAVIOR ] Run \addons\epay\Epay @app_init [ RunTime:0.001888s ]
[ info ] [ BEHAVIOR ] Run Closure @app_init [ RunTime:0.001901s ]
[ info ] [ LANG ] /www/wwwroot/tlhb.wxjoi.com/thinkphp/lang/zh-cn.php
[ info ] [ ROUTE ] array (
  'type' => 'module',
  'module' => 
  array (
    0 => 'wp-admin',
    1 => 'js',
    2 => 'nav-menu.js',
  ),
)
[ info ] [ HEADER ] array (
  'cookie' => 'PHPSESSID=m3sop5pt6sitphm9ieucc2lhn2',
  'accept-language' => 'zh-CN,zh;q=0.8',
  'connection' => 'keep-alive',
  'accept' => 'text/html,application/xhtml+xml,application/xml;q=0.9,image/webp,image/apng,*/*;q=0.8',
  'accept-encoding' => 'gzip, deflate',
  'user-agent' => 'Mozilla/5.0 (Windows NT 10.0; Win64; x64) AppleWebKit/537.36 (KHTML, like Gecko) Chrome/59.0.3071.115 Safari/537.36',
  'host' => 'tlhb.wxjoi.com',
)
[ info ] [ PARAM ] array (
)
[ info ] [ LOG ] INIT File
---------------------------------------------------------------
[ 2020-09-11T02:12:14+08:00 ] 101.133.167.231 GET tlhb.wxjoi.com/wp-includes/js/plupload/handlers.js
[运行时间：0.020693s] [吞吐率：48.33req/s] [内存消耗：2,147.23kb] [文件加载：113]
[ info ] [ BEHAVIOR ] Run Closure @app_init [ RunTime:0.000014s ]
[ info ] [ CACHE ] INIT File
[ info ] [ BEHAVIOR ] Run \addons\epay\Epay @app_init [ RunTime:0.001913s ]
[ info ] [ BEHAVIOR ] Run Closure @app_init [ RunTime:0.001925s ]
[ info ] [ LANG ] /www/wwwroot/tlhb.wxjoi.com/thinkphp/lang/zh-cn.php
[ info ] [ ROUTE ] array (
  'type' => 'module',
  'module' => 
  array (
    0 => 'wp-includes',
    1 => 'js',
    2 => 'plupload',
  ),
)
[ info ] [ HEADER ] array (
  'cookie' => 'PHPSESSID=m3sop5pt6sitphm9ieucc2lhn2',
  'accept-language' => 'zh-CN,zh;q=0.8',
  'connection' => 'keep-alive',
  'accept' => 'text/html,application/xhtml+xml,application/xml;q=0.9,image/webp,image/apng,*/*;q=0.8',
  'accept-encoding' => 'gzip, deflate',
  'user-agent' => 'Mozilla/5.0 (Windows NT 10.0; Win64; x64) AppleWebKit/537.36 (KHTML, like Gecko) Chrome/59.0.3071.115 Safari/537.36',
  'host' => 'tlhb.wxjoi.com',
)
[ info ] [ PARAM ] array (
)
[ info ] [ LOG ] INIT File
---------------------------------------------------------------
[ 2020-09-11T02:12:14+08:00 ] 101.133.167.231 GET tlhb.wxjoi.com/wp-includes/js/tinymce/wp-tinymce.js.gz
[运行时间：0.021188s] [吞吐率：47.20req/s] [内存消耗：2,147.22kb] [文件加载：113]
[ info ] [ BEHAVIOR ] Run Closure @app_init [ RunTime:0.000015s ]
[ info ] [ CACHE ] INIT File
[ info ] [ BEHAVIOR ] Run \addons\epay\Epay @app_init [ RunTime:0.001872s ]
[ info ] [ BEHAVIOR ] Run Closure @app_init [ RunTime:0.001900s ]
[ info ] [ LANG ] /www/wwwroot/tlhb.wxjoi.com/thinkphp/lang/zh-cn.php
[ info ] [ ROUTE ] array (
  'type' => 'module',
  'module' => 
  array (
    0 => 'wp-includes',
    1 => 'js',
    2 => 'tinymce',
  ),
)
[ info ] [ HEADER ] array (
  'cookie' => 'PHPSESSID=m3sop5pt6sitphm9ieucc2lhn2',
  'accept-language' => 'zh-CN,zh;q=0.8',
  'connection' => 'keep-alive',
  'accept' => 'text/html,application/xhtml+xml,application/xml;q=0.9,image/webp,image/apng,*/*;q=0.8',
  'accept-encoding' => 'gzip, deflate',
  'user-agent' => 'Mozilla/5.0 (Windows NT 10.0; Win64; x64) AppleWebKit/537.36 (KHTML, like Gecko) Chrome/59.0.3071.115 Safari/537.36',
  'host' => 'tlhb.wxjoi.com',
)
[ info ] [ PARAM ] array (
)
[ info ] [ LOG ] INIT File
---------------------------------------------------------------
[ 2020-09-11T02:12:14+08:00 ] 101.133.167.231 GET tlhb.wxjoi.com/index.php/explicit_not_exist_path
[运行时间：0.022107s] [吞吐率：45.23req/s] [内存消耗：2,144.61kb] [文件加载：113]
[ info ] [ BEHAVIOR ] Run Closure @app_init [ RunTime:0.000016s ]
[ info ] [ CACHE ] INIT File
[ info ] [ BEHAVIOR ] Run \addons\epay\Epay @app_init [ RunTime:0.001908s ]
[ info ] [ BEHAVIOR ] Run Closure @app_init [ RunTime:0.001921s ]
[ info ] [ LANG ] /www/wwwroot/tlhb.wxjoi.com/thinkphp/lang/zh-cn.php
[ info ] [ ROUTE ] array (
  'type' => 'module',
  'module' => 
  array (
    0 => 'explicit_not_exist_path',
    1 => NULL,
    2 => NULL,
  ),
)
[ info ] [ HEADER ] array (
  'cookie' => 'PHPSESSID=m3sop5pt6sitphm9ieucc2lhn2',
  'accept-language' => 'zh-CN,zh;q=0.8',
  'connection' => 'keep-alive',
  'accept' => 'text/html,application/xhtml+xml,application/xml;q=0.9,image/webp,image/apng,*/*;q=0.8',
  'accept-encoding' => 'gzip, deflate',
  'user-agent' => 'Mozilla/5.0 (Windows NT 10.0; Win64; x64) AppleWebKit/537.36 (KHTML, like Gecko) Chrome/59.0.3071.115 Safari/537.36',
  'host' => 'tlhb.wxjoi.com',
)
[ info ] [ PARAM ] array (
)
[ info ] [ LOG ] INIT File
---------------------------------------------------------------
[ 2020-09-11T02:12:14+08:00 ] 101.133.167.231 GET tlhb.wxjoi.com/static/.gitignore
[运行时间：0.021834s] [吞吐率：45.80req/s] [内存消耗：2,147.19kb] [文件加载：113]
[ info ] [ BEHAVIOR ] Run Closure @app_init [ RunTime:0.000016s ]
[ info ] [ CACHE ] INIT File
[ info ] [ BEHAVIOR ] Run \addons\epay\Epay @app_init [ RunTime:0.001960s ]
[ info ] [ BEHAVIOR ] Run Closure @app_init [ RunTime:0.001973s ]
[ info ] [ LANG ] /www/wwwroot/tlhb.wxjoi.com/thinkphp/lang/zh-cn.php
[ info ] [ ROUTE ] array (
  'type' => 'module',
  'module' => 
  array (
    0 => 'static',
    1 => '.gitignore',
    2 => NULL,
  ),
)
[ info ] [ HEADER ] array (
  'cookie' => 'PHPSESSID=m3sop5pt6sitphm9ieucc2lhn2',
  'accept-language' => 'zh-CN,zh;q=0.8',
  'connection' => 'keep-alive',
  'accept' => 'text/html,application/xhtml+xml,application/xml;q=0.9,image/webp,image/apng,*/*;q=0.8',
  'accept-encoding' => 'gzip, deflate',
  'user-agent' => 'Mozilla/5.0 (Windows NT 10.0; Win64; x64) AppleWebKit/537.36 (KHTML, like Gecko) Chrome/59.0.3071.115 Safari/537.36',
  'host' => 'tlhb.wxjoi.com',
)
[ info ] [ PARAM ] array (
)
[ info ] [ LOG ] INIT File
---------------------------------------------------------------
[ 2020-09-11T02:12:14+08:00 ] 101.133.167.231 GET tlhb.wxjoi.com/4e5e5d7364f443e28fbf0d3ae744a59a
[运行时间：0.021121s] [吞吐率：47.35req/s] [内存消耗：2,147.15kb] [文件加载：113]
[ info ] [ BEHAVIOR ] Run Closure @app_init [ RunTime:0.000015s ]
[ info ] [ CACHE ] INIT File
[ info ] [ BEHAVIOR ] Run \addons\epay\Epay @app_init [ RunTime:0.001915s ]
[ info ] [ BEHAVIOR ] Run Closure @app_init [ RunTime:0.001928s ]
[ info ] [ LANG ] /www/wwwroot/tlhb.wxjoi.com/thinkphp/lang/zh-cn.php
[ info ] [ ROUTE ] array (
  'type' => 'module',
  'module' => 
  array (
    0 => '4e5e5d7364f443e28fbf0d3ae744a59a',
    1 => NULL,
    2 => NULL,
  ),
)
[ info ] [ HEADER ] array (
  'cookie' => 'PHPSESSID=m3sop5pt6sitphm9ieucc2lhn2',
  'accept-language' => 'zh-CN,zh;q=0.8',
  'connection' => 'keep-alive',
  'accept' => 'text/html,application/xhtml+xml,application/xml;q=0.9,image/webp,image/apng,*/*;q=0.8',
  'accept-encoding' => 'gzip, deflate',
  'user-agent' => 'Mozilla/5.0 (Windows NT 10.0; Win64; x64) AppleWebKit/537.36 (KHTML, like Gecko) Chrome/59.0.3071.115 Safari/537.36',
  'host' => 'tlhb.wxjoi.com',
)
[ info ] [ PARAM ] array (
)
[ info ] [ LOG ] INIT File
---------------------------------------------------------------
[ 2020-09-11T02:12:14+08:00 ] 101.133.167.231 GET tlhb.wxjoi.com/?c=4e5e5d7364f443e28fbf0d3ae744a59a
[运行时间：0.034265s] [吞吐率：29.18req/s] [内存消耗：3,279.07kb] [文件加载：125]
[ info ] [ BEHAVIOR ] Run Closure @app_init [ RunTime:0.000015s ]
[ info ] [ CACHE ] INIT File
[ info ] [ BEHAVIOR ] Run \addons\epay\Epay @app_init [ RunTime:0.001874s ]
[ info ] [ BEHAVIOR ] Run Closure @app_init [ RunTime:0.001886s ]
[ info ] [ LANG ] /www/wwwroot/tlhb.wxjoi.com/thinkphp/lang/zh-cn.php
[ info ] [ ROUTE ] array (
  'type' => 'module',
  'module' => 
  array (
    0 => '',
    1 => NULL,
    2 => NULL,
  ),
)
[ info ] [ HEADER ] array (
  'cookie' => 'PHPSESSID=m3sop5pt6sitphm9ieucc2lhn2',
  'accept-language' => 'zh-CN,zh;q=0.8',
  'connection' => 'keep-alive',
  'accept' => 'text/html,application/xhtml+xml,application/xml;q=0.9,image/webp,image/apng,*/*;q=0.8',
  'accept-encoding' => 'gzip, deflate',
  'user-agent' => 'Mozilla/5.0 (Windows NT 10.0; Win64; x64) AppleWebKit/537.36 (KHTML, like Gecko) Chrome/59.0.3071.115 Safari/537.36',
  'host' => 'tlhb.wxjoi.com',
)
[ info ] [ PARAM ] array (
  'c' => '4e5e5d7364f443e28fbf0d3ae744a59a',
)
[ info ] [ LANG ] /www/wwwroot/tlhb.wxjoi.com/public/../application/index/lang/zh-cn.php
[ info ] [ BEHAVIOR ] Run app\common\behavior\Common @module_init [ RunTime:0.001207s ]
[ info ] [ SESSION ] INIT array (
  'id' => '',
  'var_session_id' => '',
  'prefix' => 'think',
  'type' => '',
  'auto_start' => true,
)
[ info ] [ RUN ] app\index\controller\Index->index[ /www/wwwroot/tlhb.wxjoi.com/application/index/controller/Index.php ]
[ info ] [ DB ] INIT mysql
[ info ] [ VIEW ] /www/wwwroot/tlhb.wxjoi.com/public/../application/index/view/index/index.html [ array (
  0 => 'toppro',
  1 => 'pro',
) ]
[ info ] [ LOG ] INIT File
[ sql ] [ DB ] CONNECT:[ UseTime:0.000359s ] mysql:host=127.0.0.1;dbname=tlhb;charset=utf8
[ sql ] [ SQL ] SHOW COLUMNS FROM `zc_pro` [ RunTime:0.000945s ]
[ sql ] [ SQL ] SELECT * FROM `zc_pro` WHERE  `status` = '1'  AND `topstatus` = '0' ORDER BY `createtime` ASC [ RunTime:0.000346s ]
[ sql ] [ SQL ] SELECT * FROM `zc_pro` WHERE  `id` = 4 LIMIT 1 [ RunTime:0.000260s ]
[ sql ] [ SQL ] SHOW COLUMNS FROM `zc_pro_order` [ RunTime:0.000598s ]
[ sql ] [ SQL ] SELECT * FROM `zc_pro_order` WHERE  `proid` = 4  AND `price` = 50  AND `order_status` > '0' [ RunTime:0.000225s ]
[ sql ] [ SQL ] SELECT * FROM `zc_pro` WHERE  `id` = 3 LIMIT 1 [ RunTime:0.000223s ]
[ sql ] [ SQL ] SELECT * FROM `zc_pro_order` WHERE  `proid` = 3  AND `price` = 50  AND `order_status` > '0' [ RunTime:0.000203s ]
[ sql ] [ SQL ] SELECT * FROM `zc_pro` WHERE  `status` = '1'  AND `topstatus` = '1' LIMIT 1 [ RunTime:0.000242s ]
[ sql ] [ SQL ] SELECT * FROM `zc_pro` WHERE  `id` = 5 LIMIT 1 [ RunTime:0.000224s ]
[ sql ] [ SQL ] SELECT * FROM `zc_pro_order` WHERE  `proid` = 5  AND `price` = 50  AND `order_status` > '0' [ RunTime:0.000198s ]
---------------------------------------------------------------
[ 2020-09-11T02:12:14+08:00 ] 101.133.167.231 GET tlhb.wxjoi.com/include/calendar/img.gif
[运行时间：0.021193s] [吞吐率：47.19req/s] [内存消耗：2,147.22kb] [文件加载：113]
[ info ] [ BEHAVIOR ] Run Closure @app_init [ RunTime:0.000015s ]
[ info ] [ CACHE ] INIT File
[ info ] [ BEHAVIOR ] Run \addons\epay\Epay @app_init [ RunTime:0.001892s ]
[ info ] [ BEHAVIOR ] Run Closure @app_init [ RunTime:0.001906s ]
[ info ] [ LANG ] /www/wwwroot/tlhb.wxjoi.com/thinkphp/lang/zh-cn.php
[ info ] [ ROUTE ] array (
  'type' => 'module',
  'module' => 
  array (
    0 => 'include',
    1 => 'calendar',
    2 => 'img.gif',
  ),
)
[ info ] [ HEADER ] array (
  'cookie' => 'PHPSESSID=m3sop5pt6sitphm9ieucc2lhn2',
  'accept-language' => 'zh-CN,zh;q=0.8',
  'connection' => 'keep-alive',
  'accept' => 'text/html,application/xhtml+xml,application/xml;q=0.9,image/webp,image/apng,*/*;q=0.8',
  'accept-encoding' => 'gzip, deflate',
  'user-agent' => 'Mozilla/5.0 (Windows NT 10.0; Win64; x64) AppleWebKit/537.36 (KHTML, like Gecko) Chrome/59.0.3071.115 Safari/537.36',
  'host' => 'tlhb.wxjoi.com',
)
[ info ] [ PARAM ] array (
)
[ info ] [ LOG ] INIT File
---------------------------------------------------------------
[ 2020-09-11T02:12:14+08:00 ] 101.133.167.231 GET tlhb.wxjoi.com/include/dialog/img/img.gif
[运行时间：0.022009s] [吞吐率：45.44req/s] [内存消耗：2,147.18kb] [文件加载：113]
[ info ] [ BEHAVIOR ] Run Closure @app_init [ RunTime:0.000033s ]
[ info ] [ CACHE ] INIT File
[ info ] [ BEHAVIOR ] Run \addons\epay\Epay @app_init [ RunTime:0.001881s ]
[ info ] [ BEHAVIOR ] Run Closure @app_init [ RunTime:0.001894s ]
[ info ] [ LANG ] /www/wwwroot/tlhb.wxjoi.com/thinkphp/lang/zh-cn.php
[ info ] [ ROUTE ] array (
  'type' => 'module',
  'module' => 
  array (
    0 => 'include',
    1 => 'dialog',
    2 => 'img',
  ),
)
[ info ] [ HEADER ] array (
  'cookie' => 'PHPSESSID=m3sop5pt6sitphm9ieucc2lhn2',
  'accept-language' => 'zh-CN,zh;q=0.8',
  'connection' => 'keep-alive',
  'accept' => 'text/html,application/xhtml+xml,application/xml;q=0.9,image/webp,image/apng,*/*;q=0.8',
  'accept-encoding' => 'gzip, deflate',
  'user-agent' => 'Mozilla/5.0 (Windows NT 10.0; Win64; x64) AppleWebKit/537.36 (KHTML, like Gecko) Chrome/59.0.3071.115 Safari/537.36',
  'host' => 'tlhb.wxjoi.com',
)
[ info ] [ PARAM ] array (
)
[ info ] [ LOG ] INIT File
---------------------------------------------------------------
[ 2020-09-11T02:12:14+08:00 ] 101.133.167.231 GET tlhb.wxjoi.com/plus/img/channellist.gif
[运行时间：0.022331s] [吞吐率：44.78req/s] [内存消耗：2,147.22kb] [文件加载：113]
[ info ] [ BEHAVIOR ] Run Closure @app_init [ RunTime:0.000016s ]
[ info ] [ CACHE ] INIT File
[ info ] [ BEHAVIOR ] Run \addons\epay\Epay @app_init [ RunTime:0.001891s ]
[ info ] [ BEHAVIOR ] Run Closure @app_init [ RunTime:0.001904s ]
[ info ] [ LANG ] /www/wwwroot/tlhb.wxjoi.com/thinkphp/lang/zh-cn.php
[ info ] [ ROUTE ] array (
  'type' => 'module',
  'module' => 
  array (
    0 => 'plus',
    1 => 'img',
    2 => 'channellist.gif',
  ),
)
[ info ] [ HEADER ] array (
  'cookie' => 'PHPSESSID=m3sop5pt6sitphm9ieucc2lhn2',
  'accept-language' => 'zh-CN,zh;q=0.8',
  'connection' => 'keep-alive',
  'accept' => 'text/html,application/xhtml+xml,application/xml;q=0.9,image/webp,image/apng,*/*;q=0.8',
  'accept-encoding' => 'gzip, deflate',
  'user-agent' => 'Mozilla/5.0 (Windows NT 10.0; Win64; x64) AppleWebKit/537.36 (KHTML, like Gecko) Chrome/59.0.3071.115 Safari/537.36',
  'host' => 'tlhb.wxjoi.com',
)
[ info ] [ PARAM ] array (
)
[ info ] [ LOG ] INIT File
---------------------------------------------------------------
[ 2020-09-11T02:12:14+08:00 ] 101.133.167.231 GET tlhb.wxjoi.com/templets/system/channel_list.htm
[运行时间：0.020436s] [吞吐率：48.93req/s] [内存消耗：2,147.27kb] [文件加载：113]
[ info ] [ BEHAVIOR ] Run Closure @app_init [ RunTime:0.000015s ]
[ info ] [ CACHE ] INIT File
[ info ] [ BEHAVIOR ] Run \addons\epay\Epay @app_init [ RunTime:0.001795s ]
[ info ] [ BEHAVIOR ] Run Closure @app_init [ RunTime:0.001807s ]
[ info ] [ LANG ] /www/wwwroot/tlhb.wxjoi.com/thinkphp/lang/zh-cn.php
[ info ] [ ROUTE ] array (
  'type' => 'module',
  'module' => 
  array (
    0 => 'templets',
    1 => 'system',
    2 => 'channel_list.htm',
  ),
)
[ info ] [ HEADER ] array (
  'cookie' => 'PHPSESSID=m3sop5pt6sitphm9ieucc2lhn2',
  'accept-language' => 'zh-CN,zh;q=0.8',
  'connection' => 'keep-alive',
  'accept' => 'text/html,application/xhtml+xml,application/xml;q=0.9,image/webp,image/apng,*/*;q=0.8',
  'accept-encoding' => 'gzip, deflate',
  'user-agent' => 'Mozilla/5.0 (Windows NT 10.0; Win64; x64) AppleWebKit/537.36 (KHTML, like Gecko) Chrome/59.0.3071.115 Safari/537.36',
  'host' => 'tlhb.wxjoi.com',
)
[ info ] [ PARAM ] array (
)
[ info ] [ LOG ] INIT File
---------------------------------------------------------------
[ 2020-09-11T02:12:14+08:00 ] 101.133.167.231 GET tlhb.wxjoi.com/templets/system/part_type_list.htm
[运行时间：0.021199s] [吞吐率：47.17req/s] [内存消耗：2,147.27kb] [文件加载：113]
[ info ] [ BEHAVIOR ] Run Closure @app_init [ RunTime:0.000015s ]
[ info ] [ CACHE ] INIT File
[ info ] [ BEHAVIOR ] Run \addons\epay\Epay @app_init [ RunTime:0.001908s ]
[ info ] [ BEHAVIOR ] Run Closure @app_init [ RunTime:0.001921s ]
[ info ] [ LANG ] /www/wwwroot/tlhb.wxjoi.com/thinkphp/lang/zh-cn.php
[ info ] [ ROUTE ] array (
  'type' => 'module',
  'module' => 
  array (
    0 => 'templets',
    1 => 'system',
    2 => 'part_type_list.htm',
  ),
)
[ info ] [ HEADER ] array (
  'cookie' => 'PHPSESSID=m3sop5pt6sitphm9ieucc2lhn2',
  'accept-language' => 'zh-CN,zh;q=0.8',
  'connection' => 'keep-alive',
  'accept' => 'text/html,application/xhtml+xml,application/xml;q=0.9,image/webp,image/apng,*/*;q=0.8',
  'accept-encoding' => 'gzip, deflate',
  'user-agent' => 'Mozilla/5.0 (Windows NT 10.0; Win64; x64) AppleWebKit/537.36 (KHTML, like Gecko) Chrome/59.0.3071.115 Safari/537.36',
  'host' => 'tlhb.wxjoi.com',
)
[ info ] [ PARAM ] array (
)
[ info ] [ LOG ] INIT File
---------------------------------------------------------------
[ 2020-09-11T02:12:14+08:00 ] 101.133.167.231 GET tlhb.wxjoi.com/templets/system/part_imginfolist.htm
[运行时间：0.020653s] [吞吐率：48.42req/s] [内存消耗：2,147.27kb] [文件加载：113]
[ info ] [ BEHAVIOR ] Run Closure @app_init [ RunTime:0.000015s ]
[ info ] [ CACHE ] INIT File
[ info ] [ BEHAVIOR ] Run \addons\epay\Epay @app_init [ RunTime:0.001887s ]
[ info ] [ BEHAVIOR ] Run Closure @app_init [ RunTime:0.001899s ]
[ info ] [ LANG ] /www/wwwroot/tlhb.wxjoi.com/thinkphp/lang/zh-cn.php
[ info ] [ ROUTE ] array (
  'type' => 'module',
  'module' => 
  array (
    0 => 'templets',
    1 => 'system',
    2 => 'part_imginfolist.htm',
  ),
)
[ info ] [ HEADER ] array (
  'cookie' => 'PHPSESSID=m3sop5pt6sitphm9ieucc2lhn2',
  'accept-language' => 'zh-CN,zh;q=0.8',
  'connection' => 'keep-alive',
  'accept' => 'text/html,application/xhtml+xml,application/xml;q=0.9,image/webp,image/apng,*/*;q=0.8',
  'accept-encoding' => 'gzip, deflate',
  'user-agent' => 'Mozilla/5.0 (Windows NT 10.0; Win64; x64) AppleWebKit/537.36 (KHTML, like Gecko) Chrome/59.0.3071.115 Safari/537.36',
  'host' => 'tlhb.wxjoi.com',
)
[ info ] [ PARAM ] array (
)
[ info ] [ LOG ] INIT File
---------------------------------------------------------------
[ 2020-09-11T02:12:15+08:00 ] 101.133.167.231 GET tlhb.wxjoi.com/data/admin/ver.txt
[运行时间：0.020631s] [吞吐率：48.47req/s] [内存消耗：2,147.18kb] [文件加载：113]
[ info ] [ BEHAVIOR ] Run Closure @app_init [ RunTime:0.000014s ]
[ info ] [ CACHE ] INIT File
[ info ] [ BEHAVIOR ] Run \addons\epay\Epay @app_init [ RunTime:0.001896s ]
[ info ] [ BEHAVIOR ] Run Closure @app_init [ RunTime:0.001908s ]
[ info ] [ LANG ] /www/wwwroot/tlhb.wxjoi.com/thinkphp/lang/zh-cn.php
[ info ] [ ROUTE ] array (
  'type' => 'module',
  'module' => 
  array (
    0 => 'data',
    1 => 'admin',
    2 => 'ver.txt',
  ),
)
[ info ] [ HEADER ] array (
  'cookie' => 'PHPSESSID=m3sop5pt6sitphm9ieucc2lhn2',
  'accept-language' => 'zh-CN,zh;q=0.8',
  'connection' => 'keep-alive',
  'accept' => 'text/html,application/xhtml+xml,application/xml;q=0.9,image/webp,image/apng,*/*;q=0.8',
  'accept-encoding' => 'gzip, deflate',
  'user-agent' => 'Mozilla/5.0 (Windows NT 10.0; Win64; x64) AppleWebKit/537.36 (KHTML, like Gecko) Chrome/59.0.3071.115 Safari/537.36',
  'host' => 'tlhb.wxjoi.com',
)
[ info ] [ PARAM ] array (
)
[ info ] [ LOG ] INIT File
---------------------------------------------------------------
[ 2020-09-11T02:12:15+08:00 ] 101.133.167.231 GET tlhb.wxjoi.com/r/cms/www/red/img/prompt.jpg
[运行时间：0.020948s] [吞吐率：47.74req/s] [内存消耗：2,147.91kb] [文件加载：113]
[ info ] [ BEHAVIOR ] Run Closure @app_init [ RunTime:0.000014s ]
[ info ] [ CACHE ] INIT File
[ info ] [ BEHAVIOR ] Run \addons\epay\Epay @app_init [ RunTime:0.001890s ]
[ info ] [ BEHAVIOR ] Run Closure @app_init [ RunTime:0.001903s ]
[ info ] [ LANG ] /www/wwwroot/tlhb.wxjoi.com/thinkphp/lang/zh-cn.php
[ info ] [ ROUTE ] array (
  'type' => 'module',
  'module' => 
  array (
    0 => 'r',
    1 => 'cms',
    2 => 'www',
  ),
)
[ info ] [ HEADER ] array (
  'cookie' => 'PHPSESSID=m3sop5pt6sitphm9ieucc2lhn2',
  'accept-language' => 'zh-CN,zh;q=0.8',
  'connection' => 'keep-alive',
  'accept' => 'text/html,application/xhtml+xml,application/xml;q=0.9,image/webp,image/apng,*/*;q=0.8',
  'accept-encoding' => 'gzip, deflate',
  'user-agent' => 'Mozilla/5.0 (Windows NT 10.0; Win64; x64) AppleWebKit/537.36 (KHTML, like Gecko) Chrome/59.0.3071.115 Safari/537.36',
  'host' => 'tlhb.wxjoi.com',
)
[ info ] [ PARAM ] array (
  'red' => 'img',
)
[ info ] [ LOG ] INIT File
---------------------------------------------------------------
[ 2020-09-11T02:12:15+08:00 ] 101.133.167.231 GET tlhb.wxjoi.com/r/cms/www/red/style/swiper.min.js
[运行时间：0.021363s] [吞吐率：46.81req/s] [内存消耗：2,147.91kb] [文件加载：113]
[ info ] [ BEHAVIOR ] Run Closure @app_init [ RunTime:0.000015s ]
[ info ] [ CACHE ] INIT File
[ info ] [ BEHAVIOR ] Run \addons\epay\Epay @app_init [ RunTime:0.001956s ]
[ info ] [ BEHAVIOR ] Run Closure @app_init [ RunTime:0.001968s ]
[ info ] [ LANG ] /www/wwwroot/tlhb.wxjoi.com/thinkphp/lang/zh-cn.php
[ info ] [ ROUTE ] array (
  'type' => 'module',
  'module' => 
  array (
    0 => 'r',
    1 => 'cms',
    2 => 'www',
  ),
)
[ info ] [ HEADER ] array (
  'cookie' => 'PHPSESSID=m3sop5pt6sitphm9ieucc2lhn2',
  'accept-language' => 'zh-CN,zh;q=0.8',
  'connection' => 'keep-alive',
  'accept' => 'text/html,application/xhtml+xml,application/xml;q=0.9,image/webp,image/apng,*/*;q=0.8',
  'accept-encoding' => 'gzip, deflate',
  'user-agent' => 'Mozilla/5.0 (Windows NT 10.0; Win64; x64) AppleWebKit/537.36 (KHTML, like Gecko) Chrome/59.0.3071.115 Safari/537.36',
  'host' => 'tlhb.wxjoi.com',
)
[ info ] [ PARAM ] array (
  'red' => 'style',
)
[ info ] [ LOG ] INIT File
---------------------------------------------------------------
[ 2020-09-11T02:12:15+08:00 ] 101.133.167.231 GET tlhb.wxjoi.com/wcm/
[运行时间：0.022038s] [吞吐率：45.38req/s] [内存消耗：2,147.12kb] [文件加载：113]
[ info ] [ BEHAVIOR ] Run Closure @app_init [ RunTime:0.000015s ]
[ info ] [ CACHE ] INIT File
[ info ] [ BEHAVIOR ] Run \addons\epay\Epay @app_init [ RunTime:0.001909s ]
[ info ] [ BEHAVIOR ] Run Closure @app_init [ RunTime:0.001922s ]
[ info ] [ LANG ] /www/wwwroot/tlhb.wxjoi.com/thinkphp/lang/zh-cn.php
[ info ] [ ROUTE ] array (
  'type' => 'module',
  'module' => 
  array (
    0 => 'wcm',
    1 => NULL,
    2 => NULL,
  ),
)
[ info ] [ HEADER ] array (
  'cookie' => 'PHPSESSID=m3sop5pt6sitphm9ieucc2lhn2',
  'accept-language' => 'zh-CN,zh;q=0.8',
  'connection' => 'keep-alive',
  'accept' => 'text/html,application/xhtml+xml,application/xml;q=0.9,image/webp,image/apng,*/*;q=0.8',
  'accept-encoding' => 'gzip, deflate',
  'user-agent' => 'Mozilla/5.0 (Windows NT 10.0; Win64; x64) AppleWebKit/537.36 (KHTML, like Gecko) Chrome/59.0.3071.115 Safari/537.36',
  'host' => 'tlhb.wxjoi.com',
)
[ info ] [ PARAM ] array (
)
[ info ] [ LOG ] INIT File
---------------------------------------------------------------
[ 2020-09-11T02:12:15+08:00 ] 101.133.167.231 GET tlhb.wxjoi.com/phpMyAdmin/
[运行时间：0.021170s] [吞吐率：47.24req/s] [内存消耗：2,147.13kb] [文件加载：113]
[ info ] [ BEHAVIOR ] Run Closure @app_init [ RunTime:0.000015s ]
[ info ] [ CACHE ] INIT File
[ info ] [ BEHAVIOR ] Run \addons\epay\Epay @app_init [ RunTime:0.001905s ]
[ info ] [ BEHAVIOR ] Run Closure @app_init [ RunTime:0.001918s ]
[ info ] [ LANG ] /www/wwwroot/tlhb.wxjoi.com/thinkphp/lang/zh-cn.php
[ info ] [ ROUTE ] array (
  'type' => 'module',
  'module' => 
  array (
    0 => 'phpMyAdmin',
    1 => NULL,
    2 => NULL,
  ),
)
[ info ] [ HEADER ] array (
  'cookie' => 'PHPSESSID=m3sop5pt6sitphm9ieucc2lhn2',
  'accept-language' => 'zh-CN,zh;q=0.8',
  'connection' => 'keep-alive',
  'accept' => 'text/html,application/xhtml+xml,application/xml;q=0.9,image/webp,image/apng,*/*;q=0.8',
  'accept-encoding' => 'gzip, deflate',
  'user-agent' => 'Mozilla/5.0 (Windows NT 10.0; Win64; x64) AppleWebKit/537.36 (KHTML, like Gecko) Chrome/59.0.3071.115 Safari/537.36',
  'host' => 'tlhb.wxjoi.com',
)
[ info ] [ PARAM ] array (
)
[ info ] [ LOG ] INIT File
---------------------------------------------------------------
[ 2020-09-11T02:12:15+08:00 ] 101.133.167.231 GET tlhb.wxjoi.com/phpmyadmin/
[运行时间：0.021977s] [吞吐率：45.50req/s] [内存消耗：2,147.13kb] [文件加载：113]
[ info ] [ BEHAVIOR ] Run Closure @app_init [ RunTime:0.000015s ]
[ info ] [ CACHE ] INIT File
[ info ] [ BEHAVIOR ] Run \addons\epay\Epay @app_init [ RunTime:0.001865s ]
[ info ] [ BEHAVIOR ] Run Closure @app_init [ RunTime:0.001878s ]
[ info ] [ LANG ] /www/wwwroot/tlhb.wxjoi.com/thinkphp/lang/zh-cn.php
[ info ] [ ROUTE ] array (
  'type' => 'module',
  'module' => 
  array (
    0 => 'phpmyadmin',
    1 => NULL,
    2 => NULL,
  ),
)
[ info ] [ HEADER ] array (
  'cookie' => 'PHPSESSID=m3sop5pt6sitphm9ieucc2lhn2',
  'accept-language' => 'zh-CN,zh;q=0.8',
  'connection' => 'keep-alive',
  'accept' => 'text/html,application/xhtml+xml,application/xml;q=0.9,image/webp,image/apng,*/*;q=0.8',
  'accept-encoding' => 'gzip, deflate',
  'user-agent' => 'Mozilla/5.0 (Windows NT 10.0; Win64; x64) AppleWebKit/537.36 (KHTML, like Gecko) Chrome/59.0.3071.115 Safari/537.36',
  'host' => 'tlhb.wxjoi.com',
)
[ info ] [ PARAM ] array (
)
[ info ] [ LOG ] INIT File
