---------------------------------------------------------------
[ 2020-08-30T03:26:54+08:00 ] 113.31.115.156 GET tlhb.wxjoi.com/
[运行时间：0.036965s] [吞吐率：27.05req/s] [内存消耗：3,277.66kb] [文件加载：125]
[ info ] [ BEHAVIOR ] Run Closure @app_init [ RunTime:0.000019s ]
[ info ] [ CACHE ] INIT File
[ info ] [ BEHAVIOR ] Run \addons\epay\Epay @app_init [ RunTime:0.001989s ]
[ info ] [ BEHAVIOR ] Run Closure @app_init [ RunTime:0.002001s ]
[ info ] [ LANG ] /www/wwwroot/tlhb.wxjoi.com/thinkphp/lang/zh-cn.php
[ info ] [ ROUTE ] array (
  'type' => 'module',
  'module' => 
  array (
    0 => '',
    1 => NULL,
    2 => NULL,
  ),
)
[ info ] [ HEADER ] array (
  'connection' => 'keep-alive',
  'accept' => '*/*',
  'accept-encoding' => 'gzip, deflate',
  'user-agent' => 'Dalvik/2.1.0 (Linux; U; Android 6.0; ZTE BA520 Build/MRA58K)',
  'host' => 'tlhb.wxjoi.com',
)
[ info ] [ PARAM ] array (
)
[ info ] [ LANG ] /www/wwwroot/tlhb.wxjoi.com/public/../application/index/lang/zh-cn.php
[ info ] [ BEHAVIOR ] Run app\common\behavior\Common @module_init [ RunTime:0.001315s ]
[ info ] [ SESSION ] INIT array (
  'id' => '',
  'var_session_id' => '',
  'prefix' => 'think',
  'type' => '',
  'auto_start' => true,
)
[ info ] [ RUN ] app\index\controller\Index->index[ /www/wwwroot/tlhb.wxjoi.com/application/index/controller/Index.php ]
[ info ] [ DB ] INIT mysql
[ info ] [ VIEW ] /www/wwwroot/tlhb.wxjoi.com/public/../application/index/view/index/index.html [ array (
  0 => 'toppro',
  1 => 'pro',
) ]
[ info ] [ LOG ] INIT File
[ sql ] [ DB ] CONNECT:[ UseTime:0.000325s ] mysql:host=127.0.0.1;dbname=tlhb;charset=utf8
[ sql ] [ SQL ] SHOW COLUMNS FROM `zc_pro` [ RunTime:0.000944s ]
[ sql ] [ SQL ] SELECT * FROM `zc_pro` WHERE  `status` = '1'  AND `topstatus` = '0' ORDER BY `createtime` ASC [ RunTime:0.000385s ]
[ sql ] [ SQL ] SELECT * FROM `zc_pro` WHERE  `id` = 4 LIMIT 1 [ RunTime:0.000253s ]
[ sql ] [ SQL ] SHOW COLUMNS FROM `zc_pro_order` [ RunTime:0.000595s ]
[ sql ] [ SQL ] SELECT * FROM `zc_pro_order` WHERE  `proid` = 4  AND `price` = 50  AND `order_status` > '0' [ RunTime:0.000207s ]
[ sql ] [ SQL ] SELECT * FROM `zc_pro` WHERE  `id` = 3 LIMIT 1 [ RunTime:0.000239s ]
[ sql ] [ SQL ] SELECT * FROM `zc_pro_order` WHERE  `proid` = 3  AND `price` = 50  AND `order_status` > '0' [ RunTime:0.000196s ]
[ sql ] [ SQL ] SELECT * FROM `zc_pro` WHERE  `status` = '1'  AND `topstatus` = '1' LIMIT 1 [ RunTime:0.000242s ]
[ sql ] [ SQL ] SELECT * FROM `zc_pro` WHERE  `id` = 5 LIMIT 1 [ RunTime:0.000269s ]
[ sql ] [ SQL ] SELECT * FROM `zc_pro_order` WHERE  `proid` = 5  AND `price` = 50  AND `order_status` > '0' [ RunTime:0.000195s ]
---------------------------------------------------------------
[ 2020-08-30T03:26:54+08:00 ] 113.31.115.156 GET tlhb.wxjoi.com/
[运行时间：0.036822s] [吞吐率：27.16req/s] [内存消耗：3,277.79kb] [文件加载：125]
[ info ] [ BEHAVIOR ] Run Closure @app_init [ RunTime:0.000016s ]
[ info ] [ CACHE ] INIT File
[ info ] [ BEHAVIOR ] Run \addons\epay\Epay @app_init [ RunTime:0.001952s ]
[ info ] [ BEHAVIOR ] Run Closure @app_init [ RunTime:0.001965s ]
[ info ] [ LANG ] /www/wwwroot/tlhb.wxjoi.com/thinkphp/lang/zh-cn.php
[ info ] [ ROUTE ] array (
  'type' => 'module',
  'module' => 
  array (
    0 => '',
    1 => NULL,
    2 => NULL,
  ),
)
[ info ] [ HEADER ] array (
  'connection' => 'keep-alive',
  'accept' => '*/*',
  'accept-encoding' => 'gzip, deflate',
  'user-agent' => 'Mozilla/5.0 (Macintosh; Intel Mac OS X 10_11) AppleWebKit/601.1.27 (KHTML, like Gecko) Chrome/47.0.2526.106 Safari/601.1.27',
  'host' => 'tlhb.wxjoi.com',
)
[ info ] [ PARAM ] array (
)
[ info ] [ LANG ] /www/wwwroot/tlhb.wxjoi.com/public/../application/index/lang/zh-cn.php
[ info ] [ BEHAVIOR ] Run app\common\behavior\Common @module_init [ RunTime:0.001223s ]
[ info ] [ SESSION ] INIT array (
  'id' => '',
  'var_session_id' => '',
  'prefix' => 'think',
  'type' => '',
  'auto_start' => true,
)
[ info ] [ RUN ] app\index\controller\Index->index[ /www/wwwroot/tlhb.wxjoi.com/application/index/controller/Index.php ]
[ info ] [ DB ] INIT mysql
[ info ] [ VIEW ] /www/wwwroot/tlhb.wxjoi.com/public/../application/index/view/index/index.html [ array (
  0 => 'toppro',
  1 => 'pro',
) ]
[ info ] [ LOG ] INIT File
[ sql ] [ DB ] CONNECT:[ UseTime:0.000242s ] mysql:host=127.0.0.1;dbname=tlhb;charset=utf8
[ sql ] [ SQL ] SHOW COLUMNS FROM `zc_pro` [ RunTime:0.000913s ]
[ sql ] [ SQL ] SELECT * FROM `zc_pro` WHERE  `status` = '1'  AND `topstatus` = '0' ORDER BY `createtime` ASC [ RunTime:0.000339s ]
[ sql ] [ SQL ] SELECT * FROM `zc_pro` WHERE  `id` = 4 LIMIT 1 [ RunTime:0.000233s ]
[ sql ] [ SQL ] SHOW COLUMNS FROM `zc_pro_order` [ RunTime:0.000569s ]
[ sql ] [ SQL ] SELECT * FROM `zc_pro_order` WHERE  `proid` = 4  AND `price` = 50  AND `order_status` > '0' [ RunTime:0.000194s ]
[ sql ] [ SQL ] SELECT * FROM `zc_pro` WHERE  `id` = 3 LIMIT 1 [ RunTime:0.000208s ]
[ sql ] [ SQL ] SELECT * FROM `zc_pro_order` WHERE  `proid` = 3  AND `price` = 50  AND `order_status` > '0' [ RunTime:0.000191s ]
[ sql ] [ SQL ] SELECT * FROM `zc_pro` WHERE  `status` = '1'  AND `topstatus` = '1' LIMIT 1 [ RunTime:0.000261s ]
[ sql ] [ SQL ] SELECT * FROM `zc_pro` WHERE  `id` = 5 LIMIT 1 [ RunTime:0.000219s ]
[ sql ] [ SQL ] SELECT * FROM `zc_pro_order` WHERE  `proid` = 5  AND `price` = 50  AND `order_status` > '0' [ RunTime:0.000200s ]
