---------------------------------------------------------------
[ 2019-10-08T23:50:48+08:00 ] 58.251.80.44 POST csd.wxjoi.com/index/index/pay
[运行时间：0.021502s] [吞吐率：46.51req/s] [内存消耗：2,488.08kb] [文件加载：121]
[ info ] [ BEHAVIOR ] Run Closure @app_init [ RunTime:0.000022s ]
[ info ] [ CACHE ] INIT File
[ info ] [ BEHAVIOR ] Run \addons\epay\Epay @app_init [ RunTime:0.001714s ]
[ info ] [ BEHAVIOR ] Run Closure @app_init [ RunTime:0.001728s ]
[ info ] [ LANG ] /www/wwwroot/csd.wxjoi.com/thinkphp/lang/zh-cn.php
[ info ] [ ROUTE ] array (
  'type' => 'module',
  'module' => 
  array (
    0 => 'index',
    1 => 'index',
    2 => 'pay',
  ),
)
[ info ] [ HEADER ] array (
  'user-agent' => 'Mozilla/4.0',
  'host' => 'csd.wxjoi.com',
  'pragma' => 'no-cache',
  'connection' => 'Keep-Alive',
  'accept' => '*/*',
  'content-type' => 'text/xml',
  'content-length' => '868',
)
[ info ] [ PARAM ] array (
)
[ info ] [ LANG ] /www/wwwroot/csd.wxjoi.com/public/../application/index/lang/zh-cn.php
[ info ] [ BEHAVIOR ] Run app\common\behavior\Common @module_init [ RunTime:0.001152s ]
[ info ] [ SESSION ] INIT array (
  'id' => '',
  'var_session_id' => '',
  'prefix' => 'think',
  'type' => '',
  'auto_start' => true,
)
[ info ] [ RUN ] app\index\controller\Index->pay[ /www/wwwroot/csd.wxjoi.com/application/index/controller/Index.php ]
[ info ] [ LOG ] INIT File
[ error ] [8]未定义数组索引: order[/www/wwwroot/csd.wxjoi.com/application/index/controller/Index.php:207]
---------------------------------------------------------------
[ 2019-10-08T23:53:45+08:00 ] 140.207.54.74 POST csd.wxjoi.com/index/index/pay
[运行时间：0.023322s] [吞吐率：42.88req/s] [内存消耗：2,488.26kb] [文件加载：121]
[ info ] [ BEHAVIOR ] Run Closure @app_init [ RunTime:0.000020s ]
[ info ] [ CACHE ] INIT File
[ info ] [ BEHAVIOR ] Run \addons\epay\Epay @app_init [ RunTime:0.001669s ]
[ info ] [ BEHAVIOR ] Run Closure @app_init [ RunTime:0.001682s ]
[ info ] [ LANG ] /www/wwwroot/csd.wxjoi.com/thinkphp/lang/zh-cn.php
[ info ] [ ROUTE ] array (
  'type' => 'module',
  'module' => 
  array (
    0 => 'index',
    1 => 'index',
    2 => 'pay',
  ),
)
[ info ] [ HEADER ] array (
  'user-agent' => 'Mozilla/4.0',
  'host' => 'csd.wxjoi.com',
  'pragma' => 'no-cache',
  'connection' => 'Keep-Alive',
  'accept' => '*/*',
  'content-type' => 'text/xml',
  'content-length' => '876',
)
[ info ] [ PARAM ] array (
)
[ info ] [ LANG ] /www/wwwroot/csd.wxjoi.com/public/../application/index/lang/zh-cn.php
[ info ] [ BEHAVIOR ] Run app\common\behavior\Common @module_init [ RunTime:0.001069s ]
[ info ] [ SESSION ] INIT array (
  'id' => '',
  'var_session_id' => '',
  'prefix' => 'think',
  'type' => '',
  'auto_start' => true,
)
[ info ] [ RUN ] app\index\controller\Index->pay[ /www/wwwroot/csd.wxjoi.com/application/index/controller/Index.php ]
[ info ] [ LOG ] INIT File
[ error ] [8]未定义数组索引: order[/www/wwwroot/csd.wxjoi.com/application/index/controller/Index.php:207]
---------------------------------------------------------------
[ 2019-10-08T23:59:18+08:00 ] 140.207.54.74 POST csd.wxjoi.com/index/index/pay
[运行时间：0.020863s] [吞吐率：47.93req/s] [内存消耗：2,488.13kb] [文件加载：121]
[ info ] [ BEHAVIOR ] Run Closure @app_init [ RunTime:0.000019s ]
[ info ] [ CACHE ] INIT File
[ info ] [ BEHAVIOR ] Run \addons\epay\Epay @app_init [ RunTime:0.001668s ]
[ info ] [ BEHAVIOR ] Run Closure @app_init [ RunTime:0.001681s ]
[ info ] [ LANG ] /www/wwwroot/csd.wxjoi.com/thinkphp/lang/zh-cn.php
[ info ] [ ROUTE ] array (
  'type' => 'module',
  'module' => 
  array (
    0 => 'index',
    1 => 'index',
    2 => 'pay',
  ),
)
[ info ] [ HEADER ] array (
  'user-agent' => 'Mozilla/4.0',
  'host' => 'csd.wxjoi.com',
  'pragma' => 'no-cache',
  'connection' => 'Keep-Alive',
  'accept' => '*/*',
  'content-type' => 'text/xml',
  'content-length' => '868',
)
[ info ] [ PARAM ] array (
)
[ info ] [ LANG ] /www/wwwroot/csd.wxjoi.com/public/../application/index/lang/zh-cn.php
[ info ] [ BEHAVIOR ] Run app\common\behavior\Common @module_init [ RunTime:0.001093s ]
[ info ] [ SESSION ] INIT array (
  'id' => '',
  'var_session_id' => '',
  'prefix' => 'think',
  'type' => '',
  'auto_start' => true,
)
[ info ] [ RUN ] app\index\controller\Index->pay[ /www/wwwroot/csd.wxjoi.com/application/index/controller/Index.php ]
[ info ] [ LOG ] INIT File
[ error ] [8]未定义数组索引: order[/www/wwwroot/csd.wxjoi.com/application/index/controller/Index.php:207]
