---------------------------------------------------------------
[ 2020-02-27T10:09:23+08:00 ] 49.76.84.201 GET tlhb.wxjoi.com/
[运行时间：0.253206s] [吞吐率：3.95req/s] [内存消耗：3,278.66kb] [文件加载：125]
[ info ] [ BEHAVIOR ] Run Closure @app_init [ RunTime:0.000028s ]
[ info ] [ CACHE ] INIT File
[ info ] [ BEHAVIOR ] Run \addons\epay\Epay @app_init [ RunTime:0.008220s ]
[ info ] [ BEHAVIOR ] Run Closure @app_init [ RunTime:0.008243s ]
[ info ] [ LANG ] /www/wwwroot/tlhb.wxjoi.com/thinkphp/lang/zh-cn.php
[ info ] [ ROUTE ] array (
  'type' => 'module',
  'module' => 
  array (
    0 => '',
    1 => NULL,
    2 => NULL,
  ),
)
[ info ] [ HEADER ] array (
  'accept-language' => 'zh-CN,zh;q=0.9',
  'accept-encoding' => 'gzip, deflate',
  'referer' => 'http://47.110.59.237:8899/site',
  'accept' => 'text/html,application/xhtml+xml,application/xml;q=0.9,image/webp,image/apng,*/*;q=0.8',
  'user-agent' => 'Mozilla/5.0 (Windows NT 10.0; WOW64) AppleWebKit/537.36 (KHTML, like Gecko) Chrome/63.0.3239.132 Safari/537.36',
  'upgrade-insecure-requests' => '1',
  'connection' => 'keep-alive',
  'host' => 'tlhb.wxjoi.com',
)
[ info ] [ PARAM ] array (
)
[ info ] [ LANG ] /www/wwwroot/tlhb.wxjoi.com/public/../application/index/lang/zh-cn.php
[ info ] [ BEHAVIOR ] Run app\common\behavior\Common @module_init [ RunTime:0.004030s ]
[ info ] [ SESSION ] INIT array (
  'id' => '',
  'var_session_id' => '',
  'prefix' => 'think',
  'type' => '',
  'auto_start' => true,
)
[ info ] [ RUN ] app\index\controller\Index->index[ /www/wwwroot/tlhb.wxjoi.com/application/index/controller/Index.php ]
[ info ] [ DB ] INIT mysql
[ info ] [ VIEW ] /www/wwwroot/tlhb.wxjoi.com/public/../application/index/view/index/index.html [ array (
  0 => 'toppro',
  1 => 'pro',
) ]
[ info ] [ LOG ] INIT File
[ sql ] [ DB ] CONNECT:[ UseTime:0.000486s ] mysql:host=127.0.0.1;dbname=tlhb;charset=utf8
[ sql ] [ SQL ] SHOW COLUMNS FROM `zc_pro` [ RunTime:0.001150s ]
[ sql ] [ SQL ] SELECT * FROM `zc_pro` WHERE  `status` = '1'  AND `topstatus` = '0' ORDER BY `createtime` ASC [ RunTime:0.000529s ]
[ sql ] [ SQL ] SELECT * FROM `zc_pro` WHERE  `id` = 4 LIMIT 1 [ RunTime:0.000402s ]
[ sql ] [ SQL ] SHOW COLUMNS FROM `zc_pro_order` [ RunTime:0.000702s ]
[ sql ] [ SQL ] SELECT * FROM `zc_pro_order` WHERE  `proid` = 4  AND `price` = 50  AND `order_status` > '0' [ RunTime:0.000310s ]
[ sql ] [ SQL ] SELECT * FROM `zc_pro` WHERE  `id` = 3 LIMIT 1 [ RunTime:0.000435s ]
[ sql ] [ SQL ] SELECT * FROM `zc_pro_order` WHERE  `proid` = 3  AND `price` = 50  AND `order_status` > '0' [ RunTime:0.000316s ]
[ sql ] [ SQL ] SELECT * FROM `zc_pro` WHERE  `status` = '1'  AND `topstatus` = '1' LIMIT 1 [ RunTime:0.000370s ]
[ sql ] [ SQL ] SELECT * FROM `zc_pro` WHERE  `id` = 5 LIMIT 1 [ RunTime:0.000337s ]
[ sql ] [ SQL ] SELECT * FROM `zc_pro_order` WHERE  `proid` = 5  AND `price` = 50  AND `order_status` > '0' [ RunTime:0.000305s ]
---------------------------------------------------------------
[ 2020-02-27T10:09:25+08:00 ] 49.76.84.201 GET tlhb.wxjoi.com/favicon.ico
[运行时间：0.030738s] [吞吐率：32.53req/s] [内存消耗：2,147.62kb] [文件加载：113]
[ info ] [ BEHAVIOR ] Run Closure @app_init [ RunTime:0.000039s ]
[ info ] [ CACHE ] INIT File
[ info ] [ BEHAVIOR ] Run \addons\epay\Epay @app_init [ RunTime:0.002593s ]
[ info ] [ BEHAVIOR ] Run Closure @app_init [ RunTime:0.002612s ]
[ info ] [ LANG ] /www/wwwroot/tlhb.wxjoi.com/thinkphp/lang/zh-cn.php
[ info ] [ ROUTE ] array (
  'type' => 'module',
  'module' => 
  array (
    0 => 'favicon.ico',
    1 => NULL,
    2 => NULL,
  ),
)
[ info ] [ HEADER ] array (
  'cookie' => 'PHPSESSID=8q50t2lgads96ujrrch6jn0a36; __guid=165780603.206939014647880740.1582769362198.8828; monitor_count=1',
  'accept-language' => 'zh-CN,zh;q=0.9',
  'accept-encoding' => 'gzip, deflate',
  'referer' => 'http://tlhb.wxjoi.com/',
  'accept' => 'image/webp,image/apng,image/*,*/*;q=0.8',
  'user-agent' => 'Mozilla/5.0 (Windows NT 10.0; WOW64) AppleWebKit/537.36 (KHTML, like Gecko) Chrome/63.0.3239.132 Safari/537.36',
  'connection' => 'keep-alive',
  'host' => 'tlhb.wxjoi.com',
)
[ info ] [ PARAM ] array (
)
[ info ] [ LOG ] INIT File
---------------------------------------------------------------
[ 2020-02-27T10:09:29+08:00 ] 42.236.10.117 GET tlhb.wxjoi.com/
[运行时间：0.054165s] [吞吐率：18.46req/s] [内存消耗：3,278.66kb] [文件加载：125]
[ info ] [ BEHAVIOR ] Run Closure @app_init [ RunTime:0.000030s ]
[ info ] [ CACHE ] INIT File
[ info ] [ BEHAVIOR ] Run \addons\epay\Epay @app_init [ RunTime:0.003184s ]
[ info ] [ BEHAVIOR ] Run Closure @app_init [ RunTime:0.003214s ]
[ info ] [ LANG ] /www/wwwroot/tlhb.wxjoi.com/thinkphp/lang/zh-cn.php
[ info ] [ ROUTE ] array (
  'type' => 'module',
  'module' => 
  array (
    0 => '',
    1 => NULL,
    2 => NULL,
  ),
)
[ info ] [ HEADER ] array (
  'accept-encoding' => 'gzip, deflate',
  'accept' => 'text/html,application/xhtml+xml,application/xml;q=0.9,image/webp,image/apng,*/*;q=0.8',
  'upgrade-insecure-requests' => '1',
  'user-agent' => 'Mozilla/5.0 (Linux; U; Android 8.1.0; zh-CN; EML-AL00 Build/HUAWEIEML-AL00) AppleWebKit/537.36 (KHTML, like Gecko) Version/4.0 Chrome/57.0.2987.108 baidu.sogo.uc.UCBrowser/11.9.4.974 UWS/2.13.1.48 Mobile Safari/537.36 AliApp(DingTalk/4.5.11) com.alibaba.android.rimet/10487439 Channel/227200 language/zh-CN',
  'connection' => 'keep-alive',
  'host' => 'tlhb.wxjoi.com',
)
[ info ] [ PARAM ] array (
)
[ info ] [ LANG ] /www/wwwroot/tlhb.wxjoi.com/public/../application/index/lang/zh-cn.php
[ info ] [ BEHAVIOR ] Run app\common\behavior\Common @module_init [ RunTime:0.002114s ]
[ info ] [ SESSION ] INIT array (
  'id' => '',
  'var_session_id' => '',
  'prefix' => 'think',
  'type' => '',
  'auto_start' => true,
)
[ info ] [ RUN ] app\index\controller\Index->index[ /www/wwwroot/tlhb.wxjoi.com/application/index/controller/Index.php ]
[ info ] [ DB ] INIT mysql
[ info ] [ VIEW ] /www/wwwroot/tlhb.wxjoi.com/public/../application/index/view/index/index.html [ array (
  0 => 'toppro',
  1 => 'pro',
) ]
[ info ] [ LOG ] INIT File
[ sql ] [ DB ] CONNECT:[ UseTime:0.000500s ] mysql:host=127.0.0.1;dbname=tlhb;charset=utf8
[ sql ] [ SQL ] SHOW COLUMNS FROM `zc_pro` [ RunTime:0.001683s ]
[ sql ] [ SQL ] SELECT * FROM `zc_pro` WHERE  `status` = '1'  AND `topstatus` = '0' ORDER BY `createtime` ASC [ RunTime:0.000592s ]
[ sql ] [ SQL ] SELECT * FROM `zc_pro` WHERE  `id` = 4 LIMIT 1 [ RunTime:0.000424s ]
[ sql ] [ SQL ] SHOW COLUMNS FROM `zc_pro_order` [ RunTime:0.000980s ]
[ sql ] [ SQL ] SELECT * FROM `zc_pro_order` WHERE  `proid` = 4  AND `price` = 50  AND `order_status` > '0' [ RunTime:0.000358s ]
[ sql ] [ SQL ] SELECT * FROM `zc_pro` WHERE  `id` = 3 LIMIT 1 [ RunTime:0.000430s ]
[ sql ] [ SQL ] SELECT * FROM `zc_pro_order` WHERE  `proid` = 3  AND `price` = 50  AND `order_status` > '0' [ RunTime:0.000337s ]
[ sql ] [ SQL ] SELECT * FROM `zc_pro` WHERE  `status` = '1'  AND `topstatus` = '1' LIMIT 1 [ RunTime:0.000455s ]
[ sql ] [ SQL ] SELECT * FROM `zc_pro` WHERE  `id` = 5 LIMIT 1 [ RunTime:0.000394s ]
[ sql ] [ SQL ] SELECT * FROM `zc_pro_order` WHERE  `proid` = 5  AND `price` = 50  AND `order_status` > '0' [ RunTime:0.000360s ]
---------------------------------------------------------------
[ 2020-02-27T10:09:29+08:00 ] 42.236.10.114 GET tlhb.wxjoi.com/
[运行时间：0.039013s] [吞吐率：25.63req/s] [内存消耗：3,279.57kb] [文件加载：125]
[ info ] [ BEHAVIOR ] Run Closure @app_init [ RunTime:0.000024s ]
[ info ] [ CACHE ] INIT File
[ info ] [ BEHAVIOR ] Run \addons\epay\Epay @app_init [ RunTime:0.001990s ]
[ info ] [ BEHAVIOR ] Run Closure @app_init [ RunTime:0.002002s ]
[ info ] [ LANG ] /www/wwwroot/tlhb.wxjoi.com/thinkphp/lang/zh-cn.php
[ info ] [ ROUTE ] array (
  'type' => 'module',
  'module' => 
  array (
    0 => '',
    1 => NULL,
    2 => NULL,
  ),
)
[ info ] [ HEADER ] array (
  'accept-encoding' => 'gzip, deflate',
  'referer' => 'http://baidu.com/',
  'accept' => 'text/html,application/xhtml+xml,application/xml;q=0.9,image/webp,image/apng,*/*;q=0.8',
  'user-agent' => 'Mozilla/5.0 (Linux; U; Android 8.1.0; zh-CN; EML-AL00 Build/HUAWEIEML-AL00) AppleWebKit/537.36 (KHTML, like Gecko) Version/4.0 Chrome/57.0.2987.108 baidu.sogo.uc.UCBrowser/11.9.4.974 UWS/2.13.1.48 Mobile Safari/537.36 AliApp(DingTalk/4.5.11) com.alibaba.android.rimet/10487439 Channel/227200 language/zh-CN',
  'upgrade-insecure-requests' => '1',
  'cache-control' => 'no-cache',
  'pragma' => 'no-cache',
  'connection' => 'keep-alive',
  'host' => 'tlhb.wxjoi.com',
)
[ info ] [ PARAM ] array (
)
[ info ] [ LANG ] /www/wwwroot/tlhb.wxjoi.com/public/../application/index/lang/zh-cn.php
[ info ] [ BEHAVIOR ] Run app\common\behavior\Common @module_init [ RunTime:0.001242s ]
[ info ] [ SESSION ] INIT array (
  'id' => '',
  'var_session_id' => '',
  'prefix' => 'think',
  'type' => '',
  'auto_start' => true,
)
[ info ] [ RUN ] app\index\controller\Index->index[ /www/wwwroot/tlhb.wxjoi.com/application/index/controller/Index.php ]
[ info ] [ DB ] INIT mysql
[ info ] [ VIEW ] /www/wwwroot/tlhb.wxjoi.com/public/../application/index/view/index/index.html [ array (
  0 => 'toppro',
  1 => 'pro',
) ]
[ info ] [ LOG ] INIT File
[ sql ] [ DB ] CONNECT:[ UseTime:0.000405s ] mysql:host=127.0.0.1;dbname=tlhb;charset=utf8
[ sql ] [ SQL ] SHOW COLUMNS FROM `zc_pro` [ RunTime:0.001182s ]
[ sql ] [ SQL ] SELECT * FROM `zc_pro` WHERE  `status` = '1'  AND `topstatus` = '0' ORDER BY `createtime` ASC [ RunTime:0.000417s ]
[ sql ] [ SQL ] SELECT * FROM `zc_pro` WHERE  `id` = 4 LIMIT 1 [ RunTime:0.000255s ]
[ sql ] [ SQL ] SHOW COLUMNS FROM `zc_pro_order` [ RunTime:0.000654s ]
[ sql ] [ SQL ] SELECT * FROM `zc_pro_order` WHERE  `proid` = 4  AND `price` = 50  AND `order_status` > '0' [ RunTime:0.000213s ]
[ sql ] [ SQL ] SELECT * FROM `zc_pro` WHERE  `id` = 3 LIMIT 1 [ RunTime:0.000249s ]
[ sql ] [ SQL ] SELECT * FROM `zc_pro_order` WHERE  `proid` = 3  AND `price` = 50  AND `order_status` > '0' [ RunTime:0.000222s ]
[ sql ] [ SQL ] SELECT * FROM `zc_pro` WHERE  `status` = '1'  AND `topstatus` = '1' LIMIT 1 [ RunTime:0.000236s ]
[ sql ] [ SQL ] SELECT * FROM `zc_pro` WHERE  `id` = 5 LIMIT 1 [ RunTime:0.000260s ]
[ sql ] [ SQL ] SELECT * FROM `zc_pro_order` WHERE  `proid` = 5  AND `price` = 50  AND `order_status` > '0' [ RunTime:0.000232s ]
---------------------------------------------------------------
[ 2020-02-27T11:52:43+08:00 ] 47.101.60.78 GET tlhb.wxjoi.com/
[运行时间：0.037529s] [吞吐率：26.65req/s] [内存消耗：3,277.57kb] [文件加载：125]
[ info ] [ BEHAVIOR ] Run Closure @app_init [ RunTime:0.000018s ]
[ info ] [ CACHE ] INIT File
[ info ] [ BEHAVIOR ] Run \addons\epay\Epay @app_init [ RunTime:0.001751s ]
[ info ] [ BEHAVIOR ] Run Closure @app_init [ RunTime:0.001775s ]
[ info ] [ LANG ] /www/wwwroot/tlhb.wxjoi.com/thinkphp/lang/zh-cn.php
[ info ] [ ROUTE ] array (
  'type' => 'module',
  'module' => 
  array (
    0 => '',
    1 => NULL,
    2 => NULL,
  ),
)
[ info ] [ HEADER ] array (
  'accept-encoding' => 'gzip',
  'connection' => 'Keep-Alive',
  'host' => 'tlhb.wxjoi.com',
  'user-agent' => 'Mozilla/5.0 (X11; Ubuntu; Linux x86_64; rv:36.0) Gecko/20100101 Firefox/36.0',
)
[ info ] [ PARAM ] array (
)
[ info ] [ LANG ] /www/wwwroot/tlhb.wxjoi.com/public/../application/index/lang/zh-cn.php
[ info ] [ BEHAVIOR ] Run app\common\behavior\Common @module_init [ RunTime:0.001150s ]
[ info ] [ SESSION ] INIT array (
  'id' => '',
  'var_session_id' => '',
  'prefix' => 'think',
  'type' => '',
  'auto_start' => true,
)
[ info ] [ RUN ] app\index\controller\Index->index[ /www/wwwroot/tlhb.wxjoi.com/application/index/controller/Index.php ]
[ info ] [ DB ] INIT mysql
[ info ] [ VIEW ] /www/wwwroot/tlhb.wxjoi.com/public/../application/index/view/index/index.html [ array (
  0 => 'toppro',
  1 => 'pro',
) ]
[ info ] [ LOG ] INIT File
[ sql ] [ DB ] CONNECT:[ UseTime:0.000408s ] mysql:host=127.0.0.1;dbname=tlhb;charset=utf8
[ sql ] [ SQL ] SHOW COLUMNS FROM `zc_pro` [ RunTime:0.001131s ]
[ sql ] [ SQL ] SELECT * FROM `zc_pro` WHERE  `status` = '1'  AND `topstatus` = '0' ORDER BY `createtime` ASC [ RunTime:0.000876s ]
[ sql ] [ SQL ] SELECT * FROM `zc_pro` WHERE  `id` = 4 LIMIT 1 [ RunTime:0.000270s ]
[ sql ] [ SQL ] SHOW COLUMNS FROM `zc_pro_order` [ RunTime:0.000677s ]
[ sql ] [ SQL ] SELECT * FROM `zc_pro_order` WHERE  `proid` = 4  AND `price` = 50  AND `order_status` > '0' [ RunTime:0.000213s ]
[ sql ] [ SQL ] SELECT * FROM `zc_pro` WHERE  `id` = 3 LIMIT 1 [ RunTime:0.000245s ]
[ sql ] [ SQL ] SELECT * FROM `zc_pro_order` WHERE  `proid` = 3  AND `price` = 50  AND `order_status` > '0' [ RunTime:0.000209s ]
[ sql ] [ SQL ] SELECT * FROM `zc_pro` WHERE  `status` = '1'  AND `topstatus` = '1' LIMIT 1 [ RunTime:0.000243s ]
[ sql ] [ SQL ] SELECT * FROM `zc_pro` WHERE  `id` = 5 LIMIT 1 [ RunTime:0.000248s ]
[ sql ] [ SQL ] SELECT * FROM `zc_pro_order` WHERE  `proid` = 5  AND `price` = 50  AND `order_status` > '0' [ RunTime:0.000362s ]
