---------------------------------------------------------------
[ 2019-11-18T06:50:13+08:00 ] 117.136.0.201 GET tlhb.wxjoi.com/
[运行时间：0.092183s] [吞吐率：10.85req/s] [内存消耗：3,279.79kb] [文件加载：125]
[ info ] [ BEHAVIOR ] Run Closure @app_init [ RunTime:0.000024s ]
[ info ] [ CACHE ] INIT File
[ info ] [ BEHAVIOR ] Run \addons\epay\Epay @app_init [ RunTime:0.005594s ]
[ info ] [ BEHAVIOR ] Run Closure @app_init [ RunTime:0.005615s ]
[ info ] [ LANG ] /www/wwwroot/tlhb.wxjoi.com/thinkphp/lang/zh-cn.php
[ info ] [ ROUTE ] array (
  'type' => 'module',
  'module' => 
  array (
    0 => '',
    1 => NULL,
    2 => NULL,
  ),
)
[ info ] [ HEADER ] array (
  'x-forwarded-for-pound' => '117.136.0.201',
  'x-forwarded-for' => '117.136.0.201',
  'user-agent' => 'Mozilla/5.0 (Linux; Android 9; ALP-AL00 Build/HUAWEIALP-AL00; wv) AppleWebKit/537.36 (KHTML, like Gecko) Version/4.0 Chrome/66.0.3359.126 MQQBrowser/6.2 TBS/045008 Mobile Safari/537.36 MMWEBID/6559 MicroMessenger/7.0.8.1540(0x27000834) Process/tools NetType/4G Language/zh_CN ABI/arm64',
  'upgrade-insecure-requests' => '1',
  'host' => 'tlhb.wxjoi.com',
  'cookie' => 'PHPSESSID=auhkr1s5l269odpet1b7gmq8v6',
  'connection' => 'close',
  'accept-language' => 'zh-CN,en-US;q=0.9',
  'accept-encoding' => 'gzip',
  'accept' => 'text/html,application/xhtml+xml,application/xml;q=0.9,image/webp,image/apng,image/wxpic,image/sharpp,image/apng,image/tpg,*/*;q=0.8',
)
[ info ] [ PARAM ] array (
)
[ info ] [ LANG ] /www/wwwroot/tlhb.wxjoi.com/public/../application/index/lang/zh-cn.php
[ info ] [ BEHAVIOR ] Run app\common\behavior\Common @module_init [ RunTime:0.004328s ]
[ info ] [ SESSION ] INIT array (
  'id' => '',
  'var_session_id' => '',
  'prefix' => 'think',
  'type' => '',
  'auto_start' => true,
)
[ info ] [ RUN ] app\index\controller\Index->index[ /www/wwwroot/tlhb.wxjoi.com/application/index/controller/Index.php ]
[ info ] [ DB ] INIT mysql
[ info ] [ VIEW ] /www/wwwroot/tlhb.wxjoi.com/public/../application/index/view/index/index.html [ array (
  0 => 'toppro',
  1 => 'pro',
) ]
[ info ] [ LOG ] INIT File
[ sql ] [ DB ] CONNECT:[ UseTime:0.000443s ] mysql:host=127.0.0.1;dbname=tlhb;charset=utf8
[ sql ] [ SQL ] SHOW COLUMNS FROM `zc_pro` [ RunTime:0.001077s ]
[ sql ] [ SQL ] SELECT * FROM `zc_pro` WHERE  `status` = '1'  AND `topstatus` = '0' ORDER BY `createtime` ASC [ RunTime:0.000369s ]
[ sql ] [ SQL ] SELECT * FROM `zc_pro` WHERE  `id` = 4 LIMIT 1 [ RunTime:0.000218s ]
[ sql ] [ SQL ] SHOW COLUMNS FROM `zc_pro_order` [ RunTime:0.000612s ]
[ sql ] [ SQL ] SELECT * FROM `zc_pro_order` WHERE  `proid` = 4  AND `price` = 50  AND `order_status` > '0' [ RunTime:0.000278s ]
[ sql ] [ SQL ] SELECT * FROM `zc_pro` WHERE  `id` = 3 LIMIT 1 [ RunTime:0.000522s ]
[ sql ] [ SQL ] SELECT * FROM `zc_pro_order` WHERE  `proid` = 3  AND `price` = 50  AND `order_status` > '0' [ RunTime:0.000321s ]
[ sql ] [ SQL ] SELECT * FROM `zc_pro` WHERE  `status` = '1'  AND `topstatus` = '1' LIMIT 1 [ RunTime:0.000383s ]
[ sql ] [ SQL ] SELECT * FROM `zc_pro` WHERE  `id` = 5 LIMIT 1 [ RunTime:0.000313s ]
[ sql ] [ SQL ] SELECT * FROM `zc_pro_order` WHERE  `proid` = 5  AND `price` = 50  AND `order_status` > '0' [ RunTime:0.000285s ]
---------------------------------------------------------------
[ 2019-11-18T06:50:16+08:00 ] 117.136.0.201 GET tlhb.wxjoi.com/favicon.ico
[运行时间：0.023396s] [吞吐率：42.74req/s] [内存消耗：2,147.87kb] [文件加载：113]
[ info ] [ BEHAVIOR ] Run Closure @app_init [ RunTime:0.000024s ]
[ info ] [ CACHE ] INIT File
[ info ] [ BEHAVIOR ] Run \addons\epay\Epay @app_init [ RunTime:0.001877s ]
[ info ] [ BEHAVIOR ] Run Closure @app_init [ RunTime:0.001896s ]
[ info ] [ LANG ] /www/wwwroot/tlhb.wxjoi.com/thinkphp/lang/zh-cn.php
[ info ] [ ROUTE ] array (
  'type' => 'module',
  'module' => 
  array (
    0 => 'favicon.ico',
    1 => NULL,
    2 => NULL,
  ),
)
[ info ] [ HEADER ] array (
  'cookie' => 'PHPSESSID=auhkr1s5l269odpet1b7gmq8v6',
  'accept-language' => 'zh-CN,en-US;q=0.9',
  'accept-encoding' => 'gzip, deflate',
  'referer' => 'http://tlhb.wxjoi.com/',
  'accept' => 'image/webp,image/wxpic,image/sharpp,image/apng,image/tpg,image/*,*/*;q=0.8',
  'user-agent' => 'Mozilla/5.0 (Linux; Android 9; ALP-AL00 Build/HUAWEIALP-AL00; wv) AppleWebKit/537.36 (KHTML, like Gecko) Version/4.0 Chrome/66.0.3359.126 MQQBrowser/6.2 TBS/045008 Mobile Safari/537.36 MMWEBID/6559 MicroMessenger/7.0.8.1540(0x27000834) Process/tools NetType/4G Language/zh_CN ABI/arm64',
  'connection' => 'keep-alive',
  'host' => 'tlhb.wxjoi.com',
)
[ info ] [ PARAM ] array (
)
[ info ] [ LOG ] INIT File
---------------------------------------------------------------
[ 2019-11-18T14:21:37+08:00 ] 180.112.44.250 GET tlhb.wxjoi.com/admin/pro_order?ref=addtabs
[运行时间：0.050613s] [吞吐率：19.76req/s] [内存消耗：2,759.54kb] [文件加载：127]
[ info ] [ BEHAVIOR ] Run Closure @app_init [ RunTime:0.000027s ]
[ info ] [ CACHE ] INIT File
[ info ] [ BEHAVIOR ] Run \addons\epay\Epay @app_init [ RunTime:0.001809s ]
[ info ] [ BEHAVIOR ] Run Closure @app_init [ RunTime:0.001823s ]
[ info ] [ LANG ] /www/wwwroot/tlhb.wxjoi.com/thinkphp/lang/zh-cn.php
[ info ] [ ROUTE ] array (
  'type' => 'module',
  'module' => 
  array (
    0 => 'admin',
    1 => 'pro_order',
    2 => NULL,
  ),
)
[ info ] [ HEADER ] array (
  'cookie' => 'UM_distinctid=16bac874f8c1f0-09e5e261753e08-37c153e-ff000-16bac874f8d4b9; _qddaz=QD.zaqrpu.3mb9u5.jy5c86xy; keeplogin=1%7C86400%7C1573717163%7Cbc95f1b93eb7f6c6afeb29acc7803e65',
  'accept-language' => 'zh-CN,zh;q=0.9',
  'accept-encoding' => 'gzip, deflate',
  'accept' => 'text/html,application/xhtml+xml,application/xml;q=0.9,image/webp,image/apng,*/*;q=0.8,application/signed-exchange;v=b3',
  'user-agent' => 'Mozilla/5.0 (Windows NT 10.0; Win64; x64) AppleWebKit/537.36 (KHTML, like Gecko) Chrome/75.0.3770.80 Safari/537.36',
  'upgrade-insecure-requests' => '1',
  'connection' => 'keep-alive',
  'host' => 'tlhb.wxjoi.com',
)
[ info ] [ PARAM ] array (
  'ref' => 'addtabs',
)
[ info ] [ LANG ] /www/wwwroot/tlhb.wxjoi.com/public/../application/admin/lang/zh-cn.php
[ info ] [ BEHAVIOR ] Run app\common\behavior\Common @module_init [ RunTime:0.001418s ]
[ info ] [ SESSION ] INIT array (
  'id' => '',
  'var_session_id' => '',
  'prefix' => 'think',
  'type' => '',
  'auto_start' => true,
)
[ info ] [ VIEW ] /www/wwwroot/tlhb.wxjoi.com/public/../application/common/view/tpl/dispatch_jump.tpl [ array (
  0 => 'code',
  1 => 'msg',
  2 => 'data',
  3 => 'url',
  4 => 'wait',
) ]
[ info ] [ BEHAVIOR ] Run app\admin\behavior\AdminLog @app_end [ RunTime:0.001547s ]
[ info ] [ LOG ] INIT File
---------------------------------------------------------------
[ 2019-11-18T14:21:39+08:00 ] 180.112.44.250 GET tlhb.wxjoi.com/admin/index/login?url=%2Fadmin%2Fpro_order%3Fref%3Daddtabs
[运行时间：0.052098s] [吞吐率：19.19req/s] [内存消耗：3,071.71kb] [文件加载：130]
[ info ] [ BEHAVIOR ] Run Closure @app_init [ RunTime:0.000025s ]
[ info ] [ CACHE ] INIT File
[ info ] [ BEHAVIOR ] Run \addons\epay\Epay @app_init [ RunTime:0.003799s ]
[ info ] [ BEHAVIOR ] Run Closure @app_init [ RunTime:0.003827s ]
[ info ] [ LANG ] /www/wwwroot/tlhb.wxjoi.com/thinkphp/lang/zh-cn.php
[ info ] [ ROUTE ] array (
  'type' => 'module',
  'module' => 
  array (
    0 => 'admin',
    1 => 'index',
    2 => 'login',
  ),
)
[ info ] [ HEADER ] array (
  'cookie' => 'UM_distinctid=16bac874f8c1f0-09e5e261753e08-37c153e-ff000-16bac874f8d4b9; _qddaz=QD.zaqrpu.3mb9u5.jy5c86xy; keeplogin=1%7C86400%7C1573717163%7Cbc95f1b93eb7f6c6afeb29acc7803e65; PHPSESSID=cs3i4kdnv9165ijaog607d3he2',
  'accept-language' => 'zh-CN,zh;q=0.9',
  'accept-encoding' => 'gzip, deflate',
  'referer' => 'http://tlhb.wxjoi.com/admin/pro_order?ref=addtabs',
  'accept' => 'text/html,application/xhtml+xml,application/xml;q=0.9,image/webp,image/apng,*/*;q=0.8,application/signed-exchange;v=b3',
  'user-agent' => 'Mozilla/5.0 (Windows NT 10.0; Win64; x64) AppleWebKit/537.36 (KHTML, like Gecko) Chrome/75.0.3770.80 Safari/537.36',
  'upgrade-insecure-requests' => '1',
  'connection' => 'keep-alive',
  'host' => 'tlhb.wxjoi.com',
)
[ info ] [ PARAM ] array (
  'url' => '/admin/pro_order?ref=addtabs',
)
[ info ] [ LANG ] /www/wwwroot/tlhb.wxjoi.com/public/../application/admin/lang/zh-cn.php
[ info ] [ BEHAVIOR ] Run app\common\behavior\Common @module_init [ RunTime:0.001351s ]
[ info ] [ SESSION ] INIT array (
  'id' => '',
  'var_session_id' => '',
  'prefix' => 'think',
  'type' => '',
  'auto_start' => true,
)
[ info ] [ LANG ] /www/wwwroot/tlhb.wxjoi.com/public/../application/admin/lang/zh-cn/index.php
[ info ] [ RUN ] app\admin\controller\Index->login[ /www/wwwroot/tlhb.wxjoi.com/application/admin/controller/Index.php ]
[ info ] [ VIEW ] /www/wwwroot/tlhb.wxjoi.com/public/../application/admin/view/index/login.html [ array (
  0 => 'breadcrumb',
  1 => 'site',
  2 => 'config',
  3 => 'auth',
  4 => 'admin',
  5 => 'background',
  6 => 'title',
) ]
[ info ] [ BEHAVIOR ] Run app\admin\behavior\AdminLog @app_end [ RunTime:0.000126s ]
[ info ] [ LOG ] INIT File
---------------------------------------------------------------
[ 2019-11-18T14:21:39+08:00 ] 180.112.44.250 GET tlhb.wxjoi.com/index.php?s=/captcha
[运行时间：0.051033s] [吞吐率：19.60req/s] [内存消耗：2,172.02kb] [文件加载：112]
[ info ] [ BEHAVIOR ] Run Closure @app_init [ RunTime:0.000028s ]
[ info ] [ CACHE ] INIT File
[ info ] [ BEHAVIOR ] Run \addons\epay\Epay @app_init [ RunTime:0.001807s ]
[ info ] [ BEHAVIOR ] Run Closure @app_init [ RunTime:0.001823s ]
[ info ] [ LANG ] /www/wwwroot/tlhb.wxjoi.com/thinkphp/lang/zh-cn.php
[ info ] [ ROUTE ] array (
  'type' => 'method',
  'method' => 
  array (
    0 => '\\think\\captcha\\CaptchaController',
    1 => 'index',
  ),
  'var' => 
  array (
  ),
)
[ info ] [ HEADER ] array (
  'cookie' => 'UM_distinctid=16bac874f8c1f0-09e5e261753e08-37c153e-ff000-16bac874f8d4b9; _qddaz=QD.zaqrpu.3mb9u5.jy5c86xy; keeplogin=1%7C86400%7C1573717163%7Cbc95f1b93eb7f6c6afeb29acc7803e65; PHPSESSID=cs3i4kdnv9165ijaog607d3he2',
  'accept-language' => 'zh-CN,zh;q=0.9',
  'accept-encoding' => 'gzip, deflate',
  'referer' => 'http://tlhb.wxjoi.com/admin/index/login?url=%2Fadmin%2Fpro_order%3Fref%3Daddtabs',
  'accept' => 'image/webp,image/apng,image/*,*/*;q=0.8',
  'user-agent' => 'Mozilla/5.0 (Windows NT 10.0; Win64; x64) AppleWebKit/537.36 (KHTML, like Gecko) Chrome/75.0.3770.80 Safari/537.36',
  'connection' => 'keep-alive',
  'host' => 'tlhb.wxjoi.com',
)
[ info ] [ PARAM ] array (
  'id' => NULL,
)
[ info ] [ RUN ] think\captcha\CaptchaController->index[ /www/wwwroot/tlhb.wxjoi.com/vendor/topthink/think-captcha/src/CaptchaController.php ]
[ info ] [ SESSION ] INIT array (
  'id' => '',
  'var_session_id' => '',
  'prefix' => 'think',
  'type' => '',
  'auto_start' => true,
)
[ info ] [ LOG ] INIT File
---------------------------------------------------------------
[ 2019-11-18T14:21:40+08:00 ] 180.112.44.250 GET tlhb.wxjoi.com/admin/ajax/lang?callback=define&controllername=index&v=1574058099
[运行时间：0.043356s] [吞吐率：23.06req/s] [内存消耗：3,077.59kb] [文件加载：130]
[ info ] [ BEHAVIOR ] Run Closure @app_init [ RunTime:0.000025s ]
[ info ] [ CACHE ] INIT File
[ info ] [ BEHAVIOR ] Run \addons\epay\Epay @app_init [ RunTime:0.003294s ]
[ info ] [ BEHAVIOR ] Run Closure @app_init [ RunTime:0.003314s ]
[ info ] [ LANG ] /www/wwwroot/tlhb.wxjoi.com/thinkphp/lang/zh-cn.php
[ info ] [ ROUTE ] array (
  'type' => 'module',
  'module' => 
  array (
    0 => 'admin',
    1 => 'ajax',
    2 => 'lang',
  ),
)
[ info ] [ HEADER ] array (
  'cookie' => 'UM_distinctid=16bac874f8c1f0-09e5e261753e08-37c153e-ff000-16bac874f8d4b9; _qddaz=QD.zaqrpu.3mb9u5.jy5c86xy; keeplogin=1%7C86400%7C1573717163%7Cbc95f1b93eb7f6c6afeb29acc7803e65; PHPSESSID=cs3i4kdnv9165ijaog607d3he2',
  'accept-language' => 'zh-CN,zh;q=0.9',
  'accept-encoding' => 'gzip, deflate',
  'referer' => 'http://tlhb.wxjoi.com/admin/index/login?url=%2Fadmin%2Fpro_order%3Fref%3Daddtabs',
  'accept' => '*/*',
  'user-agent' => 'Mozilla/5.0 (Windows NT 10.0; Win64; x64) AppleWebKit/537.36 (KHTML, like Gecko) Chrome/75.0.3770.80 Safari/537.36',
  'connection' => 'keep-alive',
  'host' => 'tlhb.wxjoi.com',
)
[ info ] [ PARAM ] array (
  'callback' => 'define',
  'controllername' => 'index',
  'v' => '1574058099',
)
[ info ] [ LANG ] /www/wwwroot/tlhb.wxjoi.com/public/../application/admin/lang/zh-cn.php
[ info ] [ BEHAVIOR ] Run app\common\behavior\Common @module_init [ RunTime:0.001405s ]
[ info ] [ SESSION ] INIT array (
  'id' => '',
  'var_session_id' => '',
  'prefix' => 'think',
  'type' => '',
  'auto_start' => true,
)
[ info ] [ LANG ] /www/wwwroot/tlhb.wxjoi.com/public/../application/admin/lang/zh-cn/ajax.php
[ info ] [ RUN ] app\admin\controller\Ajax->lang[ /www/wwwroot/tlhb.wxjoi.com/application/admin/controller/Ajax.php ]
[ info ] [ LANG ] /www/wwwroot/tlhb.wxjoi.com/public/../application/admin/lang/zh-cn/index.php
[ info ] [ BEHAVIOR ] Run app\admin\behavior\AdminLog @app_end [ RunTime:0.000108s ]
[ info ] [ LOG ] INIT File
---------------------------------------------------------------
[ 2019-11-18T14:21:47+08:00 ] 180.112.44.250 POST tlhb.wxjoi.com/admin/index/login?url=%2Fadmin%2Fpro_order%3Fref%3Daddtabs
[运行时间：0.151222s] [吞吐率：6.61req/s] [内存消耗：3,824.32kb] [文件加载：138]
[ info ] [ BEHAVIOR ] Run Closure @app_init [ RunTime:0.000026s ]
[ info ] [ CACHE ] INIT File
[ info ] [ BEHAVIOR ] Run \addons\epay\Epay @app_init [ RunTime:0.001838s ]
[ info ] [ BEHAVIOR ] Run Closure @app_init [ RunTime:0.001856s ]
[ info ] [ LANG ] /www/wwwroot/tlhb.wxjoi.com/thinkphp/lang/zh-cn.php
[ info ] [ ROUTE ] array (
  'type' => 'module',
  'module' => 
  array (
    0 => 'admin',
    1 => 'index',
    2 => 'login',
  ),
)
[ info ] [ HEADER ] array (
  'cookie' => 'UM_distinctid=16bac874f8c1f0-09e5e261753e08-37c153e-ff000-16bac874f8d4b9; _qddaz=QD.zaqrpu.3mb9u5.jy5c86xy; keeplogin=1%7C86400%7C1573717163%7Cbc95f1b93eb7f6c6afeb29acc7803e65; PHPSESSID=cs3i4kdnv9165ijaog607d3he2',
  'accept-language' => 'zh-CN,zh;q=0.9',
  'accept-encoding' => 'gzip, deflate',
  'referer' => 'http://tlhb.wxjoi.com/admin/index/login?url=%2Fadmin%2Fpro_order%3Fref%3Daddtabs',
  'user-agent' => 'Mozilla/5.0 (Windows NT 10.0; Win64; x64) AppleWebKit/537.36 (KHTML, like Gecko) Chrome/75.0.3770.80 Safari/537.36',
  'x-requested-with' => 'XMLHttpRequest',
  'origin' => 'http://tlhb.wxjoi.com',
  'accept' => 'application/json, text/javascript, */*; q=0.01',
  'connection' => 'keep-alive',
  'host' => 'tlhb.wxjoi.com',
  'content-type' => 'application/x-www-form-urlencoded; charset=UTF-8',
  'content-length' => '96',
)
[ info ] [ PARAM ] array (
  'url' => '/admin/pro_order?ref=addtabs',
  '__token__' => 'bc7d3b521029d7f16cda0f07636bd71e',
  'username' => 'admin',
  'password' => 'MwLfbzJf8wn2GsS8',
  'captcha' => 'ufdy',
)
[ info ] [ LANG ] /www/wwwroot/tlhb.wxjoi.com/public/../application/admin/lang/zh-cn.php
[ info ] [ BEHAVIOR ] Run app\common\behavior\Common @module_init [ RunTime:0.001197s ]
[ info ] [ SESSION ] INIT array (
  'id' => '',
  'var_session_id' => '',
  'prefix' => 'think',
  'type' => '',
  'auto_start' => true,
)
[ info ] [ LANG ] /www/wwwroot/tlhb.wxjoi.com/public/../application/admin/lang/zh-cn/index.php
[ info ] [ RUN ] app\admin\controller\Index->login[ /www/wwwroot/tlhb.wxjoi.com/application/admin/controller/Index.php ]
[ info ] [ DB ] INIT mysql
[ info ] [ BEHAVIOR ] Run app\admin\behavior\AdminLog @app_end [ RunTime:0.088929s ]
[ info ] [ LOG ] INIT File
[ sql ] [ DB ] CONNECT:[ UseTime:0.000396s ] mysql:host=127.0.0.1;dbname=tlhb;charset=utf8
[ sql ] [ SQL ] SHOW COLUMNS FROM `zc_admin_log` [ RunTime:0.000798s ]
[ sql ] [ SQL ] INSERT INTO `zc_admin_log` (`title` , `content` , `url` , `admin_id` , `username` , `useragent` , `ip` , `createtime`) VALUES ('' , '{\"url\":\"\\/admin\\/pro_order?ref=addtabs\",\"__token__\":\"bc7d3b521029d7f16cda0f07636bd71e\",\"username\":\"admin\",\"captcha\":\"ufdy\"}' , '/admin/index/login?url=%2Fadmin%2Fpro_order%3Fref%3Daddtabs' , 0 , 'Unknown' , 'Mozilla/5.0 (Windows NT 10.0; Win64; x64) AppleWebKit/537.36 (KHTML, like Gecko) Chrome/75.0.3770.80 Safari/537.36' , '180.112.44.250' , 1574058107) [ RunTime:0.063889s ]
---------------------------------------------------------------
[ 2019-11-18T14:21:47+08:00 ] 180.112.44.250 GET tlhb.wxjoi.com/index.php?s=/captcha&r=0.9350282226832265
[运行时间：0.064296s] [吞吐率：15.55req/s] [内存消耗：2,172.20kb] [文件加载：112]
[ info ] [ BEHAVIOR ] Run Closure @app_init [ RunTime:0.000026s ]
[ info ] [ CACHE ] INIT File
[ info ] [ BEHAVIOR ] Run \addons\epay\Epay @app_init [ RunTime:0.003161s ]
[ info ] [ BEHAVIOR ] Run Closure @app_init [ RunTime:0.003175s ]
[ info ] [ LANG ] /www/wwwroot/tlhb.wxjoi.com/thinkphp/lang/zh-cn.php
[ info ] [ ROUTE ] array (
  'type' => 'method',
  'method' => 
  array (
    0 => '\\think\\captcha\\CaptchaController',
    1 => 'index',
  ),
  'var' => 
  array (
  ),
)
[ info ] [ HEADER ] array (
  'cookie' => 'UM_distinctid=16bac874f8c1f0-09e5e261753e08-37c153e-ff000-16bac874f8d4b9; _qddaz=QD.zaqrpu.3mb9u5.jy5c86xy; keeplogin=1%7C86400%7C1573717163%7Cbc95f1b93eb7f6c6afeb29acc7803e65; PHPSESSID=cs3i4kdnv9165ijaog607d3he2',
  'accept-language' => 'zh-CN,zh;q=0.9',
  'accept-encoding' => 'gzip, deflate',
  'referer' => 'http://tlhb.wxjoi.com/admin/index/login?url=%2Fadmin%2Fpro_order%3Fref%3Daddtabs',
  'accept' => 'image/webp,image/apng,image/*,*/*;q=0.8',
  'user-agent' => 'Mozilla/5.0 (Windows NT 10.0; Win64; x64) AppleWebKit/537.36 (KHTML, like Gecko) Chrome/75.0.3770.80 Safari/537.36',
  'connection' => 'keep-alive',
  'host' => 'tlhb.wxjoi.com',
)
[ info ] [ PARAM ] array (
  'r' => '0.9350282226832265',
  'id' => NULL,
)
[ info ] [ RUN ] think\captcha\CaptchaController->index[ /www/wwwroot/tlhb.wxjoi.com/vendor/topthink/think-captcha/src/CaptchaController.php ]
[ info ] [ SESSION ] INIT array (
  'id' => '',
  'var_session_id' => '',
  'prefix' => 'think',
  'type' => '',
  'auto_start' => true,
)
[ info ] [ LOG ] INIT File
---------------------------------------------------------------
[ 2019-11-18T14:21:57+08:00 ] 180.112.44.250 POST tlhb.wxjoi.com/admin/index/login?url=%2Fadmin%2Fpro_order%3Fref%3Daddtabs
[运行时间：0.067012s] [吞吐率：14.92req/s] [内存消耗：3,861.88kb] [文件加载：140]
[ info ] [ BEHAVIOR ] Run Closure @app_init [ RunTime:0.000026s ]
[ info ] [ CACHE ] INIT File
[ info ] [ BEHAVIOR ] Run \addons\epay\Epay @app_init [ RunTime:0.002029s ]
[ info ] [ BEHAVIOR ] Run Closure @app_init [ RunTime:0.002045s ]
[ info ] [ LANG ] /www/wwwroot/tlhb.wxjoi.com/thinkphp/lang/zh-cn.php
[ info ] [ ROUTE ] array (
  'type' => 'module',
  'module' => 
  array (
    0 => 'admin',
    1 => 'index',
    2 => 'login',
  ),
)
[ info ] [ HEADER ] array (
  'cookie' => 'UM_distinctid=16bac874f8c1f0-09e5e261753e08-37c153e-ff000-16bac874f8d4b9; _qddaz=QD.zaqrpu.3mb9u5.jy5c86xy; keeplogin=1%7C86400%7C1573717163%7Cbc95f1b93eb7f6c6afeb29acc7803e65; PHPSESSID=cs3i4kdnv9165ijaog607d3he2',
  'accept-language' => 'zh-CN,zh;q=0.9',
  'accept-encoding' => 'gzip, deflate',
  'referer' => 'http://tlhb.wxjoi.com/admin/index/login?url=%2Fadmin%2Fpro_order%3Fref%3Daddtabs',
  'user-agent' => 'Mozilla/5.0 (Windows NT 10.0; Win64; x64) AppleWebKit/537.36 (KHTML, like Gecko) Chrome/75.0.3770.80 Safari/537.36',
  'x-requested-with' => 'XMLHttpRequest',
  'origin' => 'http://tlhb.wxjoi.com',
  'accept' => 'application/json, text/javascript, */*; q=0.01',
  'connection' => 'keep-alive',
  'host' => 'tlhb.wxjoi.com',
  'content-type' => 'application/x-www-form-urlencoded; charset=UTF-8',
  'content-length' => '96',
)
[ info ] [ PARAM ] array (
  'url' => '/admin/pro_order?ref=addtabs',
  '__token__' => '2c47301ca0c06d6a2f0b6c95677f3c29',
  'username' => 'admin',
  'password' => 'MwLfbzJf8wn2GsS8',
  'captcha' => 'bgwq',
)
[ info ] [ LANG ] /www/wwwroot/tlhb.wxjoi.com/public/../application/admin/lang/zh-cn.php
[ info ] [ BEHAVIOR ] Run app\common\behavior\Common @module_init [ RunTime:0.001347s ]
[ info ] [ SESSION ] INIT array (
  'id' => '',
  'var_session_id' => '',
  'prefix' => 'think',
  'type' => '',
  'auto_start' => true,
)
[ info ] [ LANG ] /www/wwwroot/tlhb.wxjoi.com/public/../application/admin/lang/zh-cn/index.php
[ info ] [ RUN ] app\admin\controller\Index->login[ /www/wwwroot/tlhb.wxjoi.com/application/admin/controller/Index.php ]
[ info ] [ DB ] INIT mysql
[ info ] [ BEHAVIOR ] Run app\admin\behavior\AdminLog @app_end [ RunTime:0.008220s ]
[ info ] [ LOG ] INIT File
[ sql ] [ DB ] CONNECT:[ UseTime:0.000469s ] mysql:host=127.0.0.1;dbname=tlhb;charset=utf8
[ sql ] [ SQL ] SHOW COLUMNS FROM `zc_admin` [ RunTime:0.000815s ]
[ sql ] [ SQL ] SELECT * FROM `zc_admin` WHERE  `username` = 'admin' LIMIT 1 [ RunTime:0.000357s ]
[ sql ] [ SQL ] UPDATE `zc_admin`  SET `logintime`=1574058116,`token`='cc9f7043-9545-4bd2-9a02-7c5283cb2b2a',`updatetime`=1574058116  WHERE  `id` = 2 [ RunTime:0.009085s ]
[ sql ] [ SQL ] SHOW COLUMNS FROM `zc_admin_log` [ RunTime:0.000862s ]
[ sql ] [ SQL ] INSERT INTO `zc_admin_log` (`title` , `content` , `url` , `admin_id` , `username` , `useragent` , `ip` , `createtime`) VALUES ('登录' , '{\"url\":\"\\/admin\\/pro_order?ref=addtabs\",\"__token__\":\"2c47301ca0c06d6a2f0b6c95677f3c29\",\"username\":\"admin\",\"captcha\":\"bgwq\"}' , '/admin/index/login?url=%2Fadmin%2Fpro_order%3Fref%3Daddtabs' , 2 , 'admin' , 'Mozilla/5.0 (Windows NT 10.0; Win64; x64) AppleWebKit/537.36 (KHTML, like Gecko) Chrome/75.0.3770.80 Safari/537.36' , '180.112.44.250' , 1574058117) [ RunTime:0.006754s ]
---------------------------------------------------------------
[ 2019-11-18T14:21:57+08:00 ] 180.112.44.250 GET tlhb.wxjoi.com/admin/pro_order?ref=addtabs
[运行时间：0.045215s] [吞吐率：22.12req/s] [内存消耗：3,604.02kb] [文件加载：134]
[ info ] [ BEHAVIOR ] Run Closure @app_init [ RunTime:0.000028s ]
[ info ] [ CACHE ] INIT File
[ info ] [ BEHAVIOR ] Run \addons\epay\Epay @app_init [ RunTime:0.002056s ]
[ info ] [ BEHAVIOR ] Run Closure @app_init [ RunTime:0.002078s ]
[ info ] [ LANG ] /www/wwwroot/tlhb.wxjoi.com/thinkphp/lang/zh-cn.php
[ info ] [ ROUTE ] array (
  'type' => 'module',
  'module' => 
  array (
    0 => 'admin',
    1 => 'pro_order',
    2 => NULL,
  ),
)
[ info ] [ HEADER ] array (
  'cookie' => 'UM_distinctid=16bac874f8c1f0-09e5e261753e08-37c153e-ff000-16bac874f8d4b9; _qddaz=QD.zaqrpu.3mb9u5.jy5c86xy; keeplogin=1%7C86400%7C1573717163%7Cbc95f1b93eb7f6c6afeb29acc7803e65; PHPSESSID=cs3i4kdnv9165ijaog607d3he2',
  'accept-language' => 'zh-CN,zh;q=0.9',
  'accept-encoding' => 'gzip, deflate',
  'referer' => 'http://tlhb.wxjoi.com/admin/index/login?url=%2Fadmin%2Fpro_order%3Fref%3Daddtabs',
  'accept' => 'text/html,application/xhtml+xml,application/xml;q=0.9,image/webp,image/apng,*/*;q=0.8,application/signed-exchange;v=b3',
  'user-agent' => 'Mozilla/5.0 (Windows NT 10.0; Win64; x64) AppleWebKit/537.36 (KHTML, like Gecko) Chrome/75.0.3770.80 Safari/537.36',
  'upgrade-insecure-requests' => '1',
  'connection' => 'keep-alive',
  'host' => 'tlhb.wxjoi.com',
)
[ info ] [ PARAM ] array (
  'ref' => 'addtabs',
)
[ info ] [ LANG ] /www/wwwroot/tlhb.wxjoi.com/public/../application/admin/lang/zh-cn.php
[ info ] [ BEHAVIOR ] Run app\common\behavior\Common @module_init [ RunTime:0.001414s ]
[ info ] [ SESSION ] INIT array (
  'id' => '',
  'var_session_id' => '',
  'prefix' => 'think',
  'type' => '',
  'auto_start' => true,
)
[ info ] [ DB ] INIT mysql
[ info ] [ BEHAVIOR ] Run app\admin\behavior\AdminLog @app_end [ RunTime:0.000105s ]
[ info ] [ LOG ] INIT File
[ sql ] [ DB ] CONNECT:[ UseTime:0.000484s ] mysql:host=127.0.0.1;dbname=tlhb;charset=utf8
[ sql ] [ SQL ] SHOW COLUMNS FROM `zc_auth_group_access` [ RunTime:0.000788s ]
[ sql ] [ SQL ] SELECT `aga`.`uid`,`aga`.`group_id`,`ag`.`id`,`ag`.`pid`,`ag`.`name`,`ag`.`rules` FROM `zc_auth_group_access` `aga` LEFT JOIN `zc_auth_group` `ag` ON `aga`.`group_id`=`ag`.`id` WHERE  (  aga.uid='2' and ag.status='normal' ) [ RunTime:0.000271s ]
[ sql ] [ SQL ] SHOW COLUMNS FROM `zc_auth_rule` [ RunTime:0.000621s ]
[ sql ] [ SQL ] SELECT `id`,`pid`,`condition`,`icon`,`name`,`title`,`ismenu` FROM `zc_auth_rule` WHERE  `status` = 'normal'  AND `id` IN (8,29,30,31,32,33,34,92,93,94,95,96,97,98,99,100,101,102,103,104,105,106,107,108,109,110,111,112,113,114,115,116,117,118,119,120,121,122,123,124,125,126,127,128,129,130,131,132,133,134,135,136,137,138,139,140,141,142,143,144,145,146,147,148,149,150,151,152,153,154,156,157,158,159,160,161,2) [ RunTime:0.000422s ]
---------------------------------------------------------------
[ 2019-11-18T14:21:57+08:00 ] 180.112.44.250 GET tlhb.wxjoi.com/admin/index/index
[运行时间：0.147637s] [吞吐率：6.77req/s] [内存消耗：4,076.00kb] [文件加载：149]
[ info ] [ BEHAVIOR ] Run Closure @app_init [ RunTime:0.000026s ]
[ info ] [ CACHE ] INIT File
[ info ] [ BEHAVIOR ] Run \addons\epay\Epay @app_init [ RunTime:0.002230s ]
[ info ] [ BEHAVIOR ] Run Closure @app_init [ RunTime:0.002254s ]
[ info ] [ LANG ] /www/wwwroot/tlhb.wxjoi.com/thinkphp/lang/zh-cn.php
[ info ] [ ROUTE ] array (
  'type' => 'module',
  'module' => 
  array (
    0 => 'admin',
    1 => 'index',
    2 => 'index',
  ),
)
[ info ] [ HEADER ] array (
  'cookie' => 'UM_distinctid=16bac874f8c1f0-09e5e261753e08-37c153e-ff000-16bac874f8d4b9; _qddaz=QD.zaqrpu.3mb9u5.jy5c86xy; keeplogin=1%7C86400%7C1573717163%7Cbc95f1b93eb7f6c6afeb29acc7803e65; PHPSESSID=cs3i4kdnv9165ijaog607d3he2',
  'accept-language' => 'zh-CN,zh;q=0.9',
  'accept-encoding' => 'gzip, deflate',
  'referer' => 'http://tlhb.wxjoi.com/admin/index/login?url=%2Fadmin%2Fpro_order%3Fref%3Daddtabs',
  'accept' => 'text/html,application/xhtml+xml,application/xml;q=0.9,image/webp,image/apng,*/*;q=0.8,application/signed-exchange;v=b3',
  'user-agent' => 'Mozilla/5.0 (Windows NT 10.0; Win64; x64) AppleWebKit/537.36 (KHTML, like Gecko) Chrome/75.0.3770.80 Safari/537.36',
  'upgrade-insecure-requests' => '1',
  'connection' => 'keep-alive',
  'host' => 'tlhb.wxjoi.com',
)
[ info ] [ PARAM ] array (
)
[ info ] [ LANG ] /www/wwwroot/tlhb.wxjoi.com/public/../application/admin/lang/zh-cn.php
[ info ] [ BEHAVIOR ] Run app\common\behavior\Common @module_init [ RunTime:0.001426s ]
[ info ] [ SESSION ] INIT array (
  'id' => '',
  'var_session_id' => '',
  'prefix' => 'think',
  'type' => '',
  'auto_start' => true,
)
[ info ] [ LANG ] /www/wwwroot/tlhb.wxjoi.com/public/../application/admin/lang/zh-cn/index.php
[ info ] [ RUN ] app\admin\controller\Index->index[ /www/wwwroot/tlhb.wxjoi.com/application/admin/controller/Index.php ]
[ info ] [ DB ] INIT mysql
[ info ] [ VIEW ] /www/wwwroot/tlhb.wxjoi.com/public/../application/admin/view/index/index.html [ array (
  0 => 'breadcrumb',
  1 => 'site',
  2 => 'config',
  3 => 'auth',
  4 => 'admin',
  5 => 'menulist',
  6 => 'navlist',
  7 => 'fixedmenu',
  8 => 'referermenu',
  9 => 'title',
) ]
[ info ] [ BEHAVIOR ] Run app\admin\behavior\AdminLog @app_end [ RunTime:0.000168s ]
[ info ] [ LOG ] INIT File
[ sql ] [ DB ] CONNECT:[ UseTime:0.000466s ] mysql:host=127.0.0.1;dbname=tlhb;charset=utf8
[ sql ] [ SQL ] SHOW COLUMNS FROM `zc_auth_group_access` [ RunTime:0.000833s ]
[ sql ] [ SQL ] SELECT `aga`.`uid`,`aga`.`group_id`,`ag`.`id`,`ag`.`pid`,`ag`.`name`,`ag`.`rules` FROM `zc_auth_group_access` `aga` LEFT JOIN `zc_auth_group` `ag` ON `aga`.`group_id`=`ag`.`id` WHERE  (  aga.uid='2' and ag.status='normal' ) [ RunTime:0.000233s ]
[ sql ] [ SQL ] SHOW COLUMNS FROM `zc_auth_rule` [ RunTime:0.000594s ]
[ sql ] [ SQL ] SELECT `id`,`pid`,`condition`,`icon`,`name`,`title`,`ismenu` FROM `zc_auth_rule` WHERE  `status` = 'normal'  AND `id` IN (8,29,30,31,32,33,34,92,93,94,95,96,97,98,99,100,101,102,103,104,105,106,107,108,109,110,111,112,113,114,115,116,117,118,119,120,121,122,123,124,125,126,127,128,129,130,131,132,133,134,135,136,137,138,139,140,141,142,143,144,145,146,147,148,149,150,151,152,153,154,156,157,158,159,160,161,2) [ RunTime:0.000422s ]
[ sql ] [ SQL ] SELECT `name`,`pid` FROM `zc_auth_rule` WHERE  `status` = 'normal'  AND `ismenu` = 0  AND `name` LIKE '%/index' [ RunTime:0.000523s ]
---------------------------------------------------------------
[ 2019-11-18T14:21:57+08:00 ] 180.112.44.250 GET tlhb.wxjoi.com/admin/pro_order?addtabs=1
[运行时间：0.089932s] [吞吐率：11.12req/s] [内存消耗：3,930.13kb] [文件加载：139]
[ info ] [ BEHAVIOR ] Run Closure @app_init [ RunTime:0.000031s ]
[ info ] [ CACHE ] INIT File
[ info ] [ BEHAVIOR ] Run \addons\epay\Epay @app_init [ RunTime:0.003563s ]
[ info ] [ BEHAVIOR ] Run Closure @app_init [ RunTime:0.003596s ]
[ info ] [ LANG ] /www/wwwroot/tlhb.wxjoi.com/thinkphp/lang/zh-cn.php
[ info ] [ ROUTE ] array (
  'type' => 'module',
  'module' => 
  array (
    0 => 'admin',
    1 => 'pro_order',
    2 => NULL,
  ),
)
[ info ] [ HEADER ] array (
  'cookie' => 'UM_distinctid=16bac874f8c1f0-09e5e261753e08-37c153e-ff000-16bac874f8d4b9; _qddaz=QD.zaqrpu.3mb9u5.jy5c86xy; keeplogin=1%7C86400%7C1573717163%7Cbc95f1b93eb7f6c6afeb29acc7803e65; PHPSESSID=cs3i4kdnv9165ijaog607d3he2',
  'accept-language' => 'zh-CN,zh;q=0.9',
  'accept-encoding' => 'gzip, deflate',
  'referer' => 'http://tlhb.wxjoi.com/admin/index/index',
  'accept' => 'text/html,application/xhtml+xml,application/xml;q=0.9,image/webp,image/apng,*/*;q=0.8,application/signed-exchange;v=b3',
  'user-agent' => 'Mozilla/5.0 (Windows NT 10.0; Win64; x64) AppleWebKit/537.36 (KHTML, like Gecko) Chrome/75.0.3770.80 Safari/537.36',
  'upgrade-insecure-requests' => '1',
  'connection' => 'keep-alive',
  'host' => 'tlhb.wxjoi.com',
)
[ info ] [ PARAM ] array (
  'addtabs' => '1',
)
[ info ] [ LANG ] /www/wwwroot/tlhb.wxjoi.com/public/../application/admin/lang/zh-cn.php
[ info ] [ BEHAVIOR ] Run app\common\behavior\Common @module_init [ RunTime:0.001209s ]
[ info ] [ SESSION ] INIT array (
  'id' => '',
  'var_session_id' => '',
  'prefix' => 'think',
  'type' => '',
  'auto_start' => true,
)
[ info ] [ DB ] INIT mysql
[ info ] [ LANG ] /www/wwwroot/tlhb.wxjoi.com/public/../application/admin/lang/zh-cn/pro_order.php
[ info ] [ RUN ] app\admin\controller\ProOrder->index[ /www/wwwroot/tlhb.wxjoi.com/application/admin/controller/ProOrder.php ]
[ info ] [ VIEW ] /www/wwwroot/tlhb.wxjoi.com/public/../application/admin/view/pro_order/index.html [ array (
  0 => 'breadcrumb',
  1 => 'site',
  2 => 'config',
  3 => 'auth',
  4 => 'admin',
  5 => 'orderStatusList',
) ]
[ info ] [ BEHAVIOR ] Run app\admin\behavior\AdminLog @app_end [ RunTime:0.000103s ]
[ info ] [ LOG ] INIT File
[ sql ] [ DB ] CONNECT:[ UseTime:0.000404s ] mysql:host=127.0.0.1;dbname=tlhb;charset=utf8
[ sql ] [ SQL ] SHOW COLUMNS FROM `zc_auth_group_access` [ RunTime:0.000803s ]
[ sql ] [ SQL ] SELECT `aga`.`uid`,`aga`.`group_id`,`ag`.`id`,`ag`.`pid`,`ag`.`name`,`ag`.`rules` FROM `zc_auth_group_access` `aga` LEFT JOIN `zc_auth_group` `ag` ON `aga`.`group_id`=`ag`.`id` WHERE  (  aga.uid='2' and ag.status='normal' ) [ RunTime:0.000229s ]
[ sql ] [ SQL ] SHOW COLUMNS FROM `zc_auth_rule` [ RunTime:0.000560s ]
[ sql ] [ SQL ] SELECT `id`,`pid`,`condition`,`icon`,`name`,`title`,`ismenu` FROM `zc_auth_rule` WHERE  `status` = 'normal'  AND `id` IN (8,29,30,31,32,33,34,92,93,94,95,96,97,98,99,100,101,102,103,104,105,106,107,108,109,110,111,112,113,114,115,116,117,118,119,120,121,122,123,124,125,126,127,128,129,130,131,132,133,134,135,136,137,138,139,140,141,142,143,144,145,146,147,148,149,150,151,152,153,154,156,157,158,159,160,161,2) [ RunTime:0.000357s ]
[ sql ] [ SQL ] SELECT `title`,`remark` FROM `zc_auth_rule` WHERE  `name` = 'proorder' LIMIT 1 [ RunTime:0.000389s ]
---------------------------------------------------------------
[ 2019-11-18T14:21:58+08:00 ] 180.112.44.250 GET tlhb.wxjoi.com/admin/ajax/lang?callback=define&controllername=index&v=1574058117
[运行时间：0.043985s] [吞吐率：22.73req/s] [内存消耗：3,078.68kb] [文件加载：130]
[ info ] [ BEHAVIOR ] Run Closure @app_init [ RunTime:0.000031s ]
[ info ] [ CACHE ] INIT File
[ info ] [ BEHAVIOR ] Run \addons\epay\Epay @app_init [ RunTime:0.003643s ]
[ info ] [ BEHAVIOR ] Run Closure @app_init [ RunTime:0.003668s ]
[ info ] [ LANG ] /www/wwwroot/tlhb.wxjoi.com/thinkphp/lang/zh-cn.php
[ info ] [ ROUTE ] array (
  'type' => 'module',
  'module' => 
  array (
    0 => 'admin',
    1 => 'ajax',
    2 => 'lang',
  ),
)
[ info ] [ HEADER ] array (
  'cookie' => 'UM_distinctid=16bac874f8c1f0-09e5e261753e08-37c153e-ff000-16bac874f8d4b9; _qddaz=QD.zaqrpu.3mb9u5.jy5c86xy; keeplogin=1%7C86400%7C1573717163%7Cbc95f1b93eb7f6c6afeb29acc7803e65; PHPSESSID=cs3i4kdnv9165ijaog607d3he2',
  'accept-language' => 'zh-CN,zh;q=0.9',
  'accept-encoding' => 'gzip, deflate',
  'referer' => 'http://tlhb.wxjoi.com/admin/index/index',
  'accept' => '*/*',
  'user-agent' => 'Mozilla/5.0 (Windows NT 10.0; Win64; x64) AppleWebKit/537.36 (KHTML, like Gecko) Chrome/75.0.3770.80 Safari/537.36',
  'connection' => 'keep-alive',
  'host' => 'tlhb.wxjoi.com',
)
[ info ] [ PARAM ] array (
  'callback' => 'define',
  'controllername' => 'index',
  'v' => '1574058117',
)
[ info ] [ LANG ] /www/wwwroot/tlhb.wxjoi.com/public/../application/admin/lang/zh-cn.php
[ info ] [ BEHAVIOR ] Run app\common\behavior\Common @module_init [ RunTime:0.001764s ]
[ info ] [ SESSION ] INIT array (
  'id' => '',
  'var_session_id' => '',
  'prefix' => 'think',
  'type' => '',
  'auto_start' => true,
)
[ info ] [ LANG ] /www/wwwroot/tlhb.wxjoi.com/public/../application/admin/lang/zh-cn/ajax.php
[ info ] [ RUN ] app\admin\controller\Ajax->lang[ /www/wwwroot/tlhb.wxjoi.com/application/admin/controller/Ajax.php ]
[ info ] [ LANG ] /www/wwwroot/tlhb.wxjoi.com/public/../application/admin/lang/zh-cn/index.php
[ info ] [ BEHAVIOR ] Run app\admin\behavior\AdminLog @app_end [ RunTime:0.000116s ]
[ info ] [ LOG ] INIT File
---------------------------------------------------------------
[ 2019-11-18T14:21:58+08:00 ] 180.112.44.250 GET tlhb.wxjoi.com/admin/ajax/lang?callback=define&controllername=pro_order&v=1574058117
[运行时间：0.035895s] [吞吐率：27.86req/s] [内存消耗：3,074.90kb] [文件加载：130]
[ info ] [ BEHAVIOR ] Run Closure @app_init [ RunTime:0.000024s ]
[ info ] [ CACHE ] INIT File
[ info ] [ BEHAVIOR ] Run \addons\epay\Epay @app_init [ RunTime:0.001915s ]
[ info ] [ BEHAVIOR ] Run Closure @app_init [ RunTime:0.001930s ]
[ info ] [ LANG ] /www/wwwroot/tlhb.wxjoi.com/thinkphp/lang/zh-cn.php
[ info ] [ ROUTE ] array (
  'type' => 'module',
  'module' => 
  array (
    0 => 'admin',
    1 => 'ajax',
    2 => 'lang',
  ),
)
[ info ] [ HEADER ] array (
  'cookie' => 'UM_distinctid=16bac874f8c1f0-09e5e261753e08-37c153e-ff000-16bac874f8d4b9; _qddaz=QD.zaqrpu.3mb9u5.jy5c86xy; keeplogin=1%7C86400%7C1573717163%7Cbc95f1b93eb7f6c6afeb29acc7803e65; PHPSESSID=cs3i4kdnv9165ijaog607d3he2',
  'accept-language' => 'zh-CN,zh;q=0.9',
  'accept-encoding' => 'gzip, deflate',
  'referer' => 'http://tlhb.wxjoi.com/admin/pro_order?addtabs=1',
  'accept' => '*/*',
  'user-agent' => 'Mozilla/5.0 (Windows NT 10.0; Win64; x64) AppleWebKit/537.36 (KHTML, like Gecko) Chrome/75.0.3770.80 Safari/537.36',
  'connection' => 'keep-alive',
  'host' => 'tlhb.wxjoi.com',
)
[ info ] [ PARAM ] array (
  'callback' => 'define',
  'controllername' => 'pro_order',
  'v' => '1574058117',
)
[ info ] [ LANG ] /www/wwwroot/tlhb.wxjoi.com/public/../application/admin/lang/zh-cn.php
[ info ] [ BEHAVIOR ] Run app\common\behavior\Common @module_init [ RunTime:0.001228s ]
[ info ] [ SESSION ] INIT array (
  'id' => '',
  'var_session_id' => '',
  'prefix' => 'think',
  'type' => '',
  'auto_start' => true,
)
[ info ] [ LANG ] /www/wwwroot/tlhb.wxjoi.com/public/../application/admin/lang/zh-cn/ajax.php
[ info ] [ RUN ] app\admin\controller\Ajax->lang[ /www/wwwroot/tlhb.wxjoi.com/application/admin/controller/Ajax.php ]
[ info ] [ LANG ] /www/wwwroot/tlhb.wxjoi.com/public/../application/admin/lang/zh-cn/pro_order.php
[ info ] [ BEHAVIOR ] Run app\admin\behavior\AdminLog @app_end [ RunTime:0.000107s ]
[ info ] [ LOG ] INIT File
---------------------------------------------------------------
[ 2019-11-18T14:21:58+08:00 ] 180.112.44.250 GET tlhb.wxjoi.com/admin/pro?addtabs=1
[运行时间：0.053789s] [吞吐率：18.59req/s] [内存消耗：3,990.42kb] [文件加载：139]
[ info ] [ BEHAVIOR ] Run Closure @app_init [ RunTime:0.000024s ]
[ info ] [ CACHE ] INIT File
[ info ] [ BEHAVIOR ] Run \addons\epay\Epay @app_init [ RunTime:0.002257s ]
[ info ] [ BEHAVIOR ] Run Closure @app_init [ RunTime:0.002293s ]
[ info ] [ LANG ] /www/wwwroot/tlhb.wxjoi.com/thinkphp/lang/zh-cn.php
[ info ] [ ROUTE ] array (
  'type' => 'module',
  'module' => 
  array (
    0 => 'admin',
    1 => 'pro',
    2 => NULL,
  ),
)
[ info ] [ HEADER ] array (
  'cookie' => 'UM_distinctid=16bac874f8c1f0-09e5e261753e08-37c153e-ff000-16bac874f8d4b9; _qddaz=QD.zaqrpu.3mb9u5.jy5c86xy; keeplogin=1%7C86400%7C1573717163%7Cbc95f1b93eb7f6c6afeb29acc7803e65; PHPSESSID=cs3i4kdnv9165ijaog607d3he2',
  'accept-language' => 'zh-CN,zh;q=0.9',
  'accept-encoding' => 'gzip, deflate',
  'referer' => 'http://tlhb.wxjoi.com/admin/pro?ref=addtabs',
  'accept' => 'text/html,application/xhtml+xml,application/xml;q=0.9,image/webp,image/apng,*/*;q=0.8,application/signed-exchange;v=b3',
  'user-agent' => 'Mozilla/5.0 (Windows NT 10.0; Win64; x64) AppleWebKit/537.36 (KHTML, like Gecko) Chrome/75.0.3770.80 Safari/537.36',
  'upgrade-insecure-requests' => '1',
  'connection' => 'keep-alive',
  'host' => 'tlhb.wxjoi.com',
)
[ info ] [ PARAM ] array (
  'addtabs' => '1',
)
[ info ] [ LANG ] /www/wwwroot/tlhb.wxjoi.com/public/../application/admin/lang/zh-cn.php
[ info ] [ BEHAVIOR ] Run app\common\behavior\Common @module_init [ RunTime:0.001254s ]
[ info ] [ SESSION ] INIT array (
  'id' => '',
  'var_session_id' => '',
  'prefix' => 'think',
  'type' => '',
  'auto_start' => true,
)
[ info ] [ DB ] INIT mysql
[ info ] [ LANG ] /www/wwwroot/tlhb.wxjoi.com/public/../application/admin/lang/zh-cn/pro.php
[ info ] [ RUN ] app\admin\controller\Pro->index[ /www/wwwroot/tlhb.wxjoi.com/application/admin/controller/Pro.php ]
[ info ] [ VIEW ] /www/wwwroot/tlhb.wxjoi.com/public/../application/admin/view/pro/index.html [ array (
  0 => 'breadcrumb',
  1 => 'site',
  2 => 'config',
  3 => 'auth',
  4 => 'admin',
  5 => 'topstatusList',
  6 => 'statusList',
  7 => 'yijia1statusList',
  8 => 'yijia2statusList',
  9 => 'yijia3statusList',
  10 => 'yijia4statusList',
  11 => 'yijia5statusList',
  12 => 'yijia6statusList',
) ]
[ info ] [ BEHAVIOR ] Run app\admin\behavior\AdminLog @app_end [ RunTime:0.000113s ]
[ info ] [ LOG ] INIT File
[ sql ] [ DB ] CONNECT:[ UseTime:0.000398s ] mysql:host=127.0.0.1;dbname=tlhb;charset=utf8
[ sql ] [ SQL ] SHOW COLUMNS FROM `zc_auth_group_access` [ RunTime:0.000828s ]
[ sql ] [ SQL ] SELECT `aga`.`uid`,`aga`.`group_id`,`ag`.`id`,`ag`.`pid`,`ag`.`name`,`ag`.`rules` FROM `zc_auth_group_access` `aga` LEFT JOIN `zc_auth_group` `ag` ON `aga`.`group_id`=`ag`.`id` WHERE  (  aga.uid='2' and ag.status='normal' ) [ RunTime:0.000370s ]
[ sql ] [ SQL ] SHOW COLUMNS FROM `zc_auth_rule` [ RunTime:0.000734s ]
[ sql ] [ SQL ] SELECT `id`,`pid`,`condition`,`icon`,`name`,`title`,`ismenu` FROM `zc_auth_rule` WHERE  `status` = 'normal'  AND `id` IN (8,29,30,31,32,33,34,92,93,94,95,96,97,98,99,100,101,102,103,104,105,106,107,108,109,110,111,112,113,114,115,116,117,118,119,120,121,122,123,124,125,126,127,128,129,130,131,132,133,134,135,136,137,138,139,140,141,142,143,144,145,146,147,148,149,150,151,152,153,154,156,157,158,159,160,161,2) [ RunTime:0.000473s ]
[ sql ] [ SQL ] SELECT `title`,`remark` FROM `zc_auth_rule` WHERE  `name` = 'pro' LIMIT 1 [ RunTime:0.000423s ]
---------------------------------------------------------------
[ 2019-11-18T14:21:58+08:00 ] 180.112.44.250 GET tlhb.wxjoi.com/admin/pro_order/index?addtabs=1&sort=id&order=desc&offset=0&limit=10&filter=%7B%7D&op=%7B%7D&_=1574058117973
[运行时间：0.059776s] [吞吐率：16.73req/s] [内存消耗：4,030.40kb] [文件加载：141]
[ info ] [ BEHAVIOR ] Run Closure @app_init [ RunTime:0.000023s ]
[ info ] [ CACHE ] INIT File
[ info ] [ BEHAVIOR ] Run \addons\epay\Epay @app_init [ RunTime:0.002119s ]
[ info ] [ BEHAVIOR ] Run Closure @app_init [ RunTime:0.002136s ]
[ info ] [ LANG ] /www/wwwroot/tlhb.wxjoi.com/thinkphp/lang/zh-cn.php
[ info ] [ ROUTE ] array (
  'type' => 'module',
  'module' => 
  array (
    0 => 'admin',
    1 => 'pro_order',
    2 => 'index',
  ),
)
[ info ] [ HEADER ] array (
  'cookie' => 'UM_distinctid=16bac874f8c1f0-09e5e261753e08-37c153e-ff000-16bac874f8d4b9; _qddaz=QD.zaqrpu.3mb9u5.jy5c86xy; keeplogin=1%7C86400%7C1573717163%7Cbc95f1b93eb7f6c6afeb29acc7803e65; PHPSESSID=cs3i4kdnv9165ijaog607d3he2',
  'accept-language' => 'zh-CN,zh;q=0.9',
  'accept-encoding' => 'gzip, deflate',
  'referer' => 'http://tlhb.wxjoi.com/admin/pro_order?addtabs=1',
  'user-agent' => 'Mozilla/5.0 (Windows NT 10.0; Win64; x64) AppleWebKit/537.36 (KHTML, like Gecko) Chrome/75.0.3770.80 Safari/537.36',
  'x-requested-with' => 'XMLHttpRequest',
  'accept' => 'application/json, text/javascript, */*; q=0.01',
  'connection' => 'keep-alive',
  'host' => 'tlhb.wxjoi.com',
  'content-type' => 'application/json',
)
[ info ] [ PARAM ] array (
  'addtabs' => '1',
  'sort' => 'id',
  'order' => 'desc',
  'offset' => '0',
  'limit' => '10',
  'filter' => '{}',
  'op' => '{}',
  '_' => '1574058117973',
)
[ info ] [ LANG ] /www/wwwroot/tlhb.wxjoi.com/public/../application/admin/lang/zh-cn.php
[ info ] [ BEHAVIOR ] Run app\common\behavior\Common @module_init [ RunTime:0.009165s ]
[ info ] [ SESSION ] INIT array (
  'id' => '',
  'var_session_id' => '',
  'prefix' => 'think',
  'type' => '',
  'auto_start' => true,
)
[ info ] [ DB ] INIT mysql
[ info ] [ LANG ] /www/wwwroot/tlhb.wxjoi.com/public/../application/admin/lang/zh-cn/pro_order.php
[ info ] [ RUN ] app\admin\controller\ProOrder->index[ /www/wwwroot/tlhb.wxjoi.com/application/admin/controller/ProOrder.php ]
[ info ] [ BEHAVIOR ] Run app\admin\behavior\AdminLog @app_end [ RunTime:0.000105s ]
[ info ] [ LOG ] INIT File
[ sql ] [ DB ] CONNECT:[ UseTime:0.000319s ] mysql:host=127.0.0.1;dbname=tlhb;charset=utf8
[ sql ] [ SQL ] SHOW COLUMNS FROM `zc_auth_group_access` [ RunTime:0.000759s ]
[ sql ] [ SQL ] SELECT `aga`.`uid`,`aga`.`group_id`,`ag`.`id`,`ag`.`pid`,`ag`.`name`,`ag`.`rules` FROM `zc_auth_group_access` `aga` LEFT JOIN `zc_auth_group` `ag` ON `aga`.`group_id`=`ag`.`id` WHERE  (  aga.uid='2' and ag.status='normal' ) [ RunTime:0.000222s ]
[ sql ] [ SQL ] SHOW COLUMNS FROM `zc_auth_rule` [ RunTime:0.000543s ]
[ sql ] [ SQL ] SELECT `id`,`pid`,`condition`,`icon`,`name`,`title`,`ismenu` FROM `zc_auth_rule` WHERE  `status` = 'normal'  AND `id` IN (8,29,30,31,32,33,34,92,93,94,95,96,97,98,99,100,101,102,103,104,105,106,107,108,109,110,111,112,113,114,115,116,117,118,119,120,121,122,123,124,125,126,127,128,129,130,131,132,133,134,135,136,137,138,139,140,141,142,143,144,145,146,147,148,149,150,151,152,153,154,156,157,158,159,160,161,2) [ RunTime:0.000381s ]
[ sql ] [ SQL ] SHOW COLUMNS FROM `zc_pro_order` [ RunTime:0.000967s ]
[ sql ] [ SQL ] SELECT COUNT(*) AS tp_count FROM `zc_pro_order` WHERE `zc_pro_order`.`deletetime` IS NULL ORDER BY `id` DESC LIMIT 1 [ RunTime:0.000842s ]
[ sql ] [ SQL ] SELECT * FROM `zc_pro_order` WHERE `zc_pro_order`.`deletetime` IS NULL ORDER BY `id` DESC LIMIT 0,10 [ RunTime:0.000226s ]
---------------------------------------------------------------
[ 2019-11-18T14:21:59+08:00 ] 180.112.44.250 GET tlhb.wxjoi.com/admin/ajax/lang?callback=define&controllername=pro&v=1574058118
[运行时间：0.035147s] [吞吐率：28.45req/s] [内存消耗：3,078.51kb] [文件加载：130]
[ info ] [ BEHAVIOR ] Run Closure @app_init [ RunTime:0.000022s ]
[ info ] [ CACHE ] INIT File
[ info ] [ BEHAVIOR ] Run \addons\epay\Epay @app_init [ RunTime:0.002497s ]
[ info ] [ BEHAVIOR ] Run Closure @app_init [ RunTime:0.002518s ]
[ info ] [ LANG ] /www/wwwroot/tlhb.wxjoi.com/thinkphp/lang/zh-cn.php
[ info ] [ ROUTE ] array (
  'type' => 'module',
  'module' => 
  array (
    0 => 'admin',
    1 => 'ajax',
    2 => 'lang',
  ),
)
[ info ] [ HEADER ] array (
  'cookie' => 'UM_distinctid=16bac874f8c1f0-09e5e261753e08-37c153e-ff000-16bac874f8d4b9; _qddaz=QD.zaqrpu.3mb9u5.jy5c86xy; keeplogin=1%7C86400%7C1573717163%7Cbc95f1b93eb7f6c6afeb29acc7803e65; PHPSESSID=cs3i4kdnv9165ijaog607d3he2',
  'accept-language' => 'zh-CN,zh;q=0.9',
  'accept-encoding' => 'gzip, deflate',
  'referer' => 'http://tlhb.wxjoi.com/admin/pro?addtabs=1',
  'accept' => '*/*',
  'user-agent' => 'Mozilla/5.0 (Windows NT 10.0; Win64; x64) AppleWebKit/537.36 (KHTML, like Gecko) Chrome/75.0.3770.80 Safari/537.36',
  'connection' => 'keep-alive',
  'host' => 'tlhb.wxjoi.com',
)
[ info ] [ PARAM ] array (
  'callback' => 'define',
  'controllername' => 'pro',
  'v' => '1574058118',
)
[ info ] [ LANG ] /www/wwwroot/tlhb.wxjoi.com/public/../application/admin/lang/zh-cn.php
[ info ] [ BEHAVIOR ] Run app\common\behavior\Common @module_init [ RunTime:0.001500s ]
[ info ] [ SESSION ] INIT array (
  'id' => '',
  'var_session_id' => '',
  'prefix' => 'think',
  'type' => '',
  'auto_start' => true,
)
[ info ] [ LANG ] /www/wwwroot/tlhb.wxjoi.com/public/../application/admin/lang/zh-cn/ajax.php
[ info ] [ RUN ] app\admin\controller\Ajax->lang[ /www/wwwroot/tlhb.wxjoi.com/application/admin/controller/Ajax.php ]
[ info ] [ LANG ] /www/wwwroot/tlhb.wxjoi.com/public/../application/admin/lang/zh-cn/pro.php
[ info ] [ BEHAVIOR ] Run app\admin\behavior\AdminLog @app_end [ RunTime:0.000153s ]
[ info ] [ LOG ] INIT File
---------------------------------------------------------------
[ 2019-11-18T14:21:59+08:00 ] 180.112.44.250 GET tlhb.wxjoi.com/admin/wxuser?addtabs=1
[运行时间：0.060527s] [吞吐率：16.52req/s] [内存消耗：3,929.10kb] [文件加载：139]
[ info ] [ BEHAVIOR ] Run Closure @app_init [ RunTime:0.000026s ]
[ info ] [ CACHE ] INIT File
[ info ] [ BEHAVIOR ] Run \addons\epay\Epay @app_init [ RunTime:0.009596s ]
[ info ] [ BEHAVIOR ] Run Closure @app_init [ RunTime:0.009622s ]
[ info ] [ LANG ] /www/wwwroot/tlhb.wxjoi.com/thinkphp/lang/zh-cn.php
[ info ] [ ROUTE ] array (
  'type' => 'module',
  'module' => 
  array (
    0 => 'admin',
    1 => 'wxuser',
    2 => NULL,
  ),
)
[ info ] [ HEADER ] array (
  'cookie' => 'UM_distinctid=16bac874f8c1f0-09e5e261753e08-37c153e-ff000-16bac874f8d4b9; _qddaz=QD.zaqrpu.3mb9u5.jy5c86xy; keeplogin=1%7C86400%7C1573717163%7Cbc95f1b93eb7f6c6afeb29acc7803e65; PHPSESSID=cs3i4kdnv9165ijaog607d3he2',
  'accept-language' => 'zh-CN,zh;q=0.9',
  'accept-encoding' => 'gzip, deflate',
  'referer' => 'http://tlhb.wxjoi.com/admin/wxuser?ref=addtabs',
  'accept' => 'text/html,application/xhtml+xml,application/xml;q=0.9,image/webp,image/apng,*/*;q=0.8,application/signed-exchange;v=b3',
  'user-agent' => 'Mozilla/5.0 (Windows NT 10.0; Win64; x64) AppleWebKit/537.36 (KHTML, like Gecko) Chrome/75.0.3770.80 Safari/537.36',
  'upgrade-insecure-requests' => '1',
  'connection' => 'keep-alive',
  'host' => 'tlhb.wxjoi.com',
)
[ info ] [ PARAM ] array (
  'addtabs' => '1',
)
[ info ] [ LANG ] /www/wwwroot/tlhb.wxjoi.com/public/../application/admin/lang/zh-cn.php
[ info ] [ BEHAVIOR ] Run app\common\behavior\Common @module_init [ RunTime:0.001266s ]
[ info ] [ SESSION ] INIT array (
  'id' => '',
  'var_session_id' => '',
  'prefix' => 'think',
  'type' => '',
  'auto_start' => true,
)
[ info ] [ DB ] INIT mysql
[ info ] [ LANG ] /www/wwwroot/tlhb.wxjoi.com/public/../application/admin/lang/zh-cn/wxuser.php
[ info ] [ RUN ] app\admin\controller\Wxuser->index[ /www/wwwroot/tlhb.wxjoi.com/application/admin/controller/Wxuser.php ]
[ info ] [ VIEW ] /www/wwwroot/tlhb.wxjoi.com/public/../application/admin/view/wxuser/index.html [ array (
  0 => 'breadcrumb',
  1 => 'site',
  2 => 'config',
  3 => 'auth',
  4 => 'admin',
  5 => 'sexList',
) ]
[ info ] [ BEHAVIOR ] Run app\admin\behavior\AdminLog @app_end [ RunTime:0.000106s ]
[ info ] [ LOG ] INIT File
[ sql ] [ DB ] CONNECT:[ UseTime:0.000400s ] mysql:host=127.0.0.1;dbname=tlhb;charset=utf8
[ sql ] [ SQL ] SHOW COLUMNS FROM `zc_auth_group_access` [ RunTime:0.001697s ]
[ sql ] [ SQL ] SELECT `aga`.`uid`,`aga`.`group_id`,`ag`.`id`,`ag`.`pid`,`ag`.`name`,`ag`.`rules` FROM `zc_auth_group_access` `aga` LEFT JOIN `zc_auth_group` `ag` ON `aga`.`group_id`=`ag`.`id` WHERE  (  aga.uid='2' and ag.status='normal' ) [ RunTime:0.000236s ]
[ sql ] [ SQL ] SHOW COLUMNS FROM `zc_auth_rule` [ RunTime:0.000559s ]
[ sql ] [ SQL ] SELECT `id`,`pid`,`condition`,`icon`,`name`,`title`,`ismenu` FROM `zc_auth_rule` WHERE  `status` = 'normal'  AND `id` IN (8,29,30,31,32,33,34,92,93,94,95,96,97,98,99,100,101,102,103,104,105,106,107,108,109,110,111,112,113,114,115,116,117,118,119,120,121,122,123,124,125,126,127,128,129,130,131,132,133,134,135,136,137,138,139,140,141,142,143,144,145,146,147,148,149,150,151,152,153,154,156,157,158,159,160,161,2) [ RunTime:0.000408s ]
[ sql ] [ SQL ] SELECT `title`,`remark` FROM `zc_auth_rule` WHERE  `name` = 'wxuser' LIMIT 1 [ RunTime:0.000478s ]
---------------------------------------------------------------
[ 2019-11-18T14:22:00+08:00 ] 180.112.44.250 GET tlhb.wxjoi.com/admin/pro/index?addtabs=1&sort=id&order=desc&offset=0&limit=10&filter=%7B%7D&op=%7B%7D&_=1574058119284
[运行时间：0.069212s] [吞吐率：14.45req/s] [内存消耗：4,125.98kb] [文件加载：141]
[ info ] [ BEHAVIOR ] Run Closure @app_init [ RunTime:0.000024s ]
[ info ] [ CACHE ] INIT File
[ info ] [ BEHAVIOR ] Run \addons\epay\Epay @app_init [ RunTime:0.005734s ]
[ info ] [ BEHAVIOR ] Run Closure @app_init [ RunTime:0.005755s ]
[ info ] [ LANG ] /www/wwwroot/tlhb.wxjoi.com/thinkphp/lang/zh-cn.php
[ info ] [ ROUTE ] array (
  'type' => 'module',
  'module' => 
  array (
    0 => 'admin',
    1 => 'pro',
    2 => 'index',
  ),
)
[ info ] [ HEADER ] array (
  'cookie' => 'UM_distinctid=16bac874f8c1f0-09e5e261753e08-37c153e-ff000-16bac874f8d4b9; _qddaz=QD.zaqrpu.3mb9u5.jy5c86xy; keeplogin=1%7C86400%7C1573717163%7Cbc95f1b93eb7f6c6afeb29acc7803e65; PHPSESSID=cs3i4kdnv9165ijaog607d3he2',
  'accept-language' => 'zh-CN,zh;q=0.9',
  'accept-encoding' => 'gzip, deflate',
  'referer' => 'http://tlhb.wxjoi.com/admin/pro?addtabs=1',
  'user-agent' => 'Mozilla/5.0 (Windows NT 10.0; Win64; x64) AppleWebKit/537.36 (KHTML, like Gecko) Chrome/75.0.3770.80 Safari/537.36',
  'x-requested-with' => 'XMLHttpRequest',
  'accept' => 'application/json, text/javascript, */*; q=0.01',
  'connection' => 'keep-alive',
  'host' => 'tlhb.wxjoi.com',
  'content-type' => 'application/json',
)
[ info ] [ PARAM ] array (
  'addtabs' => '1',
  'sort' => 'id',
  'order' => 'desc',
  'offset' => '0',
  'limit' => '10',
  'filter' => '{}',
  'op' => '{}',
  '_' => '1574058119284',
)
[ info ] [ LANG ] /www/wwwroot/tlhb.wxjoi.com/public/../application/admin/lang/zh-cn.php
[ info ] [ BEHAVIOR ] Run app\common\behavior\Common @module_init [ RunTime:0.001369s ]
[ info ] [ SESSION ] INIT array (
  'id' => '',
  'var_session_id' => '',
  'prefix' => 'think',
  'type' => '',
  'auto_start' => true,
)
[ info ] [ DB ] INIT mysql
[ info ] [ LANG ] /www/wwwroot/tlhb.wxjoi.com/public/../application/admin/lang/zh-cn/pro.php
[ info ] [ RUN ] app\admin\controller\Pro->index[ /www/wwwroot/tlhb.wxjoi.com/application/admin/controller/Pro.php ]
[ info ] [ BEHAVIOR ] Run app\admin\behavior\AdminLog @app_end [ RunTime:0.000108s ]
[ info ] [ LOG ] INIT File
[ sql ] [ DB ] CONNECT:[ UseTime:0.002637s ] mysql:host=127.0.0.1;dbname=tlhb;charset=utf8
[ sql ] [ SQL ] SHOW COLUMNS FROM `zc_auth_group_access` [ RunTime:0.001741s ]
[ sql ] [ SQL ] SELECT `aga`.`uid`,`aga`.`group_id`,`ag`.`id`,`ag`.`pid`,`ag`.`name`,`ag`.`rules` FROM `zc_auth_group_access` `aga` LEFT JOIN `zc_auth_group` `ag` ON `aga`.`group_id`=`ag`.`id` WHERE  (  aga.uid='2' and ag.status='normal' ) [ RunTime:0.000579s ]
[ sql ] [ SQL ] SHOW COLUMNS FROM `zc_auth_rule` [ RunTime:0.001198s ]
[ sql ] [ SQL ] SELECT `id`,`pid`,`condition`,`icon`,`name`,`title`,`ismenu` FROM `zc_auth_rule` WHERE  `status` = 'normal'  AND `id` IN (8,29,30,31,32,33,34,92,93,94,95,96,97,98,99,100,101,102,103,104,105,106,107,108,109,110,111,112,113,114,115,116,117,118,119,120,121,122,123,124,125,126,127,128,129,130,131,132,133,134,135,136,137,138,139,140,141,142,143,144,145,146,147,148,149,150,151,152,153,154,156,157,158,159,160,161,2) [ RunTime:0.001142s ]
[ sql ] [ SQL ] SHOW COLUMNS FROM `zc_pro` [ RunTime:0.004601s ]
[ sql ] [ SQL ] SELECT COUNT(*) AS tp_count FROM `zc_pro` WHERE `zc_pro`.`deletetime` IS NULL ORDER BY `id` DESC LIMIT 1 [ RunTime:0.000213s ]
[ sql ] [ SQL ] SELECT * FROM `zc_pro` WHERE `zc_pro`.`deletetime` IS NULL ORDER BY `id` DESC LIMIT 0,10 [ RunTime:0.000326s ]
---------------------------------------------------------------
[ 2019-11-18T14:22:00+08:00 ] 180.112.44.250 GET tlhb.wxjoi.com/admin/ajax/lang?callback=define&controllername=wxuser&v=1574058119
[运行时间：0.053997s] [吞吐率：18.52req/s] [内存消耗：3,074.24kb] [文件加载：130]
[ info ] [ BEHAVIOR ] Run Closure @app_init [ RunTime:0.000026s ]
[ info ] [ CACHE ] INIT File
[ info ] [ BEHAVIOR ] Run \addons\epay\Epay @app_init [ RunTime:0.003066s ]
[ info ] [ BEHAVIOR ] Run Closure @app_init [ RunTime:0.003095s ]
[ info ] [ LANG ] /www/wwwroot/tlhb.wxjoi.com/thinkphp/lang/zh-cn.php
[ info ] [ ROUTE ] array (
  'type' => 'module',
  'module' => 
  array (
    0 => 'admin',
    1 => 'ajax',
    2 => 'lang',
  ),
)
[ info ] [ HEADER ] array (
  'cookie' => 'UM_distinctid=16bac874f8c1f0-09e5e261753e08-37c153e-ff000-16bac874f8d4b9; _qddaz=QD.zaqrpu.3mb9u5.jy5c86xy; keeplogin=1%7C86400%7C1573717163%7Cbc95f1b93eb7f6c6afeb29acc7803e65; PHPSESSID=cs3i4kdnv9165ijaog607d3he2',
  'accept-language' => 'zh-CN,zh;q=0.9',
  'accept-encoding' => 'gzip, deflate',
  'referer' => 'http://tlhb.wxjoi.com/admin/wxuser?addtabs=1',
  'accept' => '*/*',
  'user-agent' => 'Mozilla/5.0 (Windows NT 10.0; Win64; x64) AppleWebKit/537.36 (KHTML, like Gecko) Chrome/75.0.3770.80 Safari/537.36',
  'connection' => 'keep-alive',
  'host' => 'tlhb.wxjoi.com',
)
[ info ] [ PARAM ] array (
  'callback' => 'define',
  'controllername' => 'wxuser',
  'v' => '1574058119',
)
[ info ] [ LANG ] /www/wwwroot/tlhb.wxjoi.com/public/../application/admin/lang/zh-cn.php
[ info ] [ BEHAVIOR ] Run app\common\behavior\Common @module_init [ RunTime:0.002067s ]
[ info ] [ SESSION ] INIT array (
  'id' => '',
  'var_session_id' => '',
  'prefix' => 'think',
  'type' => '',
  'auto_start' => true,
)
[ info ] [ LANG ] /www/wwwroot/tlhb.wxjoi.com/public/../application/admin/lang/zh-cn/ajax.php
[ info ] [ RUN ] app\admin\controller\Ajax->lang[ /www/wwwroot/tlhb.wxjoi.com/application/admin/controller/Ajax.php ]
[ info ] [ LANG ] /www/wwwroot/tlhb.wxjoi.com/public/../application/admin/lang/zh-cn/wxuser.php
[ info ] [ BEHAVIOR ] Run app\admin\behavior\AdminLog @app_end [ RunTime:0.000116s ]
[ info ] [ LOG ] INIT File
---------------------------------------------------------------
[ 2019-11-18T14:22:00+08:00 ] 180.112.44.250 GET tlhb.wxjoi.com/admin/pro/index?addtabs=1&sort=id&order=desc&offset=0&limit=10&filter=%7B%7D&op=%7B%7D&_=1574058119285
[运行时间：0.081430s] [吞吐率：12.28req/s] [内存消耗：4,125.98kb] [文件加载：141]
[ info ] [ BEHAVIOR ] Run Closure @app_init [ RunTime:0.000032s ]
[ info ] [ CACHE ] INIT File
[ info ] [ BEHAVIOR ] Run \addons\epay\Epay @app_init [ RunTime:0.001931s ]
[ info ] [ BEHAVIOR ] Run Closure @app_init [ RunTime:0.001949s ]
[ info ] [ LANG ] /www/wwwroot/tlhb.wxjoi.com/thinkphp/lang/zh-cn.php
[ info ] [ ROUTE ] array (
  'type' => 'module',
  'module' => 
  array (
    0 => 'admin',
    1 => 'pro',
    2 => 'index',
  ),
)
[ info ] [ HEADER ] array (
  'cookie' => 'UM_distinctid=16bac874f8c1f0-09e5e261753e08-37c153e-ff000-16bac874f8d4b9; _qddaz=QD.zaqrpu.3mb9u5.jy5c86xy; keeplogin=1%7C86400%7C1573717163%7Cbc95f1b93eb7f6c6afeb29acc7803e65; PHPSESSID=cs3i4kdnv9165ijaog607d3he2',
  'accept-language' => 'zh-CN,zh;q=0.9',
  'accept-encoding' => 'gzip, deflate',
  'referer' => 'http://tlhb.wxjoi.com/admin/pro?addtabs=1',
  'user-agent' => 'Mozilla/5.0 (Windows NT 10.0; Win64; x64) AppleWebKit/537.36 (KHTML, like Gecko) Chrome/75.0.3770.80 Safari/537.36',
  'x-requested-with' => 'XMLHttpRequest',
  'accept' => 'application/json, text/javascript, */*; q=0.01',
  'connection' => 'keep-alive',
  'host' => 'tlhb.wxjoi.com',
  'content-type' => 'application/json',
)
[ info ] [ PARAM ] array (
  'addtabs' => '1',
  'sort' => 'id',
  'order' => 'desc',
  'offset' => '0',
  'limit' => '10',
  'filter' => '{}',
  'op' => '{}',
  '_' => '1574058119285',
)
[ info ] [ LANG ] /www/wwwroot/tlhb.wxjoi.com/public/../application/admin/lang/zh-cn.php
[ info ] [ BEHAVIOR ] Run app\common\behavior\Common @module_init [ RunTime:0.001573s ]
[ info ] [ SESSION ] INIT array (
  'id' => '',
  'var_session_id' => '',
  'prefix' => 'think',
  'type' => '',
  'auto_start' => true,
)
[ info ] [ DB ] INIT mysql
[ info ] [ LANG ] /www/wwwroot/tlhb.wxjoi.com/public/../application/admin/lang/zh-cn/pro.php
[ info ] [ RUN ] app\admin\controller\Pro->index[ /www/wwwroot/tlhb.wxjoi.com/application/admin/controller/Pro.php ]
[ info ] [ BEHAVIOR ] Run app\admin\behavior\AdminLog @app_end [ RunTime:0.000181s ]
[ info ] [ LOG ] INIT File
[ sql ] [ DB ] CONNECT:[ UseTime:0.000500s ] mysql:host=127.0.0.1;dbname=tlhb;charset=utf8
[ sql ] [ SQL ] SHOW COLUMNS FROM `zc_auth_group_access` [ RunTime:0.000965s ]
[ sql ] [ SQL ] SELECT `aga`.`uid`,`aga`.`group_id`,`ag`.`id`,`ag`.`pid`,`ag`.`name`,`ag`.`rules` FROM `zc_auth_group_access` `aga` LEFT JOIN `zc_auth_group` `ag` ON `aga`.`group_id`=`ag`.`id` WHERE  (  aga.uid='2' and ag.status='normal' ) [ RunTime:0.001209s ]
[ sql ] [ SQL ] SHOW COLUMNS FROM `zc_auth_rule` [ RunTime:0.000699s ]
[ sql ] [ SQL ] SELECT `id`,`pid`,`condition`,`icon`,`name`,`title`,`ismenu` FROM `zc_auth_rule` WHERE  `status` = 'normal'  AND `id` IN (8,29,30,31,32,33,34,92,93,94,95,96,97,98,99,100,101,102,103,104,105,106,107,108,109,110,111,112,113,114,115,116,117,118,119,120,121,122,123,124,125,126,127,128,129,130,131,132,133,134,135,136,137,138,139,140,141,142,143,144,145,146,147,148,149,150,151,152,153,154,156,157,158,159,160,161,2) [ RunTime:0.000510s ]
[ sql ] [ SQL ] SHOW COLUMNS FROM `zc_pro` [ RunTime:0.001574s ]
[ sql ] [ SQL ] SELECT COUNT(*) AS tp_count FROM `zc_pro` WHERE `zc_pro`.`deletetime` IS NULL ORDER BY `id` DESC LIMIT 1 [ RunTime:0.000270s ]
[ sql ] [ SQL ] SELECT * FROM `zc_pro` WHERE `zc_pro`.`deletetime` IS NULL ORDER BY `id` DESC LIMIT 0,10 [ RunTime:0.000377s ]
---------------------------------------------------------------
[ 2019-11-18T14:22:01+08:00 ] 180.112.44.250 GET tlhb.wxjoi.com/admin/wxuser/index?addtabs=1&sort=id&order=desc&offset=0&limit=10&filter=%7B%7D&op=%7B%7D&_=1574058120022
[运行时间：0.072434s] [吞吐率：13.81req/s] [内存消耗：4,021.43kb] [文件加载：141]
[ info ] [ BEHAVIOR ] Run Closure @app_init [ RunTime:0.000035s ]
[ info ] [ CACHE ] INIT File
[ info ] [ BEHAVIOR ] Run \addons\epay\Epay @app_init [ RunTime:0.002736s ]
[ info ] [ BEHAVIOR ] Run Closure @app_init [ RunTime:0.002759s ]
[ info ] [ LANG ] /www/wwwroot/tlhb.wxjoi.com/thinkphp/lang/zh-cn.php
[ info ] [ ROUTE ] array (
  'type' => 'module',
  'module' => 
  array (
    0 => 'admin',
    1 => 'wxuser',
    2 => 'index',
  ),
)
[ info ] [ HEADER ] array (
  'cookie' => 'UM_distinctid=16bac874f8c1f0-09e5e261753e08-37c153e-ff000-16bac874f8d4b9; _qddaz=QD.zaqrpu.3mb9u5.jy5c86xy; keeplogin=1%7C86400%7C1573717163%7Cbc95f1b93eb7f6c6afeb29acc7803e65; PHPSESSID=cs3i4kdnv9165ijaog607d3he2',
  'accept-language' => 'zh-CN,zh;q=0.9',
  'accept-encoding' => 'gzip, deflate',
  'referer' => 'http://tlhb.wxjoi.com/admin/wxuser?addtabs=1',
  'user-agent' => 'Mozilla/5.0 (Windows NT 10.0; Win64; x64) AppleWebKit/537.36 (KHTML, like Gecko) Chrome/75.0.3770.80 Safari/537.36',
  'x-requested-with' => 'XMLHttpRequest',
  'accept' => 'application/json, text/javascript, */*; q=0.01',
  'connection' => 'keep-alive',
  'host' => 'tlhb.wxjoi.com',
  'content-type' => 'application/json',
)
[ info ] [ PARAM ] array (
  'addtabs' => '1',
  'sort' => 'id',
  'order' => 'desc',
  'offset' => '0',
  'limit' => '10',
  'filter' => '{}',
  'op' => '{}',
  '_' => '1574058120022',
)
[ info ] [ LANG ] /www/wwwroot/tlhb.wxjoi.com/public/../application/admin/lang/zh-cn.php
[ info ] [ BEHAVIOR ] Run app\common\behavior\Common @module_init [ RunTime:0.002127s ]
[ info ] [ SESSION ] INIT array (
  'id' => '',
  'var_session_id' => '',
  'prefix' => 'think',
  'type' => '',
  'auto_start' => true,
)
[ info ] [ DB ] INIT mysql
[ info ] [ LANG ] /www/wwwroot/tlhb.wxjoi.com/public/../application/admin/lang/zh-cn/wxuser.php
[ info ] [ RUN ] app\admin\controller\Wxuser->index[ /www/wwwroot/tlhb.wxjoi.com/application/admin/controller/Wxuser.php ]
[ info ] [ BEHAVIOR ] Run app\admin\behavior\AdminLog @app_end [ RunTime:0.000160s ]
[ info ] [ LOG ] INIT File
[ sql ] [ DB ] CONNECT:[ UseTime:0.000504s ] mysql:host=127.0.0.1;dbname=tlhb;charset=utf8
[ sql ] [ SQL ] SHOW COLUMNS FROM `zc_auth_group_access` [ RunTime:0.000954s ]
[ sql ] [ SQL ] SELECT `aga`.`uid`,`aga`.`group_id`,`ag`.`id`,`ag`.`pid`,`ag`.`name`,`ag`.`rules` FROM `zc_auth_group_access` `aga` LEFT JOIN `zc_auth_group` `ag` ON `aga`.`group_id`=`ag`.`id` WHERE  (  aga.uid='2' and ag.status='normal' ) [ RunTime:0.000309s ]
[ sql ] [ SQL ] SHOW COLUMNS FROM `zc_auth_rule` [ RunTime:0.000645s ]
[ sql ] [ SQL ] SELECT `id`,`pid`,`condition`,`icon`,`name`,`title`,`ismenu` FROM `zc_auth_rule` WHERE  `status` = 'normal'  AND `id` IN (8,29,30,31,32,33,34,92,93,94,95,96,97,98,99,100,101,102,103,104,105,106,107,108,109,110,111,112,113,114,115,116,117,118,119,120,121,122,123,124,125,126,127,128,129,130,131,132,133,134,135,136,137,138,139,140,141,142,143,144,145,146,147,148,149,150,151,152,153,154,156,157,158,159,160,161,2) [ RunTime:0.000810s ]
[ sql ] [ SQL ] SHOW COLUMNS FROM `zc_wxuser` [ RunTime:0.001217s ]
[ sql ] [ SQL ] SELECT COUNT(*) AS tp_count FROM `zc_wxuser` WHERE `zc_wxuser`.`deletetime` IS NULL ORDER BY `id` DESC LIMIT 1 [ RunTime:0.001229s ]
[ sql ] [ SQL ] SELECT * FROM `zc_wxuser` WHERE `zc_wxuser`.`deletetime` IS NULL ORDER BY `id` DESC LIMIT 0,10 [ RunTime:0.000446s ]
---------------------------------------------------------------
[ 2019-11-18T14:22:02+08:00 ] 180.112.44.250 GET tlhb.wxjoi.com/admin/pro_order/index?addtabs=1&sort=id&order=desc&offset=0&limit=10&filter=%7B%7D&op=%7B%7D&_=1574058117974
[运行时间：0.043186s] [吞吐率：23.16req/s] [内存消耗：4,030.40kb] [文件加载：141]
[ info ] [ BEHAVIOR ] Run Closure @app_init [ RunTime:0.000023s ]
[ info ] [ CACHE ] INIT File
[ info ] [ BEHAVIOR ] Run \addons\epay\Epay @app_init [ RunTime:0.001947s ]
[ info ] [ BEHAVIOR ] Run Closure @app_init [ RunTime:0.001967s ]
[ info ] [ LANG ] /www/wwwroot/tlhb.wxjoi.com/thinkphp/lang/zh-cn.php
[ info ] [ ROUTE ] array (
  'type' => 'module',
  'module' => 
  array (
    0 => 'admin',
    1 => 'pro_order',
    2 => 'index',
  ),
)
[ info ] [ HEADER ] array (
  'cookie' => 'UM_distinctid=16bac874f8c1f0-09e5e261753e08-37c153e-ff000-16bac874f8d4b9; _qddaz=QD.zaqrpu.3mb9u5.jy5c86xy; keeplogin=1%7C86400%7C1573717163%7Cbc95f1b93eb7f6c6afeb29acc7803e65; PHPSESSID=cs3i4kdnv9165ijaog607d3he2',
  'accept-language' => 'zh-CN,zh;q=0.9',
  'accept-encoding' => 'gzip, deflate',
  'referer' => 'http://tlhb.wxjoi.com/admin/pro_order?addtabs=1',
  'user-agent' => 'Mozilla/5.0 (Windows NT 10.0; Win64; x64) AppleWebKit/537.36 (KHTML, like Gecko) Chrome/75.0.3770.80 Safari/537.36',
  'x-requested-with' => 'XMLHttpRequest',
  'accept' => 'application/json, text/javascript, */*; q=0.01',
  'connection' => 'keep-alive',
  'host' => 'tlhb.wxjoi.com',
  'content-type' => 'application/json',
)
[ info ] [ PARAM ] array (
  'addtabs' => '1',
  'sort' => 'id',
  'order' => 'desc',
  'offset' => '0',
  'limit' => '10',
  'filter' => '{}',
  'op' => '{}',
  '_' => '1574058117974',
)
[ info ] [ LANG ] /www/wwwroot/tlhb.wxjoi.com/public/../application/admin/lang/zh-cn.php
[ info ] [ BEHAVIOR ] Run app\common\behavior\Common @module_init [ RunTime:0.001256s ]
[ info ] [ SESSION ] INIT array (
  'id' => '',
  'var_session_id' => '',
  'prefix' => 'think',
  'type' => '',
  'auto_start' => true,
)
[ info ] [ DB ] INIT mysql
[ info ] [ LANG ] /www/wwwroot/tlhb.wxjoi.com/public/../application/admin/lang/zh-cn/pro_order.php
[ info ] [ RUN ] app\admin\controller\ProOrder->index[ /www/wwwroot/tlhb.wxjoi.com/application/admin/controller/ProOrder.php ]
[ info ] [ BEHAVIOR ] Run app\admin\behavior\AdminLog @app_end [ RunTime:0.000100s ]
[ info ] [ LOG ] INIT File
[ sql ] [ DB ] CONNECT:[ UseTime:0.000444s ] mysql:host=127.0.0.1;dbname=tlhb;charset=utf8
[ sql ] [ SQL ] SHOW COLUMNS FROM `zc_auth_group_access` [ RunTime:0.000743s ]
[ sql ] [ SQL ] SELECT `aga`.`uid`,`aga`.`group_id`,`ag`.`id`,`ag`.`pid`,`ag`.`name`,`ag`.`rules` FROM `zc_auth_group_access` `aga` LEFT JOIN `zc_auth_group` `ag` ON `aga`.`group_id`=`ag`.`id` WHERE  (  aga.uid='2' and ag.status='normal' ) [ RunTime:0.000261s ]
[ sql ] [ SQL ] SHOW COLUMNS FROM `zc_auth_rule` [ RunTime:0.000628s ]
[ sql ] [ SQL ] SELECT `id`,`pid`,`condition`,`icon`,`name`,`title`,`ismenu` FROM `zc_auth_rule` WHERE  `status` = 'normal'  AND `id` IN (8,29,30,31,32,33,34,92,93,94,95,96,97,98,99,100,101,102,103,104,105,106,107,108,109,110,111,112,113,114,115,116,117,118,119,120,121,122,123,124,125,126,127,128,129,130,131,132,133,134,135,136,137,138,139,140,141,142,143,144,145,146,147,148,149,150,151,152,153,154,156,157,158,159,160,161,2) [ RunTime:0.000426s ]
[ sql ] [ SQL ] SHOW COLUMNS FROM `zc_pro_order` [ RunTime:0.000737s ]
[ sql ] [ SQL ] SELECT COUNT(*) AS tp_count FROM `zc_pro_order` WHERE `zc_pro_order`.`deletetime` IS NULL ORDER BY `id` DESC LIMIT 1 [ RunTime:0.000178s ]
[ sql ] [ SQL ] SELECT * FROM `zc_pro_order` WHERE `zc_pro_order`.`deletetime` IS NULL ORDER BY `id` DESC LIMIT 0,10 [ RunTime:0.000208s ]
---------------------------------------------------------------
[ 2019-11-18T14:23:08+08:00 ] 180.112.44.250 GET tlhb.wxjoi.com/admin/wxuser/index?addtabs=1&sort=id&order=desc&offset=0&limit=10&filter=%7B%7D&op=%7B%7D&_=1574058120023
[运行时间：0.045244s] [吞吐率：22.10req/s] [内存消耗：4,021.43kb] [文件加载：141]
[ info ] [ BEHAVIOR ] Run Closure @app_init [ RunTime:0.000022s ]
[ info ] [ CACHE ] INIT File
[ info ] [ BEHAVIOR ] Run \addons\epay\Epay @app_init [ RunTime:0.001900s ]
[ info ] [ BEHAVIOR ] Run Closure @app_init [ RunTime:0.001919s ]
[ info ] [ LANG ] /www/wwwroot/tlhb.wxjoi.com/thinkphp/lang/zh-cn.php
[ info ] [ ROUTE ] array (
  'type' => 'module',
  'module' => 
  array (
    0 => 'admin',
    1 => 'wxuser',
    2 => 'index',
  ),
)
[ info ] [ HEADER ] array (
  'cookie' => 'UM_distinctid=16bac874f8c1f0-09e5e261753e08-37c153e-ff000-16bac874f8d4b9; _qddaz=QD.zaqrpu.3mb9u5.jy5c86xy; keeplogin=1%7C86400%7C1573717163%7Cbc95f1b93eb7f6c6afeb29acc7803e65; PHPSESSID=cs3i4kdnv9165ijaog607d3he2',
  'accept-language' => 'zh-CN,zh;q=0.9',
  'accept-encoding' => 'gzip, deflate',
  'referer' => 'http://tlhb.wxjoi.com/admin/wxuser?addtabs=1',
  'user-agent' => 'Mozilla/5.0 (Windows NT 10.0; Win64; x64) AppleWebKit/537.36 (KHTML, like Gecko) Chrome/75.0.3770.80 Safari/537.36',
  'x-requested-with' => 'XMLHttpRequest',
  'accept' => 'application/json, text/javascript, */*; q=0.01',
  'connection' => 'keep-alive',
  'host' => 'tlhb.wxjoi.com',
  'content-type' => 'application/json',
)
[ info ] [ PARAM ] array (
  'addtabs' => '1',
  'sort' => 'id',
  'order' => 'desc',
  'offset' => '0',
  'limit' => '10',
  'filter' => '{}',
  'op' => '{}',
  '_' => '1574058120023',
)
[ info ] [ LANG ] /www/wwwroot/tlhb.wxjoi.com/public/../application/admin/lang/zh-cn.php
[ info ] [ BEHAVIOR ] Run app\common\behavior\Common @module_init [ RunTime:0.001258s ]
[ info ] [ SESSION ] INIT array (
  'id' => '',
  'var_session_id' => '',
  'prefix' => 'think',
  'type' => '',
  'auto_start' => true,
)
[ info ] [ DB ] INIT mysql
[ info ] [ LANG ] /www/wwwroot/tlhb.wxjoi.com/public/../application/admin/lang/zh-cn/wxuser.php
[ info ] [ RUN ] app\admin\controller\Wxuser->index[ /www/wwwroot/tlhb.wxjoi.com/application/admin/controller/Wxuser.php ]
[ info ] [ BEHAVIOR ] Run app\admin\behavior\AdminLog @app_end [ RunTime:0.000108s ]
[ info ] [ LOG ] INIT File
[ sql ] [ DB ] CONNECT:[ UseTime:0.000414s ] mysql:host=127.0.0.1;dbname=tlhb;charset=utf8
[ sql ] [ SQL ] SHOW COLUMNS FROM `zc_auth_group_access` [ RunTime:0.000836s ]
[ sql ] [ SQL ] SELECT `aga`.`uid`,`aga`.`group_id`,`ag`.`id`,`ag`.`pid`,`ag`.`name`,`ag`.`rules` FROM `zc_auth_group_access` `aga` LEFT JOIN `zc_auth_group` `ag` ON `aga`.`group_id`=`ag`.`id` WHERE  (  aga.uid='2' and ag.status='normal' ) [ RunTime:0.001350s ]
[ sql ] [ SQL ] SHOW COLUMNS FROM `zc_auth_rule` [ RunTime:0.000642s ]
[ sql ] [ SQL ] SELECT `id`,`pid`,`condition`,`icon`,`name`,`title`,`ismenu` FROM `zc_auth_rule` WHERE  `status` = 'normal'  AND `id` IN (8,29,30,31,32,33,34,92,93,94,95,96,97,98,99,100,101,102,103,104,105,106,107,108,109,110,111,112,113,114,115,116,117,118,119,120,121,122,123,124,125,126,127,128,129,130,131,132,133,134,135,136,137,138,139,140,141,142,143,144,145,146,147,148,149,150,151,152,153,154,156,157,158,159,160,161,2) [ RunTime:0.000525s ]
[ sql ] [ SQL ] SHOW COLUMNS FROM `zc_wxuser` [ RunTime:0.001309s ]
[ sql ] [ SQL ] SELECT COUNT(*) AS tp_count FROM `zc_wxuser` WHERE `zc_wxuser`.`deletetime` IS NULL ORDER BY `id` DESC LIMIT 1 [ RunTime:0.001065s ]
[ sql ] [ SQL ] SELECT * FROM `zc_wxuser` WHERE `zc_wxuser`.`deletetime` IS NULL ORDER BY `id` DESC LIMIT 0,10 [ RunTime:0.000267s ]
---------------------------------------------------------------
[ 2019-11-18T14:23:08+08:00 ] 180.112.44.250 GET tlhb.wxjoi.com/admin/pro/index?addtabs=1&sort=id&order=desc&offset=0&limit=10&filter=%7B%7D&op=%7B%7D&_=1574058119286
[运行时间：0.048136s] [吞吐率：20.77req/s] [内存消耗：4,125.98kb] [文件加载：141]
[ info ] [ BEHAVIOR ] Run Closure @app_init [ RunTime:0.000023s ]
[ info ] [ CACHE ] INIT File
[ info ] [ BEHAVIOR ] Run \addons\epay\Epay @app_init [ RunTime:0.001992s ]
[ info ] [ BEHAVIOR ] Run Closure @app_init [ RunTime:0.002014s ]
[ info ] [ LANG ] /www/wwwroot/tlhb.wxjoi.com/thinkphp/lang/zh-cn.php
[ info ] [ ROUTE ] array (
  'type' => 'module',
  'module' => 
  array (
    0 => 'admin',
    1 => 'pro',
    2 => 'index',
  ),
)
[ info ] [ HEADER ] array (
  'cookie' => 'UM_distinctid=16bac874f8c1f0-09e5e261753e08-37c153e-ff000-16bac874f8d4b9; _qddaz=QD.zaqrpu.3mb9u5.jy5c86xy; keeplogin=1%7C86400%7C1573717163%7Cbc95f1b93eb7f6c6afeb29acc7803e65; PHPSESSID=cs3i4kdnv9165ijaog607d3he2',
  'accept-language' => 'zh-CN,zh;q=0.9',
  'accept-encoding' => 'gzip, deflate',
  'referer' => 'http://tlhb.wxjoi.com/admin/pro?addtabs=1',
  'user-agent' => 'Mozilla/5.0 (Windows NT 10.0; Win64; x64) AppleWebKit/537.36 (KHTML, like Gecko) Chrome/75.0.3770.80 Safari/537.36',
  'x-requested-with' => 'XMLHttpRequest',
  'accept' => 'application/json, text/javascript, */*; q=0.01',
  'connection' => 'keep-alive',
  'host' => 'tlhb.wxjoi.com',
  'content-type' => 'application/json',
)
[ info ] [ PARAM ] array (
  'addtabs' => '1',
  'sort' => 'id',
  'order' => 'desc',
  'offset' => '0',
  'limit' => '10',
  'filter' => '{}',
  'op' => '{}',
  '_' => '1574058119286',
)
[ info ] [ LANG ] /www/wwwroot/tlhb.wxjoi.com/public/../application/admin/lang/zh-cn.php
[ info ] [ BEHAVIOR ] Run app\common\behavior\Common @module_init [ RunTime:0.001572s ]
[ info ] [ SESSION ] INIT array (
  'id' => '',
  'var_session_id' => '',
  'prefix' => 'think',
  'type' => '',
  'auto_start' => true,
)
[ info ] [ DB ] INIT mysql
[ info ] [ LANG ] /www/wwwroot/tlhb.wxjoi.com/public/../application/admin/lang/zh-cn/pro.php
[ info ] [ RUN ] app\admin\controller\Pro->index[ /www/wwwroot/tlhb.wxjoi.com/application/admin/controller/Pro.php ]
[ info ] [ BEHAVIOR ] Run app\admin\behavior\AdminLog @app_end [ RunTime:0.000104s ]
[ info ] [ LOG ] INIT File
[ sql ] [ DB ] CONNECT:[ UseTime:0.000450s ] mysql:host=127.0.0.1;dbname=tlhb;charset=utf8
[ sql ] [ SQL ] SHOW COLUMNS FROM `zc_auth_group_access` [ RunTime:0.000863s ]
[ sql ] [ SQL ] SELECT `aga`.`uid`,`aga`.`group_id`,`ag`.`id`,`ag`.`pid`,`ag`.`name`,`ag`.`rules` FROM `zc_auth_group_access` `aga` LEFT JOIN `zc_auth_group` `ag` ON `aga`.`group_id`=`ag`.`id` WHERE  (  aga.uid='2' and ag.status='normal' ) [ RunTime:0.000290s ]
[ sql ] [ SQL ] SHOW COLUMNS FROM `zc_auth_rule` [ RunTime:0.000829s ]
[ sql ] [ SQL ] SELECT `id`,`pid`,`condition`,`icon`,`name`,`title`,`ismenu` FROM `zc_auth_rule` WHERE  `status` = 'normal'  AND `id` IN (8,29,30,31,32,33,34,92,93,94,95,96,97,98,99,100,101,102,103,104,105,106,107,108,109,110,111,112,113,114,115,116,117,118,119,120,121,122,123,124,125,126,127,128,129,130,131,132,133,134,135,136,137,138,139,140,141,142,143,144,145,146,147,148,149,150,151,152,153,154,156,157,158,159,160,161,2) [ RunTime:0.000427s ]
[ sql ] [ SQL ] SHOW COLUMNS FROM `zc_pro` [ RunTime:0.001094s ]
[ sql ] [ SQL ] SELECT COUNT(*) AS tp_count FROM `zc_pro` WHERE `zc_pro`.`deletetime` IS NULL ORDER BY `id` DESC LIMIT 1 [ RunTime:0.000781s ]
[ sql ] [ SQL ] SELECT * FROM `zc_pro` WHERE `zc_pro`.`deletetime` IS NULL ORDER BY `id` DESC LIMIT 0,10 [ RunTime:0.000315s ]
---------------------------------------------------------------
[ 2019-11-18T14:23:09+08:00 ] 180.112.44.250 GET tlhb.wxjoi.com/admin/wxuser/index?addtabs=1&sort=id&order=desc&offset=0&limit=10&filter=%7B%7D&op=%7B%7D&_=1574058120024
[运行时间：0.046979s] [吞吐率：21.29req/s] [内存消耗：4,021.43kb] [文件加载：141]
[ info ] [ BEHAVIOR ] Run Closure @app_init [ RunTime:0.000025s ]
[ info ] [ CACHE ] INIT File
[ info ] [ BEHAVIOR ] Run \addons\epay\Epay @app_init [ RunTime:0.002101s ]
[ info ] [ BEHAVIOR ] Run Closure @app_init [ RunTime:0.002123s ]
[ info ] [ LANG ] /www/wwwroot/tlhb.wxjoi.com/thinkphp/lang/zh-cn.php
[ info ] [ ROUTE ] array (
  'type' => 'module',
  'module' => 
  array (
    0 => 'admin',
    1 => 'wxuser',
    2 => 'index',
  ),
)
[ info ] [ HEADER ] array (
  'cookie' => 'UM_distinctid=16bac874f8c1f0-09e5e261753e08-37c153e-ff000-16bac874f8d4b9; _qddaz=QD.zaqrpu.3mb9u5.jy5c86xy; keeplogin=1%7C86400%7C1573717163%7Cbc95f1b93eb7f6c6afeb29acc7803e65; PHPSESSID=cs3i4kdnv9165ijaog607d3he2',
  'accept-language' => 'zh-CN,zh;q=0.9',
  'accept-encoding' => 'gzip, deflate',
  'referer' => 'http://tlhb.wxjoi.com/admin/wxuser?addtabs=1',
  'user-agent' => 'Mozilla/5.0 (Windows NT 10.0; Win64; x64) AppleWebKit/537.36 (KHTML, like Gecko) Chrome/75.0.3770.80 Safari/537.36',
  'x-requested-with' => 'XMLHttpRequest',
  'accept' => 'application/json, text/javascript, */*; q=0.01',
  'connection' => 'keep-alive',
  'host' => 'tlhb.wxjoi.com',
  'content-type' => 'application/json',
)
[ info ] [ PARAM ] array (
  'addtabs' => '1',
  'sort' => 'id',
  'order' => 'desc',
  'offset' => '0',
  'limit' => '10',
  'filter' => '{}',
  'op' => '{}',
  '_' => '1574058120024',
)
[ info ] [ LANG ] /www/wwwroot/tlhb.wxjoi.com/public/../application/admin/lang/zh-cn.php
[ info ] [ BEHAVIOR ] Run app\common\behavior\Common @module_init [ RunTime:0.001326s ]
[ info ] [ SESSION ] INIT array (
  'id' => '',
  'var_session_id' => '',
  'prefix' => 'think',
  'type' => '',
  'auto_start' => true,
)
[ info ] [ DB ] INIT mysql
[ info ] [ LANG ] /www/wwwroot/tlhb.wxjoi.com/public/../application/admin/lang/zh-cn/wxuser.php
[ info ] [ RUN ] app\admin\controller\Wxuser->index[ /www/wwwroot/tlhb.wxjoi.com/application/admin/controller/Wxuser.php ]
[ info ] [ BEHAVIOR ] Run app\admin\behavior\AdminLog @app_end [ RunTime:0.000101s ]
[ info ] [ LOG ] INIT File
[ sql ] [ DB ] CONNECT:[ UseTime:0.000492s ] mysql:host=127.0.0.1;dbname=tlhb;charset=utf8
[ sql ] [ SQL ] SHOW COLUMNS FROM `zc_auth_group_access` [ RunTime:0.000802s ]
[ sql ] [ SQL ] SELECT `aga`.`uid`,`aga`.`group_id`,`ag`.`id`,`ag`.`pid`,`ag`.`name`,`ag`.`rules` FROM `zc_auth_group_access` `aga` LEFT JOIN `zc_auth_group` `ag` ON `aga`.`group_id`=`ag`.`id` WHERE  (  aga.uid='2' and ag.status='normal' ) [ RunTime:0.000979s ]
[ sql ] [ SQL ] SHOW COLUMNS FROM `zc_auth_rule` [ RunTime:0.000676s ]
[ sql ] [ SQL ] SELECT `id`,`pid`,`condition`,`icon`,`name`,`title`,`ismenu` FROM `zc_auth_rule` WHERE  `status` = 'normal'  AND `id` IN (8,29,30,31,32,33,34,92,93,94,95,96,97,98,99,100,101,102,103,104,105,106,107,108,109,110,111,112,113,114,115,116,117,118,119,120,121,122,123,124,125,126,127,128,129,130,131,132,133,134,135,136,137,138,139,140,141,142,143,144,145,146,147,148,149,150,151,152,153,154,156,157,158,159,160,161,2) [ RunTime:0.000454s ]
[ sql ] [ SQL ] SHOW COLUMNS FROM `zc_wxuser` [ RunTime:0.000894s ]
[ sql ] [ SQL ] SELECT COUNT(*) AS tp_count FROM `zc_wxuser` WHERE `zc_wxuser`.`deletetime` IS NULL ORDER BY `id` DESC LIMIT 1 [ RunTime:0.000211s ]
[ sql ] [ SQL ] SELECT * FROM `zc_wxuser` WHERE `zc_wxuser`.`deletetime` IS NULL ORDER BY `id` DESC LIMIT 0,10 [ RunTime:0.000193s ]
---------------------------------------------------------------
[ 2019-11-18T14:23:18+08:00 ] 180.112.44.250 GET tlhb.wxjoi.com/admin/wxuser/index?addtabs=1&sort=id&order=desc&offset=0&limit=71&filter=%7B%7D&op=%7B%7D&_=1574058120025
[运行时间：0.049603s] [吞吐率：20.16req/s] [内存消耗：4,065.29kb] [文件加载：141]
[ info ] [ BEHAVIOR ] Run Closure @app_init [ RunTime:0.000040s ]
[ info ] [ CACHE ] INIT File
[ info ] [ BEHAVIOR ] Run \addons\epay\Epay @app_init [ RunTime:0.002232s ]
[ info ] [ BEHAVIOR ] Run Closure @app_init [ RunTime:0.002255s ]
[ info ] [ LANG ] /www/wwwroot/tlhb.wxjoi.com/thinkphp/lang/zh-cn.php
[ info ] [ ROUTE ] array (
  'type' => 'module',
  'module' => 
  array (
    0 => 'admin',
    1 => 'wxuser',
    2 => 'index',
  ),
)
[ info ] [ HEADER ] array (
  'cookie' => 'UM_distinctid=16bac874f8c1f0-09e5e261753e08-37c153e-ff000-16bac874f8d4b9; _qddaz=QD.zaqrpu.3mb9u5.jy5c86xy; keeplogin=1%7C86400%7C1573717163%7Cbc95f1b93eb7f6c6afeb29acc7803e65; PHPSESSID=cs3i4kdnv9165ijaog607d3he2',
  'accept-language' => 'zh-CN,zh;q=0.9',
  'accept-encoding' => 'gzip, deflate',
  'referer' => 'http://tlhb.wxjoi.com/admin/wxuser?addtabs=1',
  'user-agent' => 'Mozilla/5.0 (Windows NT 10.0; Win64; x64) AppleWebKit/537.36 (KHTML, like Gecko) Chrome/75.0.3770.80 Safari/537.36',
  'x-requested-with' => 'XMLHttpRequest',
  'accept' => 'application/json, text/javascript, */*; q=0.01',
  'connection' => 'keep-alive',
  'host' => 'tlhb.wxjoi.com',
  'content-type' => 'application/json',
)
[ info ] [ PARAM ] array (
  'addtabs' => '1',
  'sort' => 'id',
  'order' => 'desc',
  'offset' => '0',
  'limit' => '71',
  'filter' => '{}',
  'op' => '{}',
  '_' => '1574058120025',
)
[ info ] [ LANG ] /www/wwwroot/tlhb.wxjoi.com/public/../application/admin/lang/zh-cn.php
[ info ] [ BEHAVIOR ] Run app\common\behavior\Common @module_init [ RunTime:0.001429s ]
[ info ] [ SESSION ] INIT array (
  'id' => '',
  'var_session_id' => '',
  'prefix' => 'think',
  'type' => '',
  'auto_start' => true,
)
[ info ] [ DB ] INIT mysql
[ info ] [ LANG ] /www/wwwroot/tlhb.wxjoi.com/public/../application/admin/lang/zh-cn/wxuser.php
[ info ] [ RUN ] app\admin\controller\Wxuser->index[ /www/wwwroot/tlhb.wxjoi.com/application/admin/controller/Wxuser.php ]
[ info ] [ BEHAVIOR ] Run app\admin\behavior\AdminLog @app_end [ RunTime:0.000109s ]
[ info ] [ LOG ] INIT File
[ sql ] [ DB ] CONNECT:[ UseTime:0.000477s ] mysql:host=127.0.0.1;dbname=tlhb;charset=utf8
[ sql ] [ SQL ] SHOW COLUMNS FROM `zc_auth_group_access` [ RunTime:0.000790s ]
[ sql ] [ SQL ] SELECT `aga`.`uid`,`aga`.`group_id`,`ag`.`id`,`ag`.`pid`,`ag`.`name`,`ag`.`rules` FROM `zc_auth_group_access` `aga` LEFT JOIN `zc_auth_group` `ag` ON `aga`.`group_id`=`ag`.`id` WHERE  (  aga.uid='2' and ag.status='normal' ) [ RunTime:0.000270s ]
[ sql ] [ SQL ] SHOW COLUMNS FROM `zc_auth_rule` [ RunTime:0.000619s ]
[ sql ] [ SQL ] SELECT `id`,`pid`,`condition`,`icon`,`name`,`title`,`ismenu` FROM `zc_auth_rule` WHERE  `status` = 'normal'  AND `id` IN (8,29,30,31,32,33,34,92,93,94,95,96,97,98,99,100,101,102,103,104,105,106,107,108,109,110,111,112,113,114,115,116,117,118,119,120,121,122,123,124,125,126,127,128,129,130,131,132,133,134,135,136,137,138,139,140,141,142,143,144,145,146,147,148,149,150,151,152,153,154,156,157,158,159,160,161,2) [ RunTime:0.000410s ]
[ sql ] [ SQL ] SHOW COLUMNS FROM `zc_wxuser` [ RunTime:0.000981s ]
[ sql ] [ SQL ] SELECT COUNT(*) AS tp_count FROM `zc_wxuser` WHERE `zc_wxuser`.`deletetime` IS NULL ORDER BY `id` DESC LIMIT 1 [ RunTime:0.000817s ]
[ sql ] [ SQL ] SELECT * FROM `zc_wxuser` WHERE `zc_wxuser`.`deletetime` IS NULL ORDER BY `id` DESC LIMIT 0,71 [ RunTime:0.000471s ]
